[0.018s] Invoking command in '/home/hossam-omar/nav2_ws/build/turtlebot3_gazebo': CMAKE_PREFIX_PATH=${CMAKE_PREFIX_PATH}:/home/hossam-omar/ros2_ws/install/rtabmap_python:/opt/ros/humble /usr/bin/cmake /home/hossam-omar/nav2_ws/src/turtlebot3_gazebo -DAMENT_CMAKE_SYMLINK_INSTALL=1 -DCMAKE_INSTALL_PREFIX=/home/hossam-omar/nav2_ws/install/turtlebot3_gazebo
[0.029s] -- Found ament_cmake: 1.3.12 (/opt/ros/humble/share/ament_cmake/cmake)
[0.132s] -- Override CMake install command with custom implementation using symlinks instead of copying resources
[0.142s] [33mCMake Warning (dev) at /usr/share/cmake-3.22/Modules/FindPackageHandleStandardArgs.cmake:438 (message):
[0.143s]   The package name passed to `find_package_handle_standard_args` (PkgConfig)
[0.143s]   does not match the name of the calling package (gazebo).  This can lead to
[0.143s]   problems in calling code that expects `find_package` result variables
[0.143s]   (e.g., `_FOUND`) to follow a certain pattern.
[0.143s] Call Stack (most recent call first):
[0.143s]   /usr/share/cmake-3.22/Modules/FindPkgConfig.cmake:99 (find_package_handle_standard_args)
[0.143s]   /usr/lib/x86_64-linux-gnu/cmake/gazebo/gazebo-config.cmake:72 (include)
[0.143s]   CMakeLists.txt:23 (find_package)
[0.143s] This warning is for project developers.  Use -Wno-dev to suppress it.
[0.143s] [0m
[0.163s] -- Found DART: /usr/include (Required is at least version "6.6") found components: dart 
[0.190s] -- Found Protobuf: /usr/lib/x86_64-linux-gnu/libprotobuf.so (found version "3.12.4") 
[0.191s] -- Looking for ignition-math6 -- found version 6.15.1
[0.194s] -- Searching for dependencies of ignition-math6
[0.195s] -- Looking for OGRE...
[0.201s] -- Found Ogre Ghadamon (1.9.0)
[0.201s] -- Found OGRE: optimized;/usr/lib/x86_64-linux-gnu/libOgreMain.so;debug;/usr/lib/x86_64-linux-gnu/libOgreMain.so
[0.208s] -- Looking for OGRE_Paging...
[0.208s] -- Found OGRE_Paging: optimized;/usr/lib/x86_64-linux-gnu/libOgrePaging.so;debug;/usr/lib/x86_64-linux-gnu/libOgrePaging.so
[0.209s] -- Looking for OGRE_Terrain...
[0.209s] -- Found OGRE_Terrain: optimized;/usr/lib/x86_64-linux-gnu/libOgreTerrain.so;debug;/usr/lib/x86_64-linux-gnu/libOgreTerrain.so
[0.209s] -- Looking for OGRE_Property...
[0.209s] -- Found OGRE_Property: optimized;/usr/lib/x86_64-linux-gnu/libOgreProperty.so;debug;/usr/lib/x86_64-linux-gnu/libOgreProperty.so
[0.209s] -- Looking for OGRE_RTShaderSystem...
[0.209s] -- Found OGRE_RTShaderSystem: optimized;/usr/lib/x86_64-linux-gnu/libOgreRTShaderSystem.so;debug;/usr/lib/x86_64-linux-gnu/libOgreRTShaderSystem.so
[0.209s] -- Looking for OGRE_Volume...
[0.209s] -- Found OGRE_Volume: optimized;/usr/lib/x86_64-linux-gnu/libOgreVolume.so;debug;/usr/lib/x86_64-linux-gnu/libOgreVolume.so
[0.209s] -- Looking for OGRE_Overlay...
[0.209s] -- Found OGRE_Overlay: optimized;/usr/lib/x86_64-linux-gnu/libOgreOverlay.so;debug;/usr/lib/x86_64-linux-gnu/libOgreOverlay.so
[0.367s] -- Looking for ignition-math6 -- found version 6.15.1
[0.367s] -- Looking for ignition-transport8 -- found version 8.2.1
[0.368s] -- Searching for dependencies of ignition-transport8
[0.389s] -- Found Protobuf: /usr/lib/x86_64-linux-gnu/libprotobuf.so (found suitable version "3.12.4", minimum required is "3") 
[0.405s] -- Config-file not installed for ZeroMQ -- checking for pkg-config
[0.409s] -- Checking for module 'libzmq >= 4'
[0.425s] --   Found libzmq , version 4.3.4
[0.467s] -- Checking for module 'uuid'
[0.481s] --   Found uuid, version 2.37.2
[0.515s] -- Looking for ignition-msgs5 -- found version 5.8.1
[0.515s] -- Searching for dependencies of ignition-msgs5
[0.538s] -- Looking for ignition-math6 -- found version 6.15.1
[0.543s] -- Checking for module 'tinyxml2'
[0.559s] --   Found tinyxml2, version 9.0.0
[0.597s] -- Looking for ignition-msgs5 -- found version 5.8.1
[0.598s] -- Looking for ignition-common3 -- found version 3.14.0
[0.598s] -- Searching for dependencies of ignition-common3
[0.598s] -- Looking for dlfcn.h - found
[0.598s] -- Looking for libdl - found
[0.610s] -- Searching for <ignition-common3> component [graphics]
[0.610s] -- Looking for ignition-common3-graphics -- found version 3.14.0
[0.610s] -- Searching for dependencies of ignition-common3-graphics
[0.611s] -- Looking for ignition-math6 -- found version 6.15.1
[0.611s] -- Looking for ignition-fuel_tools4 -- found version 4.4.0
[0.612s] -- Searching for dependencies of ignition-fuel_tools4
[0.658s] -- Checking for module 'jsoncpp'
[0.675s] --   Found jsoncpp, version 1.9.5
[0.719s] -- Checking for module 'libzip'
[0.734s] --   Found libzip, version 1.7.3
[0.773s] -- Looking for ignition-common3 -- found version 3.14.0
[0.773s] -- Looking for ignition-math6 -- found version 6.15.1
[0.773s] -- Looking for ignition-msgs5 -- found version 5.8.1
[0.775s] -- Found gazebo_ros_pkgs: 3.9.0 (/opt/ros/humble/share/gazebo_ros_pkgs/cmake)
[0.775s] -- Found geometry_msgs: 4.9.0 (/opt/ros/humble/share/geometry_msgs/cmake)
[0.791s] -- Found rosidl_generator_c: 3.1.7 (/opt/ros/humble/share/rosidl_generator_c/cmake)
[0.793s] -- Found rosidl_adapter: 3.1.7 (/opt/ros/humble/share/rosidl_adapter/cmake)
[0.798s] -- Found rosidl_generator_cpp: 3.1.7 (/opt/ros/humble/share/rosidl_generator_cpp/cmake)
[0.807s] -- Using all available rosidl_typesupport_c: rosidl_typesupport_fastrtps_c;rosidl_typesupport_introspection_c
[0.817s] -- Using all available rosidl_typesupport_cpp: rosidl_typesupport_fastrtps_cpp;rosidl_typesupport_introspection_cpp
[0.847s] -- Found nav_msgs: 4.9.0 (/opt/ros/humble/share/nav_msgs/cmake)
[0.860s] -- Found rclcpp: 16.0.14 (/opt/ros/humble/share/rclcpp/cmake)
[0.880s] -- Found rmw_implementation_cmake: 6.1.2 (/opt/ros/humble/share/rmw_implementation_cmake/cmake)
[0.881s] -- Found rmw_cyclonedds_cpp: 1.3.4 (/opt/ros/humble/share/rmw_cyclonedds_cpp/cmake)
[0.896s] -- Using RMW implementation 'rmw_cyclonedds_cpp' as default
[0.925s] -- Found sensor_msgs: 4.9.0 (/opt/ros/humble/share/sensor_msgs/cmake)
[0.938s] -- Found tf2: 0.25.15 (/opt/ros/humble/share/tf2/cmake)
[1.004s] -- Configuring done
[1.053s] -- Generating done
[1.061s] -- Build files have been written to: /home/hossam-omar/nav2_ws/build/turtlebot3_gazebo
[1.072s] Invoked command in '/home/hossam-omar/nav2_ws/build/turtlebot3_gazebo' returned '0': CMAKE_PREFIX_PATH=${CMAKE_PREFIX_PATH}:/home/hossam-omar/ros2_ws/install/rtabmap_python:/opt/ros/humble /usr/bin/cmake /home/hossam-omar/nav2_ws/src/turtlebot3_gazebo -DAMENT_CMAKE_SYMLINK_INSTALL=1 -DCMAKE_INSTALL_PREFIX=/home/hossam-omar/nav2_ws/install/turtlebot3_gazebo
[1.073s] Invoking command in '/home/hossam-omar/nav2_ws/build/turtlebot3_gazebo': CMAKE_PREFIX_PATH=${CMAKE_PREFIX_PATH}:/home/hossam-omar/ros2_ws/install/rtabmap_python:/opt/ros/humble /usr/bin/cmake --build /home/hossam-omar/nav2_ws/build/turtlebot3_gazebo
[1.115s] [35m[1mConsolidate compiler generated dependencies of target turtlebot3_drive[0m
[1.116s] [35m[1mConsolidate compiler generated dependencies of target traffic_light_plugin[0m
[1.134s] [  8%] [32m[1mLinking CXX executable turtlebot3_drive[0m
[1.149s] [ 25%] Built target traffic_light_plugin
[1.163s] [35m[1mConsolidate compiler generated dependencies of target traffic_bar_plugin[0m
[1.196s] [ 41%] Built target traffic_bar_plugin
[1.210s] [35m[1mConsolidate compiler generated dependencies of target obstacle1[0m
[1.244s] [ 58%] Built target obstacle1
[1.258s] [35m[1mConsolidate compiler generated dependencies of target obstacle2[0m
[1.291s] [ 75%] Built target obstacle2
[1.305s] [35m[1mConsolidate compiler generated dependencies of target obstacles[0m
[1.338s] [ 91%] Built target obstacles
[1.534s] [100%] Built target turtlebot3_drive
[1.545s] Invoked command in '/home/hossam-omar/nav2_ws/build/turtlebot3_gazebo' returned '0': CMAKE_PREFIX_PATH=${CMAKE_PREFIX_PATH}:/home/hossam-omar/ros2_ws/install/rtabmap_python:/opt/ros/humble /usr/bin/cmake --build /home/hossam-omar/nav2_ws/build/turtlebot3_gazebo
[1.546s] Invoking command in '/home/hossam-omar/nav2_ws/build/turtlebot3_gazebo': CMAKE_PREFIX_PATH=${CMAKE_PREFIX_PATH}:/home/hossam-omar/ros2_ws/install/rtabmap_python:/opt/ros/humble /usr/bin/cmake --install /home/hossam-omar/nav2_ws/build/turtlebot3_gazebo
[1.553s] -- Install configuration: ""
[1.554s] -- Execute custom install script
[1.554s] -- Symlinking: /home/hossam-omar/nav2_ws/install/turtlebot3_gazebo/lib/turtlebot3_gazebo/turtlebot3_drive
[1.562s] -- Symlinking: /home/hossam-omar/nav2_ws/install/turtlebot3_gazebo/share/turtlebot3_gazebo//launch/empty_world.launch.py
[1.570s] -- Symlinking: /home/hossam-omar/nav2_ws/install/turtlebot3_gazebo/share/turtlebot3_gazebo//launch/multi_robot.launch.py
[1.578s] -- Symlinking: /home/hossam-omar/nav2_ws/install/turtlebot3_gazebo/share/turtlebot3_gazebo//launch/multi_spawn_turtlebot3.launch.py
[1.586s] -- Symlinking: /home/hossam-omar/nav2_ws/install/turtlebot3_gazebo/share/turtlebot3_gazebo//launch/robot_state_publisher.launch.py
[1.594s] -- Symlinking: /home/hossam-omar/nav2_ws/install/turtlebot3_gazebo/share/turtlebot3_gazebo//launch/spawn_turtlebot3.launch.py
[1.602s] -- Symlinking: /home/hossam-omar/nav2_ws/install/turtlebot3_gazebo/share/turtlebot3_gazebo//launch/turtlebot3_autorace_2020.launch.py
[1.610s] -- Symlinking: /home/hossam-omar/nav2_ws/install/turtlebot3_gazebo/share/turtlebot3_gazebo//launch/turtlebot3_dqn_stage1.launch.py
[1.618s] -- Symlinking: /home/hossam-omar/nav2_ws/install/turtlebot3_gazebo/share/turtlebot3_gazebo//launch/turtlebot3_dqn_stage2.launch.py
[1.626s] -- Symlinking: /home/hossam-omar/nav2_ws/install/turtlebot3_gazebo/share/turtlebot3_gazebo//launch/turtlebot3_dqn_stage3.launch.py
[1.634s] -- Symlinking: /home/hossam-omar/nav2_ws/install/turtlebot3_gazebo/share/turtlebot3_gazebo//launch/turtlebot3_dqn_stage4.launch.py
[1.642s] -- Symlinking: /home/hossam-omar/nav2_ws/install/turtlebot3_gazebo/share/turtlebot3_gazebo//launch/turtlebot3_house.launch.py
[1.649s] -- Symlinking: /home/hossam-omar/nav2_ws/install/turtlebot3_gazebo/share/turtlebot3_gazebo//launch/turtlebot3_my_house.launch.py
[1.657s] -- Symlinking: /home/hossam-omar/nav2_ws/install/turtlebot3_gazebo/share/turtlebot3_gazebo//launch/turtlebot3_world.launch.py
[1.673s] -- Symlinking: /home/hossam-omar/nav2_ws/install/turtlebot3_gazebo/share/turtlebot3_gazebo//models/turtlebot3_autorace_2020/checker/materials/checker.png
[1.681s] -- Symlinking: /home/hossam-omar/nav2_ws/install/turtlebot3_gazebo/share/turtlebot3_gazebo//models/turtlebot3_autorace_2020/checker/materials/scripts/checker.material
[1.690s] -- Symlinking: /home/hossam-omar/nav2_ws/install/turtlebot3_gazebo/share/turtlebot3_gazebo//models/turtlebot3_autorace_2020/checker/materials/textures/checker.png
[1.698s] -- Symlinking: /home/hossam-omar/nav2_ws/install/turtlebot3_gazebo/share/turtlebot3_gazebo//models/turtlebot3_autorace_2020/checker/model.config
[1.706s] -- Symlinking: /home/hossam-omar/nav2_ws/install/turtlebot3_gazebo/share/turtlebot3_gazebo//models/turtlebot3_autorace_2020/checker/model.sdf
[1.714s] -- Symlinking: /home/hossam-omar/nav2_ws/install/turtlebot3_gazebo/share/turtlebot3_gazebo//models/turtlebot3_autorace_2020/course/materials/scripts/course.material
[1.722s] -- Symlinking: /home/hossam-omar/nav2_ws/install/turtlebot3_gazebo/share/turtlebot3_gazebo//models/turtlebot3_autorace_2020/course/materials/textures/course.png
[1.731s] -- Symlinking: /home/hossam-omar/nav2_ws/install/turtlebot3_gazebo/share/turtlebot3_gazebo//models/turtlebot3_autorace_2020/course/model.config
[1.739s] -- Symlinking: /home/hossam-omar/nav2_ws/install/turtlebot3_gazebo/share/turtlebot3_gazebo//models/turtlebot3_autorace_2020/course/model.sdf
[1.747s] -- Symlinking: /home/hossam-omar/nav2_ws/install/turtlebot3_gazebo/share/turtlebot3_gazebo//models/turtlebot3_autorace_2020/traffic_bar/materials/scripts/traffic_bar.material
[1.755s] -- Symlinking: /home/hossam-omar/nav2_ws/install/turtlebot3_gazebo/share/turtlebot3_gazebo//models/turtlebot3_autorace_2020/traffic_bar/materials/textures/traffic_bar.png
[1.763s] -- Symlinking: /home/hossam-omar/nav2_ws/install/turtlebot3_gazebo/share/turtlebot3_gazebo//models/turtlebot3_autorace_2020/traffic_bar/model.config
[1.771s] -- Symlinking: /home/hossam-omar/nav2_ws/install/turtlebot3_gazebo/share/turtlebot3_gazebo//models/turtlebot3_autorace_2020/traffic_bar/model.sdf
[1.779s] -- Symlinking: /home/hossam-omar/nav2_ws/install/turtlebot3_gazebo/share/turtlebot3_gazebo//models/turtlebot3_autorace_2020/traffic_construction/materials/scripts/traffic_construction.material
[1.788s] -- Symlinking: /home/hossam-omar/nav2_ws/install/turtlebot3_gazebo/share/turtlebot3_gazebo//models/turtlebot3_autorace_2020/traffic_construction/materials/textures/traffic_construction.png
[1.796s] -- Symlinking: /home/hossam-omar/nav2_ws/install/turtlebot3_gazebo/share/turtlebot3_gazebo//models/turtlebot3_autorace_2020/traffic_construction/model.config
[1.803s] -- Symlinking: /home/hossam-omar/nav2_ws/install/turtlebot3_gazebo/share/turtlebot3_gazebo//models/turtlebot3_autorace_2020/traffic_construction/model.sdf
[1.812s] -- Symlinking: /home/hossam-omar/nav2_ws/install/turtlebot3_gazebo/share/turtlebot3_gazebo//models/turtlebot3_autorace_2020/traffic_intersection/materials/scripts/traffic_intersection.material
[1.820s] -- Symlinking: /home/hossam-omar/nav2_ws/install/turtlebot3_gazebo/share/turtlebot3_gazebo//models/turtlebot3_autorace_2020/traffic_intersection/materials/textures/traffic_intersection.png
[1.828s] -- Symlinking: /home/hossam-omar/nav2_ws/install/turtlebot3_gazebo/share/turtlebot3_gazebo//models/turtlebot3_autorace_2020/traffic_intersection/model.config
[1.836s] -- Symlinking: /home/hossam-omar/nav2_ws/install/turtlebot3_gazebo/share/turtlebot3_gazebo//models/turtlebot3_autorace_2020/traffic_intersection/model.sdf
[1.844s] -- Symlinking: /home/hossam-omar/nav2_ws/install/turtlebot3_gazebo/share/turtlebot3_gazebo//models/turtlebot3_autorace_2020/traffic_left/materials/scripts/traffic_is_left.material
[1.852s] -- Symlinking: /home/hossam-omar/nav2_ws/install/turtlebot3_gazebo/share/turtlebot3_gazebo//models/turtlebot3_autorace_2020/traffic_left/materials/textures/traffic_left.png
[1.860s] -- Symlinking: /home/hossam-omar/nav2_ws/install/turtlebot3_gazebo/share/turtlebot3_gazebo//models/turtlebot3_autorace_2020/traffic_left/model.config
[1.867s] -- Symlinking: /home/hossam-omar/nav2_ws/install/turtlebot3_gazebo/share/turtlebot3_gazebo//models/turtlebot3_autorace_2020/traffic_left/model.sdf
[1.875s] -- Symlinking: /home/hossam-omar/nav2_ws/install/turtlebot3_gazebo/share/turtlebot3_gazebo//models/turtlebot3_autorace_2020/traffic_light/materials/scripts/traffic_light.material
[1.883s] -- Symlinking: /home/hossam-omar/nav2_ws/install/turtlebot3_gazebo/share/turtlebot3_gazebo//models/turtlebot3_autorace_2020/traffic_light/materials/textures/traffic_light.png
[1.891s] -- Symlinking: /home/hossam-omar/nav2_ws/install/turtlebot3_gazebo/share/turtlebot3_gazebo//models/turtlebot3_autorace_2020/traffic_light/materials/textures/traffic_light_green.png
[1.899s] -- Symlinking: /home/hossam-omar/nav2_ws/install/turtlebot3_gazebo/share/turtlebot3_gazebo//models/turtlebot3_autorace_2020/traffic_light/materials/textures/traffic_light_red.png
[1.907s] -- Symlinking: /home/hossam-omar/nav2_ws/install/turtlebot3_gazebo/share/turtlebot3_gazebo//models/turtlebot3_autorace_2020/traffic_light/materials/textures/traffic_light_yellow.png
[1.914s] -- Symlinking: /home/hossam-omar/nav2_ws/install/turtlebot3_gazebo/share/turtlebot3_gazebo//models/turtlebot3_autorace_2020/traffic_light/model.config
[1.922s] -- Symlinking: /home/hossam-omar/nav2_ws/install/turtlebot3_gazebo/share/turtlebot3_gazebo//models/turtlebot3_autorace_2020/traffic_light/model.sdf
[1.931s] -- Symlinking: /home/hossam-omar/nav2_ws/install/turtlebot3_gazebo/share/turtlebot3_gazebo//models/turtlebot3_autorace_2020/traffic_noentry/materials/scripts/traffic_noentry.material
[1.939s] -- Symlinking: /home/hossam-omar/nav2_ws/install/turtlebot3_gazebo/share/turtlebot3_gazebo//models/turtlebot3_autorace_2020/traffic_noentry/materials/textures/traffic_noentry.png
[1.947s] -- Symlinking: /home/hossam-omar/nav2_ws/install/turtlebot3_gazebo/share/turtlebot3_gazebo//models/turtlebot3_autorace_2020/traffic_noentry/model.config
[1.955s] -- Symlinking: /home/hossam-omar/nav2_ws/install/turtlebot3_gazebo/share/turtlebot3_gazebo//models/turtlebot3_autorace_2020/traffic_noentry/model.sdf
[1.963s] -- Symlinking: /home/hossam-omar/nav2_ws/install/turtlebot3_gazebo/share/turtlebot3_gazebo//models/turtlebot3_autorace_2020/traffic_parking/materials/scripts/traffic_parking.material
[1.971s] -- Symlinking: /home/hossam-omar/nav2_ws/install/turtlebot3_gazebo/share/turtlebot3_gazebo//models/turtlebot3_autorace_2020/traffic_parking/materials/textures/traffic_parking.png
[1.979s] -- Symlinking: /home/hossam-omar/nav2_ws/install/turtlebot3_gazebo/share/turtlebot3_gazebo//models/turtlebot3_autorace_2020/traffic_parking/model.config
[1.987s] -- Symlinking: /home/hossam-omar/nav2_ws/install/turtlebot3_gazebo/share/turtlebot3_gazebo//models/turtlebot3_autorace_2020/traffic_parking/model.sdf
[1.994s] -- Symlinking: /home/hossam-omar/nav2_ws/install/turtlebot3_gazebo/share/turtlebot3_gazebo//models/turtlebot3_autorace_2020/traffic_pl_left/materials/scripts/traffic_pl_left.material
[2.003s] -- Symlinking: /home/hossam-omar/nav2_ws/install/turtlebot3_gazebo/share/turtlebot3_gazebo//models/turtlebot3_autorace_2020/traffic_pl_left/materials/textures/traffic_pl_left.png
[2.010s] -- Symlinking: /home/hossam-omar/nav2_ws/install/turtlebot3_gazebo/share/turtlebot3_gazebo//models/turtlebot3_autorace_2020/traffic_pl_left/model.config
[2.018s] -- Symlinking: /home/hossam-omar/nav2_ws/install/turtlebot3_gazebo/share/turtlebot3_gazebo//models/turtlebot3_autorace_2020/traffic_pl_left/model.sdf
[2.027s] -- Symlinking: /home/hossam-omar/nav2_ws/install/turtlebot3_gazebo/share/turtlebot3_gazebo//models/turtlebot3_autorace_2020/traffic_right/materials/scripts/traffic_right.material
[2.036s] -- Symlinking: /home/hossam-omar/nav2_ws/install/turtlebot3_gazebo/share/turtlebot3_gazebo//models/turtlebot3_autorace_2020/traffic_right/materials/textures/traffic_right.png
[2.043s] -- Symlinking: /home/hossam-omar/nav2_ws/install/turtlebot3_gazebo/share/turtlebot3_gazebo//models/turtlebot3_autorace_2020/traffic_right/model.config
[2.051s] -- Symlinking: /home/hossam-omar/nav2_ws/install/turtlebot3_gazebo/share/turtlebot3_gazebo//models/turtlebot3_autorace_2020/traffic_right/model.sdf
[2.060s] -- Symlinking: /home/hossam-omar/nav2_ws/install/turtlebot3_gazebo/share/turtlebot3_gazebo//models/turtlebot3_autorace_2020/traffic_stop/materials/scripts/traffic_stop.material
[2.068s] -- Symlinking: /home/hossam-omar/nav2_ws/install/turtlebot3_gazebo/share/turtlebot3_gazebo//models/turtlebot3_autorace_2020/traffic_stop/materials/textures/traffic_stop.png
[2.075s] -- Symlinking: /home/hossam-omar/nav2_ws/install/turtlebot3_gazebo/share/turtlebot3_gazebo//models/turtlebot3_autorace_2020/traffic_stop/model.config
[2.083s] -- Symlinking: /home/hossam-omar/nav2_ws/install/turtlebot3_gazebo/share/turtlebot3_gazebo//models/turtlebot3_autorace_2020/traffic_stop/model.sdf
[2.091s] -- Symlinking: /home/hossam-omar/nav2_ws/install/turtlebot3_gazebo/share/turtlebot3_gazebo//models/turtlebot3_autorace_2020/traffic_tunnel/materials/scripts/tunnel.material
[2.099s] -- Symlinking: /home/hossam-omar/nav2_ws/install/turtlebot3_gazebo/share/turtlebot3_gazebo//models/turtlebot3_autorace_2020/traffic_tunnel/materials/textures/tunnel.png
[2.107s] -- Symlinking: /home/hossam-omar/nav2_ws/install/turtlebot3_gazebo/share/turtlebot3_gazebo//models/turtlebot3_autorace_2020/traffic_tunnel/model.config
[2.115s] -- Symlinking: /home/hossam-omar/nav2_ws/install/turtlebot3_gazebo/share/turtlebot3_gazebo//models/turtlebot3_autorace_2020/traffic_tunnel/model.sdf
[2.124s] -- Symlinking: /home/hossam-omar/nav2_ws/install/turtlebot3_gazebo/share/turtlebot3_gazebo//models/turtlebot3_burger/model-1_4.sdf
[2.132s] -- Symlinking: /home/hossam-omar/nav2_ws/install/turtlebot3_gazebo/share/turtlebot3_gazebo//models/turtlebot3_burger/model.config
[2.140s] -- Symlinking: /home/hossam-omar/nav2_ws/install/turtlebot3_gazebo/share/turtlebot3_gazebo//models/turtlebot3_burger/model.sdf
[2.148s] -- Symlinking: /home/hossam-omar/nav2_ws/install/turtlebot3_gazebo/share/turtlebot3_gazebo//models/turtlebot3_burger_cam/model-1_4.sdf
[2.155s] -- Symlinking: /home/hossam-omar/nav2_ws/install/turtlebot3_gazebo/share/turtlebot3_gazebo//models/turtlebot3_burger_cam/model.config
[2.163s] -- Symlinking: /home/hossam-omar/nav2_ws/install/turtlebot3_gazebo/share/turtlebot3_gazebo//models/turtlebot3_burger_cam/model.sdf
[2.172s] -- Symlinking: /home/hossam-omar/nav2_ws/install/turtlebot3_gazebo/share/turtlebot3_gazebo//models/turtlebot3_common/meshes/bases/burger_base.stl
[2.179s] -- Symlinking: /home/hossam-omar/nav2_ws/install/turtlebot3_gazebo/share/turtlebot3_gazebo//models/turtlebot3_common/meshes/bases/waffle_base.stl
[2.187s] -- Symlinking: /home/hossam-omar/nav2_ws/install/turtlebot3_gazebo/share/turtlebot3_gazebo//models/turtlebot3_common/meshes/bases/waffle_pi_base.stl
[2.195s] -- Symlinking: /home/hossam-omar/nav2_ws/install/turtlebot3_gazebo/share/turtlebot3_gazebo//models/turtlebot3_common/meshes/burger_base.dae
[2.203s] -- Symlinking: /home/hossam-omar/nav2_ws/install/turtlebot3_gazebo/share/turtlebot3_gazebo//models/turtlebot3_common/meshes/lds.dae
[2.211s] -- Symlinking: /home/hossam-omar/nav2_ws/install/turtlebot3_gazebo/share/turtlebot3_gazebo//models/turtlebot3_common/meshes/r200.dae
[2.219s] -- Symlinking: /home/hossam-omar/nav2_ws/install/turtlebot3_gazebo/share/turtlebot3_gazebo//models/turtlebot3_common/meshes/sensors/astra.dae
[2.228s] -- Symlinking: /home/hossam-omar/nav2_ws/install/turtlebot3_gazebo/share/turtlebot3_gazebo//models/turtlebot3_common/meshes/sensors/astra.jpg
[2.236s] -- Symlinking: /home/hossam-omar/nav2_ws/install/turtlebot3_gazebo/share/turtlebot3_gazebo//models/turtlebot3_common/meshes/sensors/lds.stl
[2.244s] -- Symlinking: /home/hossam-omar/nav2_ws/install/turtlebot3_gazebo/share/turtlebot3_gazebo//models/turtlebot3_common/meshes/sensors/r200.dae
[2.251s] -- Symlinking: /home/hossam-omar/nav2_ws/install/turtlebot3_gazebo/share/turtlebot3_gazebo//models/turtlebot3_common/meshes/sensors/r200.jpg
[2.259s] -- Symlinking: /home/hossam-omar/nav2_ws/install/turtlebot3_gazebo/share/turtlebot3_gazebo//models/turtlebot3_common/meshes/tire.dae
[2.267s] -- Symlinking: /home/hossam-omar/nav2_ws/install/turtlebot3_gazebo/share/turtlebot3_gazebo//models/turtlebot3_common/meshes/waffle_base.dae
[2.276s] -- Symlinking: /home/hossam-omar/nav2_ws/install/turtlebot3_gazebo/share/turtlebot3_gazebo//models/turtlebot3_common/meshes/waffle_pi_base.dae
[2.284s] -- Symlinking: /home/hossam-omar/nav2_ws/install/turtlebot3_gazebo/share/turtlebot3_gazebo//models/turtlebot3_common/meshes/wheels/left_tire.stl
[2.291s] -- Symlinking: /home/hossam-omar/nav2_ws/install/turtlebot3_gazebo/share/turtlebot3_gazebo//models/turtlebot3_common/meshes/wheels/right_tire.stl
[2.299s] -- Symlinking: /home/hossam-omar/nav2_ws/install/turtlebot3_gazebo/share/turtlebot3_gazebo//models/turtlebot3_common/model.config
[2.307s] -- Symlinking: /home/hossam-omar/nav2_ws/install/turtlebot3_gazebo/share/turtlebot3_gazebo//models/turtlebot3_dqn_world/goal_box/model.config
[2.315s] -- Symlinking: /home/hossam-omar/nav2_ws/install/turtlebot3_gazebo/share/turtlebot3_gazebo//models/turtlebot3_dqn_world/goal_box/model.sdf
[2.323s] -- Symlinking: /home/hossam-omar/nav2_ws/install/turtlebot3_gazebo/share/turtlebot3_gazebo//models/turtlebot3_dqn_world/inner_walls/model.config
[2.331s] -- Symlinking: /home/hossam-omar/nav2_ws/install/turtlebot3_gazebo/share/turtlebot3_gazebo//models/turtlebot3_dqn_world/inner_walls/model.sdf
[2.339s] -- Symlinking: /home/hossam-omar/nav2_ws/install/turtlebot3_gazebo/share/turtlebot3_gazebo//models/turtlebot3_dqn_world/model.config
[2.347s] -- Symlinking: /home/hossam-omar/nav2_ws/install/turtlebot3_gazebo/share/turtlebot3_gazebo//models/turtlebot3_dqn_world/model.sdf
[2.356s] -- Symlinking: /home/hossam-omar/nav2_ws/install/turtlebot3_gazebo/share/turtlebot3_gazebo//models/turtlebot3_dqn_world/obstacle1/model.config
[2.363s] -- Symlinking: /home/hossam-omar/nav2_ws/install/turtlebot3_gazebo/share/turtlebot3_gazebo//models/turtlebot3_dqn_world/obstacle1/model.sdf
[2.372s] -- Symlinking: /home/hossam-omar/nav2_ws/install/turtlebot3_gazebo/share/turtlebot3_gazebo//models/turtlebot3_dqn_world/obstacle2/model.config
[2.379s] -- Symlinking: /home/hossam-omar/nav2_ws/install/turtlebot3_gazebo/share/turtlebot3_gazebo//models/turtlebot3_dqn_world/obstacle2/model.sdf
[2.387s] -- Symlinking: /home/hossam-omar/nav2_ws/install/turtlebot3_gazebo/share/turtlebot3_gazebo//models/turtlebot3_dqn_world/obstacles/model.config
[2.395s] -- Symlinking: /home/hossam-omar/nav2_ws/install/turtlebot3_gazebo/share/turtlebot3_gazebo//models/turtlebot3_dqn_world/obstacles/model.sdf
[2.403s] -- Symlinking: /home/hossam-omar/nav2_ws/install/turtlebot3_gazebo/share/turtlebot3_gazebo//models/turtlebot3_house/model.config
[2.411s] -- Symlinking: /home/hossam-omar/nav2_ws/install/turtlebot3_gazebo/share/turtlebot3_gazebo//models/turtlebot3_house/model.sdf
[2.418s] -- Symlinking: /home/hossam-omar/nav2_ws/install/turtlebot3_gazebo/share/turtlebot3_gazebo//models/turtlebot3_waffle/model-1_4.sdf
[2.427s] -- Symlinking: /home/hossam-omar/nav2_ws/install/turtlebot3_gazebo/share/turtlebot3_gazebo//models/turtlebot3_waffle/model.config
[2.435s] -- Symlinking: /home/hossam-omar/nav2_ws/install/turtlebot3_gazebo/share/turtlebot3_gazebo//models/turtlebot3_waffle/model.sdf
[2.443s] -- Symlinking: /home/hossam-omar/nav2_ws/install/turtlebot3_gazebo/share/turtlebot3_gazebo//models/turtlebot3_waffle_pi/model-1_4_.sdf
[2.451s] -- Symlinking: /home/hossam-omar/nav2_ws/install/turtlebot3_gazebo/share/turtlebot3_gazebo//models/turtlebot3_waffle_pi/model.config
[2.458s] -- Symlinking: /home/hossam-omar/nav2_ws/install/turtlebot3_gazebo/share/turtlebot3_gazebo//models/turtlebot3_waffle_pi/model.sdf
[2.466s] -- Symlinking: /home/hossam-omar/nav2_ws/install/turtlebot3_gazebo/share/turtlebot3_gazebo//models/turtlebot3_world/meshes/hexagon.dae
[2.474s] -- Symlinking: /home/hossam-omar/nav2_ws/install/turtlebot3_gazebo/share/turtlebot3_gazebo//models/turtlebot3_world/meshes/wall.dae
[2.482s] -- Symlinking: /home/hossam-omar/nav2_ws/install/turtlebot3_gazebo/share/turtlebot3_gazebo//models/turtlebot3_world/model-1_4.sdf
[2.490s] -- Symlinking: /home/hossam-omar/nav2_ws/install/turtlebot3_gazebo/share/turtlebot3_gazebo//models/turtlebot3_world/model.config
[2.498s] -- Symlinking: /home/hossam-omar/nav2_ws/install/turtlebot3_gazebo/share/turtlebot3_gazebo//models/turtlebot3_world/model.sdf
[2.507s] -- Symlinking: /home/hossam-omar/nav2_ws/install/turtlebot3_gazebo/share/turtlebot3_gazebo//rviz/tb3_gazebo.rviz
[2.515s] -- Symlinking: /home/hossam-omar/nav2_ws/install/turtlebot3_gazebo/share/turtlebot3_gazebo//urdf/common_properties.urdf
[2.523s] -- Symlinking: /home/hossam-omar/nav2_ws/install/turtlebot3_gazebo/share/turtlebot3_gazebo//urdf/turtlebot3_burger.urdf
[2.531s] -- Symlinking: /home/hossam-omar/nav2_ws/install/turtlebot3_gazebo/share/turtlebot3_gazebo//urdf/turtlebot3_burger_cam.urdf
[2.539s] -- Symlinking: /home/hossam-omar/nav2_ws/install/turtlebot3_gazebo/share/turtlebot3_gazebo//urdf/turtlebot3_waffle.urdf
[2.548s] -- Symlinking: /home/hossam-omar/nav2_ws/install/turtlebot3_gazebo/share/turtlebot3_gazebo//urdf/turtlebot3_waffle_pi.urdf
[2.556s] -- Symlinking: /home/hossam-omar/nav2_ws/install/turtlebot3_gazebo/share/turtlebot3_gazebo//worlds/empty_world.world
[2.564s] -- Symlinking: /home/hossam-omar/nav2_ws/install/turtlebot3_gazebo/share/turtlebot3_gazebo//worlds/my_house_world.world
[2.572s] -- Symlinking: /home/hossam-omar/nav2_ws/install/turtlebot3_gazebo/share/turtlebot3_gazebo//worlds/turtlebot3_autorace_2020.world
[2.579s] -- Symlinking: /home/hossam-omar/nav2_ws/install/turtlebot3_gazebo/share/turtlebot3_gazebo//worlds/turtlebot3_dqn_stage1.world
[2.587s] -- Symlinking: /home/hossam-omar/nav2_ws/install/turtlebot3_gazebo/share/turtlebot3_gazebo//worlds/turtlebot3_dqn_stage2.world
[2.595s] -- Symlinking: /home/hossam-omar/nav2_ws/install/turtlebot3_gazebo/share/turtlebot3_gazebo//worlds/turtlebot3_dqn_stage3.world
[2.603s] -- Symlinking: /home/hossam-omar/nav2_ws/install/turtlebot3_gazebo/share/turtlebot3_gazebo//worlds/turtlebot3_dqn_stage4.world
[2.610s] -- Symlinking: /home/hossam-omar/nav2_ws/install/turtlebot3_gazebo/share/turtlebot3_gazebo//worlds/turtlebot3_house.world
[2.618s] -- Symlinking: /home/hossam-omar/nav2_ws/install/turtlebot3_gazebo/share/turtlebot3_gazebo//worlds/turtlebot3_world.world
[2.627s] -- Symlinking: /home/hossam-omar/nav2_ws/install/turtlebot3_gazebo/include//turtlebot3_gazebo/obstacle1.hpp
[2.635s] -- Symlinking: /home/hossam-omar/nav2_ws/install/turtlebot3_gazebo/include//turtlebot3_gazebo/obstacle2.hpp
[2.643s] -- Symlinking: /home/hossam-omar/nav2_ws/install/turtlebot3_gazebo/include//turtlebot3_gazebo/obstacles.hpp
[2.650s] -- Symlinking: /home/hossam-omar/nav2_ws/install/turtlebot3_gazebo/include//turtlebot3_gazebo/traffic_bar_plugin.hpp
[2.659s] -- Symlinking: /home/hossam-omar/nav2_ws/install/turtlebot3_gazebo/include//turtlebot3_gazebo/traffic_light_plugin.hpp
[2.667s] -- Symlinking: /home/hossam-omar/nav2_ws/install/turtlebot3_gazebo/include//turtlebot3_gazebo/turtlebot3_drive.hpp
[2.674s] -- Symlinking: /home/hossam-omar/nav2_ws/install/turtlebot3_gazebo/share/ament_index/resource_index/package_run_dependencies/turtlebot3_gazebo
[2.683s] -- Symlinking: /home/hossam-omar/nav2_ws/install/turtlebot3_gazebo/share/ament_index/resource_index/parent_prefix_path/turtlebot3_gazebo
[2.691s] -- Symlinking: /home/hossam-omar/nav2_ws/install/turtlebot3_gazebo/share/turtlebot3_gazebo/environment/ament_prefix_path.sh
[2.699s] -- Symlinking: /home/hossam-omar/nav2_ws/install/turtlebot3_gazebo/share/turtlebot3_gazebo/environment/ament_prefix_path.dsv
[2.707s] -- Symlinking: /home/hossam-omar/nav2_ws/install/turtlebot3_gazebo/share/turtlebot3_gazebo/environment/path.sh
[2.715s] -- Symlinking: /home/hossam-omar/nav2_ws/install/turtlebot3_gazebo/share/turtlebot3_gazebo/environment/path.dsv
[2.724s] -- Symlinking: /home/hossam-omar/nav2_ws/install/turtlebot3_gazebo/share/turtlebot3_gazebo/local_setup.bash
[2.733s] -- Symlinking: /home/hossam-omar/nav2_ws/install/turtlebot3_gazebo/share/turtlebot3_gazebo/local_setup.sh
[2.741s] -- Symlinking: /home/hossam-omar/nav2_ws/install/turtlebot3_gazebo/share/turtlebot3_gazebo/local_setup.zsh
[2.749s] -- Symlinking: /home/hossam-omar/nav2_ws/install/turtlebot3_gazebo/share/turtlebot3_gazebo/local_setup.dsv
[2.757s] -- Symlinking: /home/hossam-omar/nav2_ws/install/turtlebot3_gazebo/share/turtlebot3_gazebo/package.dsv
[2.765s] -- Symlinking: /home/hossam-omar/nav2_ws/install/turtlebot3_gazebo/share/ament_index/resource_index/packages/turtlebot3_gazebo
[2.774s] -- Symlinking: /home/hossam-omar/nav2_ws/install/turtlebot3_gazebo/share/turtlebot3_gazebo/cmake/ament_cmake_export_include_directories-extras.cmake
[2.782s] -- Symlinking: /home/hossam-omar/nav2_ws/install/turtlebot3_gazebo/share/turtlebot3_gazebo/cmake/ament_cmake_export_dependencies-extras.cmake
[2.790s] -- Symlinking: /home/hossam-omar/nav2_ws/install/turtlebot3_gazebo/share/turtlebot3_gazebo/cmake/turtlebot3_gazeboConfig.cmake
[2.798s] -- Symlinking: /home/hossam-omar/nav2_ws/install/turtlebot3_gazebo/share/turtlebot3_gazebo/cmake/turtlebot3_gazeboConfig-version.cmake
[2.805s] -- Symlinking: /home/hossam-omar/nav2_ws/install/turtlebot3_gazebo/share/turtlebot3_gazebo/package.xml
[2.815s] Invoked command in '/home/hossam-omar/nav2_ws/build/turtlebot3_gazebo' returned '0': CMAKE_PREFIX_PATH=${CMAKE_PREFIX_PATH}:/home/hossam-omar/ros2_ws/install/rtabmap_python:/opt/ros/humble /usr/bin/cmake --install /home/hossam-omar/nav2_ws/build/turtlebot3_gazebo
