[0.081s] DEBUG:colcon:Command line arguments: ['/usr/bin/colcon', 'build', '--symlink-install']
[0.081s] DEBUG:colcon:Parsed command line arguments: Namespace(log_base=None, log_level=None, verb_name='build', build_base='build', install_base='install', merge_install=False, symlink_install=True, test_result_base=None, continue_on_error=False, executor='parallel', parallel_workers=12, event_handlers=None, ignore_user_meta=False, metas=['./colcon.meta'], base_paths=['.'], packages_ignore=None, packages_ignore_regex=None, paths=None, packages_up_to=None, packages_up_to_regex=None, packages_above=None, packages_above_and_dependencies=None, packages_above_depth=None, packages_select_by_dep=None, packages_skip_by_dep=None, packages_skip_up_to=None, packages_select_build_failed=False, packages_skip_build_finished=False, packages_select_test_failures=False, packages_skip_test_passed=False, packages_select=None, packages_skip=None, packages_select_regex=None, packages_skip_regex=None, packages_start=None, packages_end=None, allow_overriding=[], cmake_args=None, cmake_target=None, cmake_target_skip_unavailable=False, cmake_clean_cache=False, cmake_clean_first=False, cmake_force_configure=False, ament_cmake_args=None, catkin_cmake_args=None, catkin_skip_building_tests=False, mixin_files=None, mixin=None, verb_parser=<colcon_mixin.mixin.mixin_argument.MixinArgumentDecorator object at 0x70e4ef0579a0>, verb_extension=<colcon_core.verb.build.BuildVerb object at 0x70e4ef1a48b0>, main=<bound method BuildVerb.main of <colcon_core.verb.build.BuildVerb object at 0x70e4ef1a48b0>>, mixin_verb=('build',))
[0.216s] Level 1:colcon.colcon_core.package_discovery:discover_packages(colcon_meta) check parameters
[0.216s] Level 1:colcon.colcon_core.package_discovery:discover_packages(recursive) check parameters
[0.216s] Level 1:colcon.colcon_core.package_discovery:discover_packages(ignore) check parameters
[0.216s] Level 1:colcon.colcon_core.package_discovery:discover_packages(path) check parameters
[0.216s] Level 1:colcon.colcon_core.package_discovery:discover_packages(colcon_meta) discover
[0.217s] Level 1:colcon.colcon_core.package_discovery:discover_packages(recursive) discover
[0.217s] INFO:colcon.colcon_core.package_discovery:Crawling recursively for packages in '/home/hossam-omar/nav2_ws'
[0.217s] Level 1:colcon.colcon_core.package_identification:_identify(.) by extensions ['ignore', 'ignore_ament_install']
[0.217s] Level 1:colcon.colcon_core.package_identification:_identify(.) by extension 'ignore'
[0.217s] Level 1:colcon.colcon_core.package_identification:_identify(.) by extension 'ignore_ament_install'
[0.217s] Level 1:colcon.colcon_core.package_identification:_identify(.) by extensions ['colcon_pkg']
[0.217s] Level 1:colcon.colcon_core.package_identification:_identify(.) by extension 'colcon_pkg'
[0.217s] Level 1:colcon.colcon_core.package_identification:_identify(.) by extensions ['colcon_meta']
[0.217s] Level 1:colcon.colcon_core.package_identification:_identify(.) by extension 'colcon_meta'
[0.217s] Level 1:colcon.colcon_core.package_identification:_identify(.) by extensions ['ros']
[0.217s] Level 1:colcon.colcon_core.package_identification:_identify(.) by extension 'ros'
[0.225s] Level 1:colcon.colcon_core.package_identification:_identify(.) by extensions ['cmake', 'python']
[0.225s] Level 1:colcon.colcon_core.package_identification:_identify(.) by extension 'cmake'
[0.225s] Level 1:colcon.colcon_core.package_identification:_identify(.) by extension 'python'
[0.225s] Level 1:colcon.colcon_core.package_identification:_identify(.) by extensions ['python_setup_py']
[0.225s] Level 1:colcon.colcon_core.package_identification:_identify(.) by extension 'python_setup_py'
[0.225s] Level 1:colcon.colcon_core.package_identification:_identify(build) by extensions ['ignore', 'ignore_ament_install']
[0.225s] Level 1:colcon.colcon_core.package_identification:_identify(build) by extension 'ignore'
[0.225s] Level 1:colcon.colcon_core.package_identification:_identify(build) ignored
[0.225s] Level 1:colcon.colcon_core.package_identification:_identify(install) by extensions ['ignore', 'ignore_ament_install']
[0.225s] Level 1:colcon.colcon_core.package_identification:_identify(install) by extension 'ignore'
[0.225s] Level 1:colcon.colcon_core.package_identification:_identify(install) ignored
[0.225s] Level 1:colcon.colcon_core.package_identification:_identify(log) by extensions ['ignore', 'ignore_ament_install']
[0.225s] Level 1:colcon.colcon_core.package_identification:_identify(log) by extension 'ignore'
[0.225s] Level 1:colcon.colcon_core.package_identification:_identify(log) ignored
[0.225s] Level 1:colcon.colcon_core.package_identification:_identify(maps) by extensions ['ignore', 'ignore_ament_install']
[0.225s] Level 1:colcon.colcon_core.package_identification:_identify(maps) by extension 'ignore'
[0.226s] Level 1:colcon.colcon_core.package_identification:_identify(maps) by extension 'ignore_ament_install'
[0.226s] Level 1:colcon.colcon_core.package_identification:_identify(maps) by extensions ['colcon_pkg']
[0.226s] Level 1:colcon.colcon_core.package_identification:_identify(maps) by extension 'colcon_pkg'
[0.226s] Level 1:colcon.colcon_core.package_identification:_identify(maps) by extensions ['colcon_meta']
[0.226s] Level 1:colcon.colcon_core.package_identification:_identify(maps) by extension 'colcon_meta'
[0.226s] Level 1:colcon.colcon_core.package_identification:_identify(maps) by extensions ['ros']
[0.226s] Level 1:colcon.colcon_core.package_identification:_identify(maps) by extension 'ros'
[0.226s] Level 1:colcon.colcon_core.package_identification:_identify(maps) by extensions ['cmake', 'python']
[0.226s] Level 1:colcon.colcon_core.package_identification:_identify(maps) by extension 'cmake'
[0.226s] Level 1:colcon.colcon_core.package_identification:_identify(maps) by extension 'python'
[0.226s] Level 1:colcon.colcon_core.package_identification:_identify(maps) by extensions ['python_setup_py']
[0.226s] Level 1:colcon.colcon_core.package_identification:_identify(maps) by extension 'python_setup_py'
[0.226s] Level 1:colcon.colcon_core.package_identification:_identify(src) by extensions ['ignore', 'ignore_ament_install']
[0.226s] Level 1:colcon.colcon_core.package_identification:_identify(src) by extension 'ignore'
[0.226s] Level 1:colcon.colcon_core.package_identification:_identify(src) by extension 'ignore_ament_install'
[0.226s] Level 1:colcon.colcon_core.package_identification:_identify(src) by extensions ['colcon_pkg']
[0.226s] Level 1:colcon.colcon_core.package_identification:_identify(src) by extension 'colcon_pkg'
[0.226s] Level 1:colcon.colcon_core.package_identification:_identify(src) by extensions ['colcon_meta']
[0.226s] Level 1:colcon.colcon_core.package_identification:_identify(src) by extension 'colcon_meta'
[0.226s] Level 1:colcon.colcon_core.package_identification:_identify(src) by extensions ['ros']
[0.226s] Level 1:colcon.colcon_core.package_identification:_identify(src) by extension 'ros'
[0.226s] Level 1:colcon.colcon_core.package_identification:_identify(src) by extensions ['cmake', 'python']
[0.226s] Level 1:colcon.colcon_core.package_identification:_identify(src) by extension 'cmake'
[0.226s] Level 1:colcon.colcon_core.package_identification:_identify(src) by extension 'python'
[0.226s] Level 1:colcon.colcon_core.package_identification:_identify(src) by extensions ['python_setup_py']
[0.226s] Level 1:colcon.colcon_core.package_identification:_identify(src) by extension 'python_setup_py'
[0.226s] Level 1:colcon.colcon_core.package_identification:_identify(src/turtlebot3_fake_node) by extensions ['ignore', 'ignore_ament_install']
[0.226s] Level 1:colcon.colcon_core.package_identification:_identify(src/turtlebot3_fake_node) by extension 'ignore'
[0.226s] Level 1:colcon.colcon_core.package_identification:_identify(src/turtlebot3_fake_node) by extension 'ignore_ament_install'
[0.227s] Level 1:colcon.colcon_core.package_identification:_identify(src/turtlebot3_fake_node) by extensions ['colcon_pkg']
[0.227s] Level 1:colcon.colcon_core.package_identification:_identify(src/turtlebot3_fake_node) by extension 'colcon_pkg'
[0.227s] Level 1:colcon.colcon_core.package_identification:_identify(src/turtlebot3_fake_node) by extensions ['colcon_meta']
[0.227s] Level 1:colcon.colcon_core.package_identification:_identify(src/turtlebot3_fake_node) by extension 'colcon_meta'
[0.227s] Level 1:colcon.colcon_core.package_identification:_identify(src/turtlebot3_fake_node) by extensions ['ros']
[0.227s] Level 1:colcon.colcon_core.package_identification:_identify(src/turtlebot3_fake_node) by extension 'ros'
[0.229s] DEBUG:colcon.colcon_core.package_identification:Package 'src/turtlebot3_fake_node' with type 'ros.ament_cmake' and name 'turtlebot3_fake_node'
[0.229s] Level 1:colcon.colcon_core.package_identification:_identify(src/turtlebot3_gazebo) by extensions ['ignore', 'ignore_ament_install']
[0.229s] Level 1:colcon.colcon_core.package_identification:_identify(src/turtlebot3_gazebo) by extension 'ignore'
[0.229s] Level 1:colcon.colcon_core.package_identification:_identify(src/turtlebot3_gazebo) by extension 'ignore_ament_install'
[0.229s] Level 1:colcon.colcon_core.package_identification:_identify(src/turtlebot3_gazebo) by extensions ['colcon_pkg']
[0.229s] Level 1:colcon.colcon_core.package_identification:_identify(src/turtlebot3_gazebo) by extension 'colcon_pkg'
[0.229s] Level 1:colcon.colcon_core.package_identification:_identify(src/turtlebot3_gazebo) by extensions ['colcon_meta']
[0.229s] Level 1:colcon.colcon_core.package_identification:_identify(src/turtlebot3_gazebo) by extension 'colcon_meta'
[0.230s] Level 1:colcon.colcon_core.package_identification:_identify(src/turtlebot3_gazebo) by extensions ['ros']
[0.230s] Level 1:colcon.colcon_core.package_identification:_identify(src/turtlebot3_gazebo) by extension 'ros'
[0.230s] DEBUG:colcon.colcon_core.package_identification:Package 'src/turtlebot3_gazebo' with type 'ros.ament_cmake' and name 'turtlebot3_gazebo'
[0.230s] Level 1:colcon.colcon_core.package_identification:_identify(src/turtlebot3_manipulation_gazebo) by extensions ['ignore', 'ignore_ament_install']
[0.230s] Level 1:colcon.colcon_core.package_identification:_identify(src/turtlebot3_manipulation_gazebo) by extension 'ignore'
[0.230s] Level 1:colcon.colcon_core.package_identification:_identify(src/turtlebot3_manipulation_gazebo) by extension 'ignore_ament_install'
[0.230s] Level 1:colcon.colcon_core.package_identification:_identify(src/turtlebot3_manipulation_gazebo) by extensions ['colcon_pkg']
[0.230s] Level 1:colcon.colcon_core.package_identification:_identify(src/turtlebot3_manipulation_gazebo) by extension 'colcon_pkg'
[0.230s] Level 1:colcon.colcon_core.package_identification:_identify(src/turtlebot3_manipulation_gazebo) by extensions ['colcon_meta']
[0.230s] Level 1:colcon.colcon_core.package_identification:_identify(src/turtlebot3_manipulation_gazebo) by extension 'colcon_meta'
[0.231s] Level 1:colcon.colcon_core.package_identification:_identify(src/turtlebot3_manipulation_gazebo) by extensions ['ros']
[0.231s] Level 1:colcon.colcon_core.package_identification:_identify(src/turtlebot3_manipulation_gazebo) by extension 'ros'
[0.238s] DEBUG:colcon.colcon_core.package_identification:Package 'src/turtlebot3_manipulation_gazebo' with type 'ros.ament_cmake' and name 'turtlebot3_manipulation_gazebo'
[0.238s] Level 1:colcon.colcon_core.package_identification:_identify(src/turtlebot3_simulations) by extensions ['ignore', 'ignore_ament_install']
[0.238s] Level 1:colcon.colcon_core.package_identification:_identify(src/turtlebot3_simulations) by extension 'ignore'
[0.238s] Level 1:colcon.colcon_core.package_identification:_identify(src/turtlebot3_simulations) by extension 'ignore_ament_install'
[0.238s] Level 1:colcon.colcon_core.package_identification:_identify(src/turtlebot3_simulations) by extensions ['colcon_pkg']
[0.238s] Level 1:colcon.colcon_core.package_identification:_identify(src/turtlebot3_simulations) by extension 'colcon_pkg'
[0.238s] Level 1:colcon.colcon_core.package_identification:_identify(src/turtlebot3_simulations) by extensions ['colcon_meta']
[0.238s] Level 1:colcon.colcon_core.package_identification:_identify(src/turtlebot3_simulations) by extension 'colcon_meta'
[0.238s] Level 1:colcon.colcon_core.package_identification:_identify(src/turtlebot3_simulations) by extensions ['ros']
[0.238s] Level 1:colcon.colcon_core.package_identification:_identify(src/turtlebot3_simulations) by extension 'ros'
[0.239s] DEBUG:colcon.colcon_core.package_identification:Package 'src/turtlebot3_simulations' with type 'ros.ament_cmake' and name 'turtlebot3_simulations'
[0.239s] Level 1:colcon.colcon_core.package_discovery:discover_packages(recursive) using defaults
[0.239s] Level 1:colcon.colcon_core.package_discovery:discover_packages(ignore) discover
[0.239s] Level 1:colcon.colcon_core.package_discovery:discover_packages(ignore) using defaults
[0.239s] Level 1:colcon.colcon_core.package_discovery:discover_packages(path) discover
[0.239s] Level 1:colcon.colcon_core.package_discovery:discover_packages(path) using defaults
[0.253s] Level 1:colcon.colcon_core.package_discovery:discover_packages(prefix_path) check parameters
[0.253s] Level 1:colcon.colcon_core.package_discovery:discover_packages(prefix_path) discover
[0.256s] DEBUG:colcon.colcon_installed_package_information.package_discovery:Found 23 installed packages in /home/hossam-omar/ros2_ws/install
[0.256s] DEBUG:colcon.colcon_installed_package_information.package_discovery:Found 4 installed packages in /home/hossam-omar/nav2_ws/install
[0.258s] DEBUG:colcon.colcon_installed_package_information.package_discovery:Found 488 installed packages in /opt/ros/humble
[0.260s] Level 1:colcon.colcon_core.package_discovery:discover_packages(prefix_path) using defaults
[0.302s] Level 5:colcon.colcon_core.verb:set package 'turtlebot3_fake_node' build argument 'cmake_args' from command line to 'None'
[0.302s] Level 5:colcon.colcon_core.verb:set package 'turtlebot3_fake_node' build argument 'cmake_target' from command line to 'None'
[0.302s] Level 5:colcon.colcon_core.verb:set package 'turtlebot3_fake_node' build argument 'cmake_target_skip_unavailable' from command line to 'False'
[0.302s] Level 5:colcon.colcon_core.verb:set package 'turtlebot3_fake_node' build argument 'cmake_clean_cache' from command line to 'False'
[0.302s] Level 5:colcon.colcon_core.verb:set package 'turtlebot3_fake_node' build argument 'cmake_clean_first' from command line to 'False'
[0.302s] Level 5:colcon.colcon_core.verb:set package 'turtlebot3_fake_node' build argument 'cmake_force_configure' from command line to 'False'
[0.302s] Level 5:colcon.colcon_core.verb:set package 'turtlebot3_fake_node' build argument 'ament_cmake_args' from command line to 'None'
[0.302s] Level 5:colcon.colcon_core.verb:set package 'turtlebot3_fake_node' build argument 'catkin_cmake_args' from command line to 'None'
[0.302s] Level 5:colcon.colcon_core.verb:set package 'turtlebot3_fake_node' build argument 'catkin_skip_building_tests' from command line to 'False'
[0.303s] DEBUG:colcon.colcon_core.verb:Building package 'turtlebot3_fake_node' with the following arguments: {'ament_cmake_args': None, 'build_base': '/home/hossam-omar/nav2_ws/build/turtlebot3_fake_node', 'catkin_cmake_args': None, 'catkin_skip_building_tests': False, 'cmake_args': None, 'cmake_clean_cache': False, 'cmake_clean_first': False, 'cmake_force_configure': False, 'cmake_target': None, 'cmake_target_skip_unavailable': False, 'install_base': '/home/hossam-omar/nav2_ws/install/turtlebot3_fake_node', 'merge_install': False, 'path': '/home/hossam-omar/nav2_ws/src/turtlebot3_fake_node', 'symlink_install': True, 'test_result_base': None}
[0.303s] Level 5:colcon.colcon_core.verb:set package 'turtlebot3_gazebo' build argument 'cmake_args' from command line to 'None'
[0.303s] Level 5:colcon.colcon_core.verb:set package 'turtlebot3_gazebo' build argument 'cmake_target' from command line to 'None'
[0.303s] Level 5:colcon.colcon_core.verb:set package 'turtlebot3_gazebo' build argument 'cmake_target_skip_unavailable' from command line to 'False'
[0.303s] Level 5:colcon.colcon_core.verb:set package 'turtlebot3_gazebo' build argument 'cmake_clean_cache' from command line to 'False'
[0.303s] Level 5:colcon.colcon_core.verb:set package 'turtlebot3_gazebo' build argument 'cmake_clean_first' from command line to 'False'
[0.303s] Level 5:colcon.colcon_core.verb:set package 'turtlebot3_gazebo' build argument 'cmake_force_configure' from command line to 'False'
[0.303s] Level 5:colcon.colcon_core.verb:set package 'turtlebot3_gazebo' build argument 'ament_cmake_args' from command line to 'None'
[0.303s] Level 5:colcon.colcon_core.verb:set package 'turtlebot3_gazebo' build argument 'catkin_cmake_args' from command line to 'None'
[0.303s] Level 5:colcon.colcon_core.verb:set package 'turtlebot3_gazebo' build argument 'catkin_skip_building_tests' from command line to 'False'
[0.303s] DEBUG:colcon.colcon_core.verb:Building package 'turtlebot3_gazebo' with the following arguments: {'ament_cmake_args': None, 'build_base': '/home/hossam-omar/nav2_ws/build/turtlebot3_gazebo', 'catkin_cmake_args': None, 'catkin_skip_building_tests': False, 'cmake_args': None, 'cmake_clean_cache': False, 'cmake_clean_first': False, 'cmake_force_configure': False, 'cmake_target': None, 'cmake_target_skip_unavailable': False, 'install_base': '/home/hossam-omar/nav2_ws/install/turtlebot3_gazebo', 'merge_install': False, 'path': '/home/hossam-omar/nav2_ws/src/turtlebot3_gazebo', 'symlink_install': True, 'test_result_base': None}
[0.303s] Level 5:colcon.colcon_core.verb:set package 'turtlebot3_manipulation_gazebo' build argument 'cmake_args' from command line to 'None'
[0.303s] Level 5:colcon.colcon_core.verb:set package 'turtlebot3_manipulation_gazebo' build argument 'cmake_target' from command line to 'None'
[0.303s] Level 5:colcon.colcon_core.verb:set package 'turtlebot3_manipulation_gazebo' build argument 'cmake_target_skip_unavailable' from command line to 'False'
[0.303s] Level 5:colcon.colcon_core.verb:set package 'turtlebot3_manipulation_gazebo' build argument 'cmake_clean_cache' from command line to 'False'
[0.303s] Level 5:colcon.colcon_core.verb:set package 'turtlebot3_manipulation_gazebo' build argument 'cmake_clean_first' from command line to 'False'
[0.303s] Level 5:colcon.colcon_core.verb:set package 'turtlebot3_manipulation_gazebo' build argument 'cmake_force_configure' from command line to 'False'
[0.303s] Level 5:colcon.colcon_core.verb:set package 'turtlebot3_manipulation_gazebo' build argument 'ament_cmake_args' from command line to 'None'
[0.303s] Level 5:colcon.colcon_core.verb:set package 'turtlebot3_manipulation_gazebo' build argument 'catkin_cmake_args' from command line to 'None'
[0.303s] Level 5:colcon.colcon_core.verb:set package 'turtlebot3_manipulation_gazebo' build argument 'catkin_skip_building_tests' from command line to 'False'
[0.303s] DEBUG:colcon.colcon_core.verb:Building package 'turtlebot3_manipulation_gazebo' with the following arguments: {'ament_cmake_args': None, 'build_base': '/home/hossam-omar/nav2_ws/build/turtlebot3_manipulation_gazebo', 'catkin_cmake_args': None, 'catkin_skip_building_tests': False, 'cmake_args': None, 'cmake_clean_cache': False, 'cmake_clean_first': False, 'cmake_force_configure': False, 'cmake_target': None, 'cmake_target_skip_unavailable': False, 'install_base': '/home/hossam-omar/nav2_ws/install/turtlebot3_manipulation_gazebo', 'merge_install': False, 'path': '/home/hossam-omar/nav2_ws/src/turtlebot3_manipulation_gazebo', 'symlink_install': True, 'test_result_base': None}
[0.304s] Level 5:colcon.colcon_core.verb:set package 'turtlebot3_simulations' build argument 'cmake_args' from command line to 'None'
[0.304s] Level 5:colcon.colcon_core.verb:set package 'turtlebot3_simulations' build argument 'cmake_target' from command line to 'None'
[0.304s] Level 5:colcon.colcon_core.verb:set package 'turtlebot3_simulations' build argument 'cmake_target_skip_unavailable' from command line to 'False'
[0.304s] Level 5:colcon.colcon_core.verb:set package 'turtlebot3_simulations' build argument 'cmake_clean_cache' from command line to 'False'
[0.304s] Level 5:colcon.colcon_core.verb:set package 'turtlebot3_simulations' build argument 'cmake_clean_first' from command line to 'False'
[0.304s] Level 5:colcon.colcon_core.verb:set package 'turtlebot3_simulations' build argument 'cmake_force_configure' from command line to 'False'
[0.304s] Level 5:colcon.colcon_core.verb:set package 'turtlebot3_simulations' build argument 'ament_cmake_args' from command line to 'None'
[0.304s] Level 5:colcon.colcon_core.verb:set package 'turtlebot3_simulations' build argument 'catkin_cmake_args' from command line to 'None'
[0.304s] Level 5:colcon.colcon_core.verb:set package 'turtlebot3_simulations' build argument 'catkin_skip_building_tests' from command line to 'False'
[0.304s] DEBUG:colcon.colcon_core.verb:Building package 'turtlebot3_simulations' with the following arguments: {'ament_cmake_args': None, 'build_base': '/home/hossam-omar/nav2_ws/build/turtlebot3_simulations', 'catkin_cmake_args': None, 'catkin_skip_building_tests': False, 'cmake_args': None, 'cmake_clean_cache': False, 'cmake_clean_first': False, 'cmake_force_configure': False, 'cmake_target': None, 'cmake_target_skip_unavailable': False, 'install_base': '/home/hossam-omar/nav2_ws/install/turtlebot3_simulations', 'merge_install': False, 'path': '/home/hossam-omar/nav2_ws/src/turtlebot3_simulations', 'symlink_install': True, 'test_result_base': None}
[0.304s] INFO:colcon.colcon_core.executor:Executing jobs using 'parallel' executor
[0.305s] DEBUG:colcon.colcon_parallel_executor.executor.parallel:run_until_complete
[0.305s] INFO:colcon.colcon_ros.task.ament_cmake.build:Building ROS package in '/home/hossam-omar/nav2_ws/src/turtlebot3_fake_node' with build type 'ament_cmake'
[0.305s] INFO:colcon.colcon_cmake.task.cmake.build:Building CMake package in '/home/hossam-omar/nav2_ws/src/turtlebot3_fake_node'
[0.306s] INFO:colcon.colcon_core.plugin_system:Skipping extension 'colcon_core.shell.bat': Not used on non-Windows systems
[0.306s] INFO:colcon.colcon_core.shell:Skip shell extension 'powershell' for command environment: Not usable outside of PowerShell
[0.306s] DEBUG:colcon.colcon_core.shell:Skip shell extension 'dsv' for command environment
[0.311s] INFO:colcon.colcon_ros.task.ament_cmake.build:Building ROS package in '/home/hossam-omar/nav2_ws/src/turtlebot3_gazebo' with build type 'ament_cmake'
[0.311s] INFO:colcon.colcon_cmake.task.cmake.build:Building CMake package in '/home/hossam-omar/nav2_ws/src/turtlebot3_gazebo'
[0.311s] INFO:colcon.colcon_core.shell:Skip shell extension 'powershell' for command environment: Not usable outside of PowerShell
[0.311s] DEBUG:colcon.colcon_core.shell:Skip shell extension 'dsv' for command environment
[0.316s] INFO:colcon.colcon_ros.task.ament_cmake.build:Building ROS package in '/home/hossam-omar/nav2_ws/src/turtlebot3_manipulation_gazebo' with build type 'ament_cmake'
[0.316s] INFO:colcon.colcon_cmake.task.cmake.build:Building CMake package in '/home/hossam-omar/nav2_ws/src/turtlebot3_manipulation_gazebo'
[0.316s] INFO:colcon.colcon_core.shell:Skip shell extension 'powershell' for command environment: Not usable outside of PowerShell
[0.316s] DEBUG:colcon.colcon_core.shell:Skip shell extension 'dsv' for command environment
[0.324s] DEBUG:colcon.colcon_core.event_handler.log_command:Invoking command in '/home/hossam-omar/nav2_ws/build/turtlebot3_fake_node': CMAKE_PREFIX_PATH=${CMAKE_PREFIX_PATH}:/home/hossam-omar/ros2_ws/install/rtabmap_python:/opt/ros/humble /usr/bin/cmake --build /home/hossam-omar/nav2_ws/build/turtlebot3_fake_node -- -j12 -l12
[0.327s] DEBUG:colcon.colcon_core.event_handler.log_command:Invoking command in '/home/hossam-omar/nav2_ws/build/turtlebot3_gazebo': CMAKE_PREFIX_PATH=${CMAKE_PREFIX_PATH}:/home/hossam-omar/ros2_ws/install/rtabmap_python:/opt/ros/humble /usr/bin/cmake --build /home/hossam-omar/nav2_ws/build/turtlebot3_gazebo -- -j12 -l12
[0.329s] DEBUG:colcon.colcon_core.event_handler.log_command:Invoking command in '/home/hossam-omar/nav2_ws/build/turtlebot3_manipulation_gazebo': CMAKE_PREFIX_PATH=${CMAKE_PREFIX_PATH}:/home/hossam-omar/ros2_ws/install/rtabmap_python:/opt/ros/humble /usr/bin/cmake --build /home/hossam-omar/nav2_ws/build/turtlebot3_manipulation_gazebo -- -j12 -l12
[0.367s] DEBUG:colcon.colcon_core.event_handler.log_command:Invoked command in '/home/hossam-omar/nav2_ws/build/turtlebot3_manipulation_gazebo' returned '0': CMAKE_PREFIX_PATH=${CMAKE_PREFIX_PATH}:/home/hossam-omar/ros2_ws/install/rtabmap_python:/opt/ros/humble /usr/bin/cmake --build /home/hossam-omar/nav2_ws/build/turtlebot3_manipulation_gazebo -- -j12 -l12
[0.380s] DEBUG:colcon.colcon_core.event_handler.log_command:Invoking command in '/home/hossam-omar/nav2_ws/build/turtlebot3_manipulation_gazebo': CMAKE_PREFIX_PATH=${CMAKE_PREFIX_PATH}:/home/hossam-omar/ros2_ws/install/rtabmap_python:/opt/ros/humble /usr/bin/cmake --install /home/hossam-omar/nav2_ws/build/turtlebot3_manipulation_gazebo
[0.402s] DEBUG:colcon.colcon_core.event_handler.log_command:Invoked command in '/home/hossam-omar/nav2_ws/build/turtlebot3_fake_node' returned '0': CMAKE_PREFIX_PATH=${CMAKE_PREFIX_PATH}:/home/hossam-omar/ros2_ws/install/rtabmap_python:/opt/ros/humble /usr/bin/cmake --build /home/hossam-omar/nav2_ws/build/turtlebot3_fake_node -- -j12 -l12
[0.405s] DEBUG:colcon.colcon_core.event_handler.log_command:Invoking command in '/home/hossam-omar/nav2_ws/build/turtlebot3_fake_node': CMAKE_PREFIX_PATH=${CMAKE_PREFIX_PATH}:/home/hossam-omar/ros2_ws/install/rtabmap_python:/opt/ros/humble /usr/bin/cmake --install /home/hossam-omar/nav2_ws/build/turtlebot3_fake_node
[0.418s] Level 1:colcon.colcon_core.environment:create_environment_scripts_only(turtlebot3_manipulation_gazebo)
[0.419s] DEBUG:colcon.colcon_core.event_handler.log_command:Invoked command in '/home/hossam-omar/nav2_ws/build/turtlebot3_manipulation_gazebo' returned '0': CMAKE_PREFIX_PATH=${CMAKE_PREFIX_PATH}:/home/hossam-omar/ros2_ws/install/rtabmap_python:/opt/ros/humble /usr/bin/cmake --install /home/hossam-omar/nav2_ws/build/turtlebot3_manipulation_gazebo
[0.421s] Level 1:colcon.colcon_core.environment:checking '/home/hossam-omar/nav2_ws/install/turtlebot3_manipulation_gazebo' for CMake module files
[0.421s] Level 1:colcon.colcon_core.environment:checking '/home/hossam-omar/nav2_ws/install/turtlebot3_manipulation_gazebo' for CMake config files
[0.422s] Level 1:colcon.colcon_core.shell:create_environment_hook('turtlebot3_manipulation_gazebo', 'cmake_prefix_path')
[0.422s] INFO:colcon.colcon_core.shell:Creating environment hook '/home/hossam-omar/nav2_ws/install/turtlebot3_manipulation_gazebo/share/turtlebot3_manipulation_gazebo/hook/cmake_prefix_path.ps1'
[0.422s] INFO:colcon.colcon_core.shell:Creating environment descriptor '/home/hossam-omar/nav2_ws/install/turtlebot3_manipulation_gazebo/share/turtlebot3_manipulation_gazebo/hook/cmake_prefix_path.dsv'
[0.423s] INFO:colcon.colcon_core.shell:Creating environment hook '/home/hossam-omar/nav2_ws/install/turtlebot3_manipulation_gazebo/share/turtlebot3_manipulation_gazebo/hook/cmake_prefix_path.sh'
[0.423s] Level 1:colcon.colcon_core.environment:checking '/home/hossam-omar/nav2_ws/install/turtlebot3_manipulation_gazebo/bin'
[0.423s] Level 1:colcon.colcon_core.environment:checking '/home/hossam-omar/nav2_ws/install/turtlebot3_manipulation_gazebo/lib/pkgconfig/turtlebot3_manipulation_gazebo.pc'
[0.423s] Level 1:colcon.colcon_core.environment:checking '/home/hossam-omar/nav2_ws/install/turtlebot3_manipulation_gazebo/lib/python3.10/site-packages'
[0.424s] Level 1:colcon.colcon_core.environment:checking '/home/hossam-omar/nav2_ws/install/turtlebot3_manipulation_gazebo/bin'
[0.424s] INFO:colcon.colcon_core.shell:Creating package script '/home/hossam-omar/nav2_ws/install/turtlebot3_manipulation_gazebo/share/turtlebot3_manipulation_gazebo/package.ps1'
[0.424s] INFO:colcon.colcon_core.shell:Creating package descriptor '/home/hossam-omar/nav2_ws/install/turtlebot3_manipulation_gazebo/share/turtlebot3_manipulation_gazebo/package.dsv'
[0.425s] INFO:colcon.colcon_core.shell:Creating package script '/home/hossam-omar/nav2_ws/install/turtlebot3_manipulation_gazebo/share/turtlebot3_manipulation_gazebo/package.sh'
[0.425s] INFO:colcon.colcon_core.shell:Creating package script '/home/hossam-omar/nav2_ws/install/turtlebot3_manipulation_gazebo/share/turtlebot3_manipulation_gazebo/package.bash'
[0.426s] INFO:colcon.colcon_core.shell:Creating package script '/home/hossam-omar/nav2_ws/install/turtlebot3_manipulation_gazebo/share/turtlebot3_manipulation_gazebo/package.zsh'
[0.427s] Level 1:colcon.colcon_core.environment:create_file_with_runtime_dependencies(/home/hossam-omar/nav2_ws/install/turtlebot3_manipulation_gazebo/share/colcon-core/packages/turtlebot3_manipulation_gazebo)
[0.427s] Level 1:colcon.colcon_core.environment:create_environment_scripts_only(turtlebot3_manipulation_gazebo)
[0.427s] Level 1:colcon.colcon_core.environment:checking '/home/hossam-omar/nav2_ws/install/turtlebot3_manipulation_gazebo' for CMake module files
[0.428s] Level 1:colcon.colcon_core.environment:checking '/home/hossam-omar/nav2_ws/install/turtlebot3_manipulation_gazebo' for CMake config files
[0.428s] Level 1:colcon.colcon_core.shell:create_environment_hook('turtlebot3_manipulation_gazebo', 'cmake_prefix_path')
[0.428s] INFO:colcon.colcon_core.shell:Creating environment hook '/home/hossam-omar/nav2_ws/install/turtlebot3_manipulation_gazebo/share/turtlebot3_manipulation_gazebo/hook/cmake_prefix_path.ps1'
[0.429s] INFO:colcon.colcon_core.shell:Creating environment descriptor '/home/hossam-omar/nav2_ws/install/turtlebot3_manipulation_gazebo/share/turtlebot3_manipulation_gazebo/hook/cmake_prefix_path.dsv'
[0.429s] INFO:colcon.colcon_core.shell:Creating environment hook '/home/hossam-omar/nav2_ws/install/turtlebot3_manipulation_gazebo/share/turtlebot3_manipulation_gazebo/hook/cmake_prefix_path.sh'
[0.429s] Level 1:colcon.colcon_core.environment:checking '/home/hossam-omar/nav2_ws/install/turtlebot3_manipulation_gazebo/bin'
[0.429s] Level 1:colcon.colcon_core.environment:checking '/home/hossam-omar/nav2_ws/install/turtlebot3_manipulation_gazebo/lib/pkgconfig/turtlebot3_manipulation_gazebo.pc'
[0.429s] Level 1:colcon.colcon_core.environment:checking '/home/hossam-omar/nav2_ws/install/turtlebot3_manipulation_gazebo/lib/python3.10/site-packages'
[0.430s] Level 1:colcon.colcon_core.environment:checking '/home/hossam-omar/nav2_ws/install/turtlebot3_manipulation_gazebo/bin'
[0.430s] INFO:colcon.colcon_core.shell:Creating package script '/home/hossam-omar/nav2_ws/install/turtlebot3_manipulation_gazebo/share/turtlebot3_manipulation_gazebo/package.ps1'
[0.430s] INFO:colcon.colcon_core.shell:Creating package descriptor '/home/hossam-omar/nav2_ws/install/turtlebot3_manipulation_gazebo/share/turtlebot3_manipulation_gazebo/package.dsv'
[0.430s] INFO:colcon.colcon_core.shell:Creating package script '/home/hossam-omar/nav2_ws/install/turtlebot3_manipulation_gazebo/share/turtlebot3_manipulation_gazebo/package.sh'
[0.431s] INFO:colcon.colcon_core.shell:Creating package script '/home/hossam-omar/nav2_ws/install/turtlebot3_manipulation_gazebo/share/turtlebot3_manipulation_gazebo/package.bash'
[0.431s] INFO:colcon.colcon_core.shell:Creating package script '/home/hossam-omar/nav2_ws/install/turtlebot3_manipulation_gazebo/share/turtlebot3_manipulation_gazebo/package.zsh'
[0.431s] Level 1:colcon.colcon_core.environment:create_file_with_runtime_dependencies(/home/hossam-omar/nav2_ws/install/turtlebot3_manipulation_gazebo/share/colcon-core/packages/turtlebot3_manipulation_gazebo)
[0.433s] DEBUG:colcon.colcon_core.event_handler.log_command:Invoked command in '/home/hossam-omar/nav2_ws/build/turtlebot3_gazebo' returned '0': CMAKE_PREFIX_PATH=${CMAKE_PREFIX_PATH}:/home/hossam-omar/ros2_ws/install/rtabmap_python:/opt/ros/humble /usr/bin/cmake --build /home/hossam-omar/nav2_ws/build/turtlebot3_gazebo -- -j12 -l12
[0.434s] Level 1:colcon.colcon_core.environment:create_environment_scripts_only(turtlebot3_fake_node)
[0.434s] Level 1:colcon.colcon_core.environment:checking '/home/hossam-omar/nav2_ws/install/turtlebot3_fake_node' for CMake module files
[0.434s] DEBUG:colcon.colcon_core.event_handler.log_command:Invoking command in '/home/hossam-omar/nav2_ws/build/turtlebot3_gazebo': CMAKE_PREFIX_PATH=${CMAKE_PREFIX_PATH}:/home/hossam-omar/ros2_ws/install/rtabmap_python:/opt/ros/humble /usr/bin/cmake --install /home/hossam-omar/nav2_ws/build/turtlebot3_gazebo
[0.434s] DEBUG:colcon.colcon_core.event_handler.log_command:Invoked command in '/home/hossam-omar/nav2_ws/build/turtlebot3_fake_node' returned '0': CMAKE_PREFIX_PATH=${CMAKE_PREFIX_PATH}:/home/hossam-omar/ros2_ws/install/rtabmap_python:/opt/ros/humble /usr/bin/cmake --install /home/hossam-omar/nav2_ws/build/turtlebot3_fake_node
[0.435s] Level 1:colcon.colcon_core.environment:checking '/home/hossam-omar/nav2_ws/install/turtlebot3_fake_node' for CMake config files
[0.435s] Level 1:colcon.colcon_core.shell:create_environment_hook('turtlebot3_fake_node', 'cmake_prefix_path')
[0.435s] INFO:colcon.colcon_core.shell:Creating environment hook '/home/hossam-omar/nav2_ws/install/turtlebot3_fake_node/share/turtlebot3_fake_node/hook/cmake_prefix_path.ps1'
[0.435s] INFO:colcon.colcon_core.shell:Creating environment descriptor '/home/hossam-omar/nav2_ws/install/turtlebot3_fake_node/share/turtlebot3_fake_node/hook/cmake_prefix_path.dsv'
[0.436s] INFO:colcon.colcon_core.shell:Creating environment hook '/home/hossam-omar/nav2_ws/install/turtlebot3_fake_node/share/turtlebot3_fake_node/hook/cmake_prefix_path.sh'
[0.436s] Level 1:colcon.colcon_core.environment:checking '/home/hossam-omar/nav2_ws/install/turtlebot3_fake_node/lib'
[0.436s] Level 1:colcon.colcon_core.environment:checking '/home/hossam-omar/nav2_ws/install/turtlebot3_fake_node/bin'
[0.436s] Level 1:colcon.colcon_core.environment:checking '/home/hossam-omar/nav2_ws/install/turtlebot3_fake_node/lib/pkgconfig/turtlebot3_fake_node.pc'
[0.436s] Level 1:colcon.colcon_core.environment:checking '/home/hossam-omar/nav2_ws/install/turtlebot3_fake_node/lib/python3.10/site-packages'
[0.437s] Level 1:colcon.colcon_core.environment:checking '/home/hossam-omar/nav2_ws/install/turtlebot3_fake_node/bin'
[0.437s] INFO:colcon.colcon_core.shell:Creating package script '/home/hossam-omar/nav2_ws/install/turtlebot3_fake_node/share/turtlebot3_fake_node/package.ps1'
[0.437s] INFO:colcon.colcon_core.shell:Creating package descriptor '/home/hossam-omar/nav2_ws/install/turtlebot3_fake_node/share/turtlebot3_fake_node/package.dsv'
[0.437s] INFO:colcon.colcon_core.shell:Creating package script '/home/hossam-omar/nav2_ws/install/turtlebot3_fake_node/share/turtlebot3_fake_node/package.sh'
[0.438s] INFO:colcon.colcon_core.shell:Creating package script '/home/hossam-omar/nav2_ws/install/turtlebot3_fake_node/share/turtlebot3_fake_node/package.bash'
[0.438s] INFO:colcon.colcon_core.shell:Creating package script '/home/hossam-omar/nav2_ws/install/turtlebot3_fake_node/share/turtlebot3_fake_node/package.zsh'
[0.438s] Level 1:colcon.colcon_core.environment:create_file_with_runtime_dependencies(/home/hossam-omar/nav2_ws/install/turtlebot3_fake_node/share/colcon-core/packages/turtlebot3_fake_node)
[0.439s] Level 1:colcon.colcon_core.environment:create_environment_scripts_only(turtlebot3_fake_node)
[0.439s] Level 1:colcon.colcon_core.environment:checking '/home/hossam-omar/nav2_ws/install/turtlebot3_fake_node' for CMake module files
[0.439s] Level 1:colcon.colcon_core.environment:checking '/home/hossam-omar/nav2_ws/install/turtlebot3_fake_node' for CMake config files
[0.439s] Level 1:colcon.colcon_core.shell:create_environment_hook('turtlebot3_fake_node', 'cmake_prefix_path')
[0.440s] INFO:colcon.colcon_core.shell:Creating environment hook '/home/hossam-omar/nav2_ws/install/turtlebot3_fake_node/share/turtlebot3_fake_node/hook/cmake_prefix_path.ps1'
[0.440s] INFO:colcon.colcon_core.shell:Creating environment descriptor '/home/hossam-omar/nav2_ws/install/turtlebot3_fake_node/share/turtlebot3_fake_node/hook/cmake_prefix_path.dsv'
[0.440s] INFO:colcon.colcon_core.shell:Creating environment hook '/home/hossam-omar/nav2_ws/install/turtlebot3_fake_node/share/turtlebot3_fake_node/hook/cmake_prefix_path.sh'
[0.441s] Level 1:colcon.colcon_core.environment:checking '/home/hossam-omar/nav2_ws/install/turtlebot3_fake_node/lib'
[0.441s] Level 1:colcon.colcon_core.environment:checking '/home/hossam-omar/nav2_ws/install/turtlebot3_fake_node/bin'
[0.441s] Level 1:colcon.colcon_core.environment:checking '/home/hossam-omar/nav2_ws/install/turtlebot3_fake_node/lib/pkgconfig/turtlebot3_fake_node.pc'
[0.441s] Level 1:colcon.colcon_core.environment:checking '/home/hossam-omar/nav2_ws/install/turtlebot3_fake_node/lib/python3.10/site-packages'
[0.441s] Level 1:colcon.colcon_core.environment:checking '/home/hossam-omar/nav2_ws/install/turtlebot3_fake_node/bin'
[0.441s] INFO:colcon.colcon_core.shell:Creating package script '/home/hossam-omar/nav2_ws/install/turtlebot3_fake_node/share/turtlebot3_fake_node/package.ps1'
[0.442s] INFO:colcon.colcon_core.shell:Creating package descriptor '/home/hossam-omar/nav2_ws/install/turtlebot3_fake_node/share/turtlebot3_fake_node/package.dsv'
[0.443s] INFO:colcon.colcon_core.shell:Creating package script '/home/hossam-omar/nav2_ws/install/turtlebot3_fake_node/share/turtlebot3_fake_node/package.sh'
[0.443s] INFO:colcon.colcon_core.shell:Creating package script '/home/hossam-omar/nav2_ws/install/turtlebot3_fake_node/share/turtlebot3_fake_node/package.bash'
[0.443s] INFO:colcon.colcon_core.shell:Creating package script '/home/hossam-omar/nav2_ws/install/turtlebot3_fake_node/share/turtlebot3_fake_node/package.zsh'
[0.444s] Level 1:colcon.colcon_core.environment:create_file_with_runtime_dependencies(/home/hossam-omar/nav2_ws/install/turtlebot3_fake_node/share/colcon-core/packages/turtlebot3_fake_node)
[0.469s] Level 1:colcon.colcon_core.environment:create_environment_scripts_only(turtlebot3_gazebo)
[0.470s] DEBUG:colcon.colcon_core.event_handler.log_command:Invoked command in '/home/hossam-omar/nav2_ws/build/turtlebot3_gazebo' returned '0': CMAKE_PREFIX_PATH=${CMAKE_PREFIX_PATH}:/home/hossam-omar/ros2_ws/install/rtabmap_python:/opt/ros/humble /usr/bin/cmake --install /home/hossam-omar/nav2_ws/build/turtlebot3_gazebo
[0.470s] Level 1:colcon.colcon_core.environment:checking '/home/hossam-omar/nav2_ws/install/turtlebot3_gazebo' for CMake module files
[0.470s] Level 1:colcon.colcon_core.environment:checking '/home/hossam-omar/nav2_ws/install/turtlebot3_gazebo' for CMake config files
[0.470s] Level 1:colcon.colcon_core.shell:create_environment_hook('turtlebot3_gazebo', 'cmake_prefix_path')
[0.471s] INFO:colcon.colcon_core.shell:Creating environment hook '/home/hossam-omar/nav2_ws/install/turtlebot3_gazebo/share/turtlebot3_gazebo/hook/cmake_prefix_path.ps1'
[0.471s] INFO:colcon.colcon_core.shell:Creating environment descriptor '/home/hossam-omar/nav2_ws/install/turtlebot3_gazebo/share/turtlebot3_gazebo/hook/cmake_prefix_path.dsv'
[0.471s] INFO:colcon.colcon_core.shell:Creating environment hook '/home/hossam-omar/nav2_ws/install/turtlebot3_gazebo/share/turtlebot3_gazebo/hook/cmake_prefix_path.sh'
[0.472s] Level 1:colcon.colcon_core.environment:checking '/home/hossam-omar/nav2_ws/install/turtlebot3_gazebo/lib'
[0.472s] Level 1:colcon.colcon_core.environment:checking '/home/hossam-omar/nav2_ws/install/turtlebot3_gazebo/bin'
[0.472s] Level 1:colcon.colcon_core.environment:checking '/home/hossam-omar/nav2_ws/install/turtlebot3_gazebo/lib/pkgconfig/turtlebot3_gazebo.pc'
[0.472s] Level 1:colcon.colcon_core.environment:checking '/home/hossam-omar/nav2_ws/install/turtlebot3_gazebo/lib/python3.10/site-packages'
[0.472s] Level 1:colcon.colcon_core.environment:checking '/home/hossam-omar/nav2_ws/install/turtlebot3_gazebo/bin'
[0.472s] INFO:colcon.colcon_core.shell:Creating package script '/home/hossam-omar/nav2_ws/install/turtlebot3_gazebo/share/turtlebot3_gazebo/package.ps1'
[0.473s] INFO:colcon.colcon_core.shell:Creating package descriptor '/home/hossam-omar/nav2_ws/install/turtlebot3_gazebo/share/turtlebot3_gazebo/package.dsv'
[0.473s] INFO:colcon.colcon_core.shell:Creating package script '/home/hossam-omar/nav2_ws/install/turtlebot3_gazebo/share/turtlebot3_gazebo/package.sh'
[0.473s] INFO:colcon.colcon_core.shell:Creating package script '/home/hossam-omar/nav2_ws/install/turtlebot3_gazebo/share/turtlebot3_gazebo/package.bash'
[0.474s] INFO:colcon.colcon_core.shell:Creating package script '/home/hossam-omar/nav2_ws/install/turtlebot3_gazebo/share/turtlebot3_gazebo/package.zsh'
[0.474s] Level 1:colcon.colcon_core.environment:create_file_with_runtime_dependencies(/home/hossam-omar/nav2_ws/install/turtlebot3_gazebo/share/colcon-core/packages/turtlebot3_gazebo)
[0.474s] Level 1:colcon.colcon_core.environment:create_environment_scripts_only(turtlebot3_gazebo)
[0.474s] Level 1:colcon.colcon_core.environment:checking '/home/hossam-omar/nav2_ws/install/turtlebot3_gazebo' for CMake module files
[0.475s] Level 1:colcon.colcon_core.environment:checking '/home/hossam-omar/nav2_ws/install/turtlebot3_gazebo' for CMake config files
[0.475s] Level 1:colcon.colcon_core.shell:create_environment_hook('turtlebot3_gazebo', 'cmake_prefix_path')
[0.475s] INFO:colcon.colcon_core.shell:Creating environment hook '/home/hossam-omar/nav2_ws/install/turtlebot3_gazebo/share/turtlebot3_gazebo/hook/cmake_prefix_path.ps1'
[0.475s] INFO:colcon.colcon_core.shell:Creating environment descriptor '/home/hossam-omar/nav2_ws/install/turtlebot3_gazebo/share/turtlebot3_gazebo/hook/cmake_prefix_path.dsv'
[0.476s] INFO:colcon.colcon_core.shell:Creating environment hook '/home/hossam-omar/nav2_ws/install/turtlebot3_gazebo/share/turtlebot3_gazebo/hook/cmake_prefix_path.sh'
[0.476s] Level 1:colcon.colcon_core.environment:checking '/home/hossam-omar/nav2_ws/install/turtlebot3_gazebo/lib'
[0.476s] Level 1:colcon.colcon_core.environment:checking '/home/hossam-omar/nav2_ws/install/turtlebot3_gazebo/bin'
[0.476s] Level 1:colcon.colcon_core.environment:checking '/home/hossam-omar/nav2_ws/install/turtlebot3_gazebo/lib/pkgconfig/turtlebot3_gazebo.pc'
[0.476s] Level 1:colcon.colcon_core.environment:checking '/home/hossam-omar/nav2_ws/install/turtlebot3_gazebo/lib/python3.10/site-packages'
[0.476s] Level 1:colcon.colcon_core.environment:checking '/home/hossam-omar/nav2_ws/install/turtlebot3_gazebo/bin'
[0.476s] INFO:colcon.colcon_core.shell:Creating package script '/home/hossam-omar/nav2_ws/install/turtlebot3_gazebo/share/turtlebot3_gazebo/package.ps1'
[0.477s] INFO:colcon.colcon_core.shell:Creating package descriptor '/home/hossam-omar/nav2_ws/install/turtlebot3_gazebo/share/turtlebot3_gazebo/package.dsv'
[0.477s] INFO:colcon.colcon_core.shell:Creating package script '/home/hossam-omar/nav2_ws/install/turtlebot3_gazebo/share/turtlebot3_gazebo/package.sh'
[0.477s] INFO:colcon.colcon_core.shell:Creating package script '/home/hossam-omar/nav2_ws/install/turtlebot3_gazebo/share/turtlebot3_gazebo/package.bash'
[0.478s] INFO:colcon.colcon_core.shell:Creating package script '/home/hossam-omar/nav2_ws/install/turtlebot3_gazebo/share/turtlebot3_gazebo/package.zsh'
[0.478s] Level 1:colcon.colcon_core.environment:create_file_with_runtime_dependencies(/home/hossam-omar/nav2_ws/install/turtlebot3_gazebo/share/colcon-core/packages/turtlebot3_gazebo)
[0.478s] INFO:colcon.colcon_ros.task.ament_cmake.build:Building ROS package in '/home/hossam-omar/nav2_ws/src/turtlebot3_simulations' with build type 'ament_cmake'
[0.478s] INFO:colcon.colcon_cmake.task.cmake.build:Building CMake package in '/home/hossam-omar/nav2_ws/src/turtlebot3_simulations'
[0.478s] INFO:colcon.colcon_core.shell:Skip shell extension 'powershell' for command environment: Not usable outside of PowerShell
[0.478s] DEBUG:colcon.colcon_core.shell:Skip shell extension 'dsv' for command environment
[0.489s] DEBUG:colcon.colcon_core.event_handler.log_command:Invoking command in '/home/hossam-omar/nav2_ws/build/turtlebot3_simulations': CMAKE_PREFIX_PATH=/home/hossam-omar/nav2_ws/install/turtlebot3_manipulation_gazebo:/home/hossam-omar/nav2_ws/install/turtlebot3_gazebo:/home/hossam-omar/nav2_ws/install/turtlebot3_fake_node:/home/hossam-omar/nav2_ws/install/turtlebot3_simulations:/home/hossam-omar/ros2_ws/install/rtabmap_ros:/home/hossam-omar/ros2_ws/install/rtabmap_launch:/home/hossam-omar/ros2_ws/install/rtabmap_examples:/home/hossam-omar/ros2_ws/install/rtabmap_demos:/home/hossam-omar/ros2_ws/install/rtabmap_viz:/home/hossam-omar/ros2_ws/install/rtabmap_slam:/home/hossam-omar/ros2_ws/install/rtabmap_odom:/home/hossam-omar/ros2_ws/install/rtabmap_util:/home/hossam-omar/ros2_ws/install/rtabmap_sync:/home/hossam-omar/ros2_ws/install/rtabmap_rviz_plugins:/home/hossam-omar/ros2_ws/install/rtabmap_conversions:/home/hossam-omar/ros2_ws/install/rtabmap_msgs:/home/hossam-omar/ros2_ws/install/rtabmap:/home/hossam-omar/ros2_ws/install/champ_teleop:/home/hossam-omar/ros2_ws/install/champ_navigation:/home/hossam-omar/ros2_ws/install/champ_gazebo:/home/hossam-omar/ros2_ws/install/champ_bringup:/home/hossam-omar/ros2_ws/install/champ_base:/home/hossam-omar/ros2_ws/install/champ_msgs:/home/hossam-omar/ros2_ws/install/champ_description:/home/hossam-omar/ros2_ws/install/champ_config:/home/hossam-omar/ros2_ws/install/champ:/home/hossam-omar/ros2_ws/install/rtabmap_python:/opt/ros/humble /usr/bin/cmake --build /home/hossam-omar/nav2_ws/build/turtlebot3_simulations -- -j12 -l12
[0.526s] DEBUG:colcon.colcon_core.event_handler.log_command:Invoked command in '/home/hossam-omar/nav2_ws/build/turtlebot3_simulations' returned '0': CMAKE_PREFIX_PATH=/home/hossam-omar/nav2_ws/install/turtlebot3_manipulation_gazebo:/home/hossam-omar/nav2_ws/install/turtlebot3_gazebo:/home/hossam-omar/nav2_ws/install/turtlebot3_fake_node:/home/hossam-omar/nav2_ws/install/turtlebot3_simulations:/home/hossam-omar/ros2_ws/install/rtabmap_ros:/home/hossam-omar/ros2_ws/install/rtabmap_launch:/home/hossam-omar/ros2_ws/install/rtabmap_examples:/home/hossam-omar/ros2_ws/install/rtabmap_demos:/home/hossam-omar/ros2_ws/install/rtabmap_viz:/home/hossam-omar/ros2_ws/install/rtabmap_slam:/home/hossam-omar/ros2_ws/install/rtabmap_odom:/home/hossam-omar/ros2_ws/install/rtabmap_util:/home/hossam-omar/ros2_ws/install/rtabmap_sync:/home/hossam-omar/ros2_ws/install/rtabmap_rviz_plugins:/home/hossam-omar/ros2_ws/install/rtabmap_conversions:/home/hossam-omar/ros2_ws/install/rtabmap_msgs:/home/hossam-omar/ros2_ws/install/rtabmap:/home/hossam-omar/ros2_ws/install/champ_teleop:/home/hossam-omar/ros2_ws/install/champ_navigation:/home/hossam-omar/ros2_ws/install/champ_gazebo:/home/hossam-omar/ros2_ws/install/champ_bringup:/home/hossam-omar/ros2_ws/install/champ_base:/home/hossam-omar/ros2_ws/install/champ_msgs:/home/hossam-omar/ros2_ws/install/champ_description:/home/hossam-omar/ros2_ws/install/champ_config:/home/hossam-omar/ros2_ws/install/champ:/home/hossam-omar/ros2_ws/install/rtabmap_python:/opt/ros/humble /usr/bin/cmake --build /home/hossam-omar/nav2_ws/build/turtlebot3_simulations -- -j12 -l12
[0.528s] DEBUG:colcon.colcon_core.event_handler.log_command:Invoking command in '/home/hossam-omar/nav2_ws/build/turtlebot3_simulations': CMAKE_PREFIX_PATH=/home/hossam-omar/nav2_ws/install/turtlebot3_manipulation_gazebo:/home/hossam-omar/nav2_ws/install/turtlebot3_gazebo:/home/hossam-omar/nav2_ws/install/turtlebot3_fake_node:/home/hossam-omar/nav2_ws/install/turtlebot3_simulations:/home/hossam-omar/ros2_ws/install/rtabmap_ros:/home/hossam-omar/ros2_ws/install/rtabmap_launch:/home/hossam-omar/ros2_ws/install/rtabmap_examples:/home/hossam-omar/ros2_ws/install/rtabmap_demos:/home/hossam-omar/ros2_ws/install/rtabmap_viz:/home/hossam-omar/ros2_ws/install/rtabmap_slam:/home/hossam-omar/ros2_ws/install/rtabmap_odom:/home/hossam-omar/ros2_ws/install/rtabmap_util:/home/hossam-omar/ros2_ws/install/rtabmap_sync:/home/hossam-omar/ros2_ws/install/rtabmap_rviz_plugins:/home/hossam-omar/ros2_ws/install/rtabmap_conversions:/home/hossam-omar/ros2_ws/install/rtabmap_msgs:/home/hossam-omar/ros2_ws/install/rtabmap:/home/hossam-omar/ros2_ws/install/champ_teleop:/home/hossam-omar/ros2_ws/install/champ_navigation:/home/hossam-omar/ros2_ws/install/champ_gazebo:/home/hossam-omar/ros2_ws/install/champ_bringup:/home/hossam-omar/ros2_ws/install/champ_base:/home/hossam-omar/ros2_ws/install/champ_msgs:/home/hossam-omar/ros2_ws/install/champ_description:/home/hossam-omar/ros2_ws/install/champ_config:/home/hossam-omar/ros2_ws/install/champ:/home/hossam-omar/ros2_ws/install/rtabmap_python:/opt/ros/humble /usr/bin/cmake --install /home/hossam-omar/nav2_ws/build/turtlebot3_simulations
[0.547s] Level 1:colcon.colcon_core.environment:create_environment_scripts_only(turtlebot3_simulations)
[0.547s] Level 1:colcon.colcon_core.environment:checking '/home/hossam-omar/nav2_ws/install/turtlebot3_simulations' for CMake module files
[0.547s] DEBUG:colcon.colcon_core.event_handler.log_command:Invoked command in '/home/hossam-omar/nav2_ws/build/turtlebot3_simulations' returned '0': CMAKE_PREFIX_PATH=/home/hossam-omar/nav2_ws/install/turtlebot3_manipulation_gazebo:/home/hossam-omar/nav2_ws/install/turtlebot3_gazebo:/home/hossam-omar/nav2_ws/install/turtlebot3_fake_node:/home/hossam-omar/nav2_ws/install/turtlebot3_simulations:/home/hossam-omar/ros2_ws/install/rtabmap_ros:/home/hossam-omar/ros2_ws/install/rtabmap_launch:/home/hossam-omar/ros2_ws/install/rtabmap_examples:/home/hossam-omar/ros2_ws/install/rtabmap_demos:/home/hossam-omar/ros2_ws/install/rtabmap_viz:/home/hossam-omar/ros2_ws/install/rtabmap_slam:/home/hossam-omar/ros2_ws/install/rtabmap_odom:/home/hossam-omar/ros2_ws/install/rtabmap_util:/home/hossam-omar/ros2_ws/install/rtabmap_sync:/home/hossam-omar/ros2_ws/install/rtabmap_rviz_plugins:/home/hossam-omar/ros2_ws/install/rtabmap_conversions:/home/hossam-omar/ros2_ws/install/rtabmap_msgs:/home/hossam-omar/ros2_ws/install/rtabmap:/home/hossam-omar/ros2_ws/install/champ_teleop:/home/hossam-omar/ros2_ws/install/champ_navigation:/home/hossam-omar/ros2_ws/install/champ_gazebo:/home/hossam-omar/ros2_ws/install/champ_bringup:/home/hossam-omar/ros2_ws/install/champ_base:/home/hossam-omar/ros2_ws/install/champ_msgs:/home/hossam-omar/ros2_ws/install/champ_description:/home/hossam-omar/ros2_ws/install/champ_config:/home/hossam-omar/ros2_ws/install/champ:/home/hossam-omar/ros2_ws/install/rtabmap_python:/opt/ros/humble /usr/bin/cmake --install /home/hossam-omar/nav2_ws/build/turtlebot3_simulations
[0.547s] Level 1:colcon.colcon_core.environment:checking '/home/hossam-omar/nav2_ws/install/turtlebot3_simulations' for CMake config files
[0.548s] Level 1:colcon.colcon_core.shell:create_environment_hook('turtlebot3_simulations', 'cmake_prefix_path')
[0.548s] INFO:colcon.colcon_core.shell:Creating environment hook '/home/hossam-omar/nav2_ws/install/turtlebot3_simulations/share/turtlebot3_simulations/hook/cmake_prefix_path.ps1'
[0.548s] INFO:colcon.colcon_core.shell:Creating environment descriptor '/home/hossam-omar/nav2_ws/install/turtlebot3_simulations/share/turtlebot3_simulations/hook/cmake_prefix_path.dsv'
[0.548s] INFO:colcon.colcon_core.shell:Creating environment hook '/home/hossam-omar/nav2_ws/install/turtlebot3_simulations/share/turtlebot3_simulations/hook/cmake_prefix_path.sh'
[0.549s] Level 1:colcon.colcon_core.environment:checking '/home/hossam-omar/nav2_ws/install/turtlebot3_simulations/bin'
[0.549s] Level 1:colcon.colcon_core.environment:checking '/home/hossam-omar/nav2_ws/install/turtlebot3_simulations/lib/pkgconfig/turtlebot3_simulations.pc'
[0.549s] Level 1:colcon.colcon_core.environment:checking '/home/hossam-omar/nav2_ws/install/turtlebot3_simulations/lib/python3.10/site-packages'
[0.549s] Level 1:colcon.colcon_core.environment:checking '/home/hossam-omar/nav2_ws/install/turtlebot3_simulations/bin'
[0.549s] INFO:colcon.colcon_core.shell:Creating package script '/home/hossam-omar/nav2_ws/install/turtlebot3_simulations/share/turtlebot3_simulations/package.ps1'
[0.550s] INFO:colcon.colcon_core.shell:Creating package descriptor '/home/hossam-omar/nav2_ws/install/turtlebot3_simulations/share/turtlebot3_simulations/package.dsv'
[0.550s] INFO:colcon.colcon_core.shell:Creating package script '/home/hossam-omar/nav2_ws/install/turtlebot3_simulations/share/turtlebot3_simulations/package.sh'
[0.550s] INFO:colcon.colcon_core.shell:Creating package script '/home/hossam-omar/nav2_ws/install/turtlebot3_simulations/share/turtlebot3_simulations/package.bash'
[0.550s] INFO:colcon.colcon_core.shell:Creating package script '/home/hossam-omar/nav2_ws/install/turtlebot3_simulations/share/turtlebot3_simulations/package.zsh'
[0.551s] Level 1:colcon.colcon_core.environment:create_file_with_runtime_dependencies(/home/hossam-omar/nav2_ws/install/turtlebot3_simulations/share/colcon-core/packages/turtlebot3_simulations)
[0.551s] Level 1:colcon.colcon_core.environment:create_environment_scripts_only(turtlebot3_simulations)
[0.551s] Level 1:colcon.colcon_core.environment:checking '/home/hossam-omar/nav2_ws/install/turtlebot3_simulations' for CMake module files
[0.552s] Level 1:colcon.colcon_core.environment:checking '/home/hossam-omar/nav2_ws/install/turtlebot3_simulations' for CMake config files
[0.552s] Level 1:colcon.colcon_core.shell:create_environment_hook('turtlebot3_simulations', 'cmake_prefix_path')
[0.552s] INFO:colcon.colcon_core.shell:Creating environment hook '/home/hossam-omar/nav2_ws/install/turtlebot3_simulations/share/turtlebot3_simulations/hook/cmake_prefix_path.ps1'
[0.552s] INFO:colcon.colcon_core.shell:Creating environment descriptor '/home/hossam-omar/nav2_ws/install/turtlebot3_simulations/share/turtlebot3_simulations/hook/cmake_prefix_path.dsv'
[0.553s] INFO:colcon.colcon_core.shell:Creating environment hook '/home/hossam-omar/nav2_ws/install/turtlebot3_simulations/share/turtlebot3_simulations/hook/cmake_prefix_path.sh'
[0.553s] Level 1:colcon.colcon_core.environment:checking '/home/hossam-omar/nav2_ws/install/turtlebot3_simulations/bin'
[0.553s] Level 1:colcon.colcon_core.environment:checking '/home/hossam-omar/nav2_ws/install/turtlebot3_simulations/lib/pkgconfig/turtlebot3_simulations.pc'
[0.553s] Level 1:colcon.colcon_core.environment:checking '/home/hossam-omar/nav2_ws/install/turtlebot3_simulations/lib/python3.10/site-packages'
[0.553s] Level 1:colcon.colcon_core.environment:checking '/home/hossam-omar/nav2_ws/install/turtlebot3_simulations/bin'
[0.554s] INFO:colcon.colcon_core.shell:Creating package script '/home/hossam-omar/nav2_ws/install/turtlebot3_simulations/share/turtlebot3_simulations/package.ps1'
[0.554s] INFO:colcon.colcon_core.shell:Creating package descriptor '/home/hossam-omar/nav2_ws/install/turtlebot3_simulations/share/turtlebot3_simulations/package.dsv'
[0.554s] INFO:colcon.colcon_core.shell:Creating package script '/home/hossam-omar/nav2_ws/install/turtlebot3_simulations/share/turtlebot3_simulations/package.sh'
[0.555s] INFO:colcon.colcon_core.shell:Creating package script '/home/hossam-omar/nav2_ws/install/turtlebot3_simulations/share/turtlebot3_simulations/package.bash'
[0.555s] INFO:colcon.colcon_core.shell:Creating package script '/home/hossam-omar/nav2_ws/install/turtlebot3_simulations/share/turtlebot3_simulations/package.zsh'
[0.555s] Level 1:colcon.colcon_core.environment:create_file_with_runtime_dependencies(/home/hossam-omar/nav2_ws/install/turtlebot3_simulations/share/colcon-core/packages/turtlebot3_simulations)
[0.555s] DEBUG:colcon.colcon_parallel_executor.executor.parallel:closing loop
[0.556s] DEBUG:colcon.colcon_parallel_executor.executor.parallel:loop closed
[0.556s] DEBUG:colcon.colcon_parallel_executor.executor.parallel:run_until_complete finished with '0'
[0.556s] DEBUG:colcon.colcon_core.event_reactor:joining thread
[0.560s] INFO:colcon.colcon_core.plugin_system:Skipping extension 'colcon_notification.desktop_notification.terminal_notifier': Not used on non-Darwin systems
[0.560s] INFO:colcon.colcon_core.plugin_system:Skipping extension 'colcon_notification.desktop_notification.win32': Not used on non-Windows systems
[0.560s] INFO:colcon.colcon_notification.desktop_notification:Sending desktop notification using 'notify2'
[0.568s] DEBUG:colcon.colcon_core.event_reactor:joined thread
[0.568s] INFO:colcon.colcon_core.shell:Creating prefix script '/home/hossam-omar/nav2_ws/install/local_setup.ps1'
[0.569s] INFO:colcon.colcon_core.shell:Creating prefix util module '/home/hossam-omar/nav2_ws/install/_local_setup_util_ps1.py'
[0.570s] INFO:colcon.colcon_core.shell:Creating prefix chain script '/home/hossam-omar/nav2_ws/install/setup.ps1'
[0.572s] INFO:colcon.colcon_core.shell:Creating prefix script '/home/hossam-omar/nav2_ws/install/local_setup.sh'
[0.572s] INFO:colcon.colcon_core.shell:Creating prefix util module '/home/hossam-omar/nav2_ws/install/_local_setup_util_sh.py'
[0.573s] INFO:colcon.colcon_core.shell:Creating prefix chain script '/home/hossam-omar/nav2_ws/install/setup.sh'
[0.574s] INFO:colcon.colcon_core.shell:Creating prefix script '/home/hossam-omar/nav2_ws/install/local_setup.bash'
[0.575s] INFO:colcon.colcon_core.shell:Creating prefix chain script '/home/hossam-omar/nav2_ws/install/setup.bash'
[0.576s] INFO:colcon.colcon_core.shell:Creating prefix script '/home/hossam-omar/nav2_ws/install/local_setup.zsh'
[0.577s] INFO:colcon.colcon_core.shell:Creating prefix chain script '/home/hossam-omar/nav2_ws/install/setup.zsh'
