[0.085s] DEBUG:colcon:Command line arguments: ['/usr/bin/colcon', 'build']
[0.085s] DEBUG:colcon:Parsed command line arguments: Namespace(log_base=None, log_level=None, verb_name='build', build_base='build', install_base='install', merge_install=False, symlink_install=False, test_result_base=None, continue_on_error=False, executor='parallel', parallel_workers=12, event_handlers=None, ignore_user_meta=False, metas=['./colcon.meta'], base_paths=['.'], packages_ignore=None, packages_ignore_regex=None, paths=None, packages_up_to=None, packages_up_to_regex=None, packages_above=None, packages_above_and_dependencies=None, packages_above_depth=None, packages_select_by_dep=None, packages_skip_by_dep=None, packages_skip_up_to=None, packages_select_build_failed=False, packages_skip_build_finished=False, packages_select_test_failures=False, packages_skip_test_passed=False, packages_select=None, packages_skip=None, packages_select_regex=None, packages_skip_regex=None, packages_start=None, packages_end=None, allow_overriding=[], cmake_args=None, cmake_target=None, cmake_target_skip_unavailable=False, cmake_clean_cache=False, cmake_clean_first=False, cmake_force_configure=False, ament_cmake_args=None, catkin_cmake_args=None, catkin_skip_building_tests=False, mixin_files=None, mixin=None, verb_parser=<colcon_mixin.mixin.mixin_argument.MixinArgumentDecorator object at 0x7e8f42507f40>, verb_extension=<colcon_core.verb.build.BuildVerb object at 0x7e8f42688e80>, main=<bound method BuildVerb.main of <colcon_core.verb.build.BuildVerb object at 0x7e8f42688e80>>, mixin_verb=('build',))
[0.227s] Level 1:colcon.colcon_core.package_discovery:discover_packages(colcon_meta) check parameters
[0.227s] Level 1:colcon.colcon_core.package_discovery:discover_packages(recursive) check parameters
[0.227s] Level 1:colcon.colcon_core.package_discovery:discover_packages(ignore) check parameters
[0.227s] Level 1:colcon.colcon_core.package_discovery:discover_packages(path) check parameters
[0.227s] Level 1:colcon.colcon_core.package_discovery:discover_packages(colcon_meta) discover
[0.227s] Level 1:colcon.colcon_core.package_discovery:discover_packages(recursive) discover
[0.227s] INFO:colcon.colcon_core.package_discovery:Crawling recursively for packages in '/home/hossam-omar/nav2_ws'
[0.227s] Level 1:colcon.colcon_core.package_identification:_identify(.) by extensions ['ignore', 'ignore_ament_install']
[0.227s] Level 1:colcon.colcon_core.package_identification:_identify(.) by extension 'ignore'
[0.227s] Level 1:colcon.colcon_core.package_identification:_identify(.) by extension 'ignore_ament_install'
[0.227s] Level 1:colcon.colcon_core.package_identification:_identify(.) by extensions ['colcon_pkg']
[0.227s] Level 1:colcon.colcon_core.package_identification:_identify(.) by extension 'colcon_pkg'
[0.227s] Level 1:colcon.colcon_core.package_identification:_identify(.) by extensions ['colcon_meta']
[0.227s] Level 1:colcon.colcon_core.package_identification:_identify(.) by extension 'colcon_meta'
[0.227s] Level 1:colcon.colcon_core.package_identification:_identify(.) by extensions ['ros']
[0.227s] Level 1:colcon.colcon_core.package_identification:_identify(.) by extension 'ros'
[0.236s] Level 1:colcon.colcon_core.package_identification:_identify(.) by extensions ['cmake', 'python']
[0.236s] Level 1:colcon.colcon_core.package_identification:_identify(.) by extension 'cmake'
[0.236s] Level 1:colcon.colcon_core.package_identification:_identify(.) by extension 'python'
[0.236s] Level 1:colcon.colcon_core.package_identification:_identify(.) by extensions ['python_setup_py']
[0.236s] Level 1:colcon.colcon_core.package_identification:_identify(.) by extension 'python_setup_py'
[0.236s] Level 1:colcon.colcon_core.package_identification:_identify(build) by extensions ['ignore', 'ignore_ament_install']
[0.236s] Level 1:colcon.colcon_core.package_identification:_identify(build) by extension 'ignore'
[0.236s] Level 1:colcon.colcon_core.package_identification:_identify(build) ignored
[0.236s] Level 1:colcon.colcon_core.package_identification:_identify(install) by extensions ['ignore', 'ignore_ament_install']
[0.236s] Level 1:colcon.colcon_core.package_identification:_identify(install) by extension 'ignore'
[0.236s] Level 1:colcon.colcon_core.package_identification:_identify(install) ignored
[0.237s] Level 1:colcon.colcon_core.package_identification:_identify(log) by extensions ['ignore', 'ignore_ament_install']
[0.237s] Level 1:colcon.colcon_core.package_identification:_identify(log) by extension 'ignore'
[0.237s] Level 1:colcon.colcon_core.package_identification:_identify(log) ignored
[0.237s] Level 1:colcon.colcon_core.package_identification:_identify(maps) by extensions ['ignore', 'ignore_ament_install']
[0.237s] Level 1:colcon.colcon_core.package_identification:_identify(maps) by extension 'ignore'
[0.237s] Level 1:colcon.colcon_core.package_identification:_identify(maps) by extension 'ignore_ament_install'
[0.237s] Level 1:colcon.colcon_core.package_identification:_identify(maps) by extensions ['colcon_pkg']
[0.237s] Level 1:colcon.colcon_core.package_identification:_identify(maps) by extension 'colcon_pkg'
[0.237s] Level 1:colcon.colcon_core.package_identification:_identify(maps) by extensions ['colcon_meta']
[0.237s] Level 1:colcon.colcon_core.package_identification:_identify(maps) by extension 'colcon_meta'
[0.237s] Level 1:colcon.colcon_core.package_identification:_identify(maps) by extensions ['ros']
[0.237s] Level 1:colcon.colcon_core.package_identification:_identify(maps) by extension 'ros'
[0.237s] Level 1:colcon.colcon_core.package_identification:_identify(maps) by extensions ['cmake', 'python']
[0.237s] Level 1:colcon.colcon_core.package_identification:_identify(maps) by extension 'cmake'
[0.237s] Level 1:colcon.colcon_core.package_identification:_identify(maps) by extension 'python'
[0.237s] Level 1:colcon.colcon_core.package_identification:_identify(maps) by extensions ['python_setup_py']
[0.237s] Level 1:colcon.colcon_core.package_identification:_identify(maps) by extension 'python_setup_py'
[0.237s] Level 1:colcon.colcon_core.package_identification:_identify(src) by extensions ['ignore', 'ignore_ament_install']
[0.237s] Level 1:colcon.colcon_core.package_identification:_identify(src) by extension 'ignore'
[0.237s] Level 1:colcon.colcon_core.package_identification:_identify(src) by extension 'ignore_ament_install'
[0.238s] Level 1:colcon.colcon_core.package_identification:_identify(src) by extensions ['colcon_pkg']
[0.238s] Level 1:colcon.colcon_core.package_identification:_identify(src) by extension 'colcon_pkg'
[0.238s] Level 1:colcon.colcon_core.package_identification:_identify(src) by extensions ['colcon_meta']
[0.238s] Level 1:colcon.colcon_core.package_identification:_identify(src) by extension 'colcon_meta'
[0.238s] Level 1:colcon.colcon_core.package_identification:_identify(src) by extensions ['ros']
[0.238s] Level 1:colcon.colcon_core.package_identification:_identify(src) by extension 'ros'
[0.238s] Level 1:colcon.colcon_core.package_identification:_identify(src) by extensions ['cmake', 'python']
[0.238s] Level 1:colcon.colcon_core.package_identification:_identify(src) by extension 'cmake'
[0.238s] Level 1:colcon.colcon_core.package_identification:_identify(src) by extension 'python'
[0.238s] Level 1:colcon.colcon_core.package_identification:_identify(src) by extensions ['python_setup_py']
[0.238s] Level 1:colcon.colcon_core.package_identification:_identify(src) by extension 'python_setup_py'
[0.238s] Level 1:colcon.colcon_core.package_identification:_identify(src/turtlebot3_fake_node) by extensions ['ignore', 'ignore_ament_install']
[0.238s] Level 1:colcon.colcon_core.package_identification:_identify(src/turtlebot3_fake_node) by extension 'ignore'
[0.238s] Level 1:colcon.colcon_core.package_identification:_identify(src/turtlebot3_fake_node) by extension 'ignore_ament_install'
[0.238s] Level 1:colcon.colcon_core.package_identification:_identify(src/turtlebot3_fake_node) by extensions ['colcon_pkg']
[0.238s] Level 1:colcon.colcon_core.package_identification:_identify(src/turtlebot3_fake_node) by extension 'colcon_pkg'
[0.238s] Level 1:colcon.colcon_core.package_identification:_identify(src/turtlebot3_fake_node) by extensions ['colcon_meta']
[0.238s] Level 1:colcon.colcon_core.package_identification:_identify(src/turtlebot3_fake_node) by extension 'colcon_meta'
[0.238s] Level 1:colcon.colcon_core.package_identification:_identify(src/turtlebot3_fake_node) by extensions ['ros']
[0.238s] Level 1:colcon.colcon_core.package_identification:_identify(src/turtlebot3_fake_node) by extension 'ros'
[0.247s] DEBUG:colcon.colcon_core.package_identification:Package 'src/turtlebot3_fake_node' with type 'ros.ament_cmake' and name 'turtlebot3_fake_node'
[0.248s] Level 1:colcon.colcon_core.package_identification:_identify(src/turtlebot3_gazebo) by extensions ['ignore', 'ignore_ament_install']
[0.248s] Level 1:colcon.colcon_core.package_identification:_identify(src/turtlebot3_gazebo) by extension 'ignore'
[0.248s] Level 1:colcon.colcon_core.package_identification:_identify(src/turtlebot3_gazebo) by extension 'ignore_ament_install'
[0.248s] Level 1:colcon.colcon_core.package_identification:_identify(src/turtlebot3_gazebo) by extensions ['colcon_pkg']
[0.248s] Level 1:colcon.colcon_core.package_identification:_identify(src/turtlebot3_gazebo) by extension 'colcon_pkg'
[0.248s] Level 1:colcon.colcon_core.package_identification:_identify(src/turtlebot3_gazebo) by extensions ['colcon_meta']
[0.248s] Level 1:colcon.colcon_core.package_identification:_identify(src/turtlebot3_gazebo) by extension 'colcon_meta'
[0.248s] Level 1:colcon.colcon_core.package_identification:_identify(src/turtlebot3_gazebo) by extensions ['ros']
[0.248s] Level 1:colcon.colcon_core.package_identification:_identify(src/turtlebot3_gazebo) by extension 'ros'
[0.249s] DEBUG:colcon.colcon_core.package_identification:Package 'src/turtlebot3_gazebo' with type 'ros.ament_cmake' and name 'turtlebot3_gazebo'
[0.249s] Level 1:colcon.colcon_core.package_identification:_identify(src/turtlebot3_manipulation_gazebo) by extensions ['ignore', 'ignore_ament_install']
[0.249s] Level 1:colcon.colcon_core.package_identification:_identify(src/turtlebot3_manipulation_gazebo) by extension 'ignore'
[0.249s] Level 1:colcon.colcon_core.package_identification:_identify(src/turtlebot3_manipulation_gazebo) by extension 'ignore_ament_install'
[0.249s] Level 1:colcon.colcon_core.package_identification:_identify(src/turtlebot3_manipulation_gazebo) by extensions ['colcon_pkg']
[0.249s] Level 1:colcon.colcon_core.package_identification:_identify(src/turtlebot3_manipulation_gazebo) by extension 'colcon_pkg'
[0.249s] Level 1:colcon.colcon_core.package_identification:_identify(src/turtlebot3_manipulation_gazebo) by extensions ['colcon_meta']
[0.249s] Level 1:colcon.colcon_core.package_identification:_identify(src/turtlebot3_manipulation_gazebo) by extension 'colcon_meta'
[0.249s] Level 1:colcon.colcon_core.package_identification:_identify(src/turtlebot3_manipulation_gazebo) by extensions ['ros']
[0.249s] Level 1:colcon.colcon_core.package_identification:_identify(src/turtlebot3_manipulation_gazebo) by extension 'ros'
[0.249s] DEBUG:colcon.colcon_core.package_identification:Package 'src/turtlebot3_manipulation_gazebo' with type 'ros.ament_cmake' and name 'turtlebot3_manipulation_gazebo'
[0.250s] Level 1:colcon.colcon_core.package_identification:_identify(src/turtlebot3_simulations) by extensions ['ignore', 'ignore_ament_install']
[0.250s] Level 1:colcon.colcon_core.package_identification:_identify(src/turtlebot3_simulations) by extension 'ignore'
[0.250s] Level 1:colcon.colcon_core.package_identification:_identify(src/turtlebot3_simulations) by extension 'ignore_ament_install'
[0.250s] Level 1:colcon.colcon_core.package_identification:_identify(src/turtlebot3_simulations) by extensions ['colcon_pkg']
[0.250s] Level 1:colcon.colcon_core.package_identification:_identify(src/turtlebot3_simulations) by extension 'colcon_pkg'
[0.250s] Level 1:colcon.colcon_core.package_identification:_identify(src/turtlebot3_simulations) by extensions ['colcon_meta']
[0.250s] Level 1:colcon.colcon_core.package_identification:_identify(src/turtlebot3_simulations) by extension 'colcon_meta'
[0.250s] Level 1:colcon.colcon_core.package_identification:_identify(src/turtlebot3_simulations) by extensions ['ros']
[0.250s] Level 1:colcon.colcon_core.package_identification:_identify(src/turtlebot3_simulations) by extension 'ros'
[0.250s] DEBUG:colcon.colcon_core.package_identification:Package 'src/turtlebot3_simulations' with type 'ros.ament_cmake' and name 'turtlebot3_simulations'
[0.250s] Level 1:colcon.colcon_core.package_discovery:discover_packages(recursive) using defaults
[0.250s] Level 1:colcon.colcon_core.package_discovery:discover_packages(ignore) discover
[0.250s] Level 1:colcon.colcon_core.package_discovery:discover_packages(ignore) using defaults
[0.250s] Level 1:colcon.colcon_core.package_discovery:discover_packages(path) discover
[0.250s] Level 1:colcon.colcon_core.package_discovery:discover_packages(path) using defaults
[0.266s] Level 1:colcon.colcon_core.package_discovery:discover_packages(prefix_path) check parameters
[0.266s] Level 1:colcon.colcon_core.package_discovery:discover_packages(prefix_path) discover
[0.268s] DEBUG:colcon.colcon_installed_package_information.package_discovery:Found 24 installed packages in /home/hossam-omar/ros2_ws/install
[0.268s] DEBUG:colcon.colcon_installed_package_information.package_discovery:Found 1 installed packages in /home/hossam-omar/my_ros2_ws/install
[0.270s] DEBUG:colcon.colcon_installed_package_information.package_discovery:Found 488 installed packages in /opt/ros/humble
[0.272s] Level 1:colcon.colcon_core.package_discovery:discover_packages(prefix_path) using defaults
[0.316s] Level 5:colcon.colcon_core.verb:set package 'turtlebot3_fake_node' build argument 'cmake_args' from command line to 'None'
[0.316s] Level 5:colcon.colcon_core.verb:set package 'turtlebot3_fake_node' build argument 'cmake_target' from command line to 'None'
[0.316s] Level 5:colcon.colcon_core.verb:set package 'turtlebot3_fake_node' build argument 'cmake_target_skip_unavailable' from command line to 'False'
[0.316s] Level 5:colcon.colcon_core.verb:set package 'turtlebot3_fake_node' build argument 'cmake_clean_cache' from command line to 'False'
[0.316s] Level 5:colcon.colcon_core.verb:set package 'turtlebot3_fake_node' build argument 'cmake_clean_first' from command line to 'False'
[0.316s] Level 5:colcon.colcon_core.verb:set package 'turtlebot3_fake_node' build argument 'cmake_force_configure' from command line to 'False'
[0.316s] Level 5:colcon.colcon_core.verb:set package 'turtlebot3_fake_node' build argument 'ament_cmake_args' from command line to 'None'
[0.316s] Level 5:colcon.colcon_core.verb:set package 'turtlebot3_fake_node' build argument 'catkin_cmake_args' from command line to 'None'
[0.316s] Level 5:colcon.colcon_core.verb:set package 'turtlebot3_fake_node' build argument 'catkin_skip_building_tests' from command line to 'False'
[0.317s] DEBUG:colcon.colcon_core.verb:Building package 'turtlebot3_fake_node' with the following arguments: {'ament_cmake_args': None, 'build_base': '/home/hossam-omar/nav2_ws/build/turtlebot3_fake_node', 'catkin_cmake_args': None, 'catkin_skip_building_tests': False, 'cmake_args': None, 'cmake_clean_cache': False, 'cmake_clean_first': False, 'cmake_force_configure': False, 'cmake_target': None, 'cmake_target_skip_unavailable': False, 'install_base': '/home/hossam-omar/nav2_ws/install/turtlebot3_fake_node', 'merge_install': False, 'path': '/home/hossam-omar/nav2_ws/src/turtlebot3_fake_node', 'symlink_install': False, 'test_result_base': None}
[0.317s] Level 5:colcon.colcon_core.verb:set package 'turtlebot3_gazebo' build argument 'cmake_args' from command line to 'None'
[0.317s] Level 5:colcon.colcon_core.verb:set package 'turtlebot3_gazebo' build argument 'cmake_target' from command line to 'None'
[0.317s] Level 5:colcon.colcon_core.verb:set package 'turtlebot3_gazebo' build argument 'cmake_target_skip_unavailable' from command line to 'False'
[0.317s] Level 5:colcon.colcon_core.verb:set package 'turtlebot3_gazebo' build argument 'cmake_clean_cache' from command line to 'False'
[0.317s] Level 5:colcon.colcon_core.verb:set package 'turtlebot3_gazebo' build argument 'cmake_clean_first' from command line to 'False'
[0.317s] Level 5:colcon.colcon_core.verb:set package 'turtlebot3_gazebo' build argument 'cmake_force_configure' from command line to 'False'
[0.317s] Level 5:colcon.colcon_core.verb:set package 'turtlebot3_gazebo' build argument 'ament_cmake_args' from command line to 'None'
[0.317s] Level 5:colcon.colcon_core.verb:set package 'turtlebot3_gazebo' build argument 'catkin_cmake_args' from command line to 'None'
[0.317s] Level 5:colcon.colcon_core.verb:set package 'turtlebot3_gazebo' build argument 'catkin_skip_building_tests' from command line to 'False'
[0.317s] DEBUG:colcon.colcon_core.verb:Building package 'turtlebot3_gazebo' with the following arguments: {'ament_cmake_args': None, 'build_base': '/home/hossam-omar/nav2_ws/build/turtlebot3_gazebo', 'catkin_cmake_args': None, 'catkin_skip_building_tests': False, 'cmake_args': None, 'cmake_clean_cache': False, 'cmake_clean_first': False, 'cmake_force_configure': False, 'cmake_target': None, 'cmake_target_skip_unavailable': False, 'install_base': '/home/hossam-omar/nav2_ws/install/turtlebot3_gazebo', 'merge_install': False, 'path': '/home/hossam-omar/nav2_ws/src/turtlebot3_gazebo', 'symlink_install': False, 'test_result_base': None}
[0.317s] Level 5:colcon.colcon_core.verb:set package 'turtlebot3_manipulation_gazebo' build argument 'cmake_args' from command line to 'None'
[0.317s] Level 5:colcon.colcon_core.verb:set package 'turtlebot3_manipulation_gazebo' build argument 'cmake_target' from command line to 'None'
[0.317s] Level 5:colcon.colcon_core.verb:set package 'turtlebot3_manipulation_gazebo' build argument 'cmake_target_skip_unavailable' from command line to 'False'
[0.317s] Level 5:colcon.colcon_core.verb:set package 'turtlebot3_manipulation_gazebo' build argument 'cmake_clean_cache' from command line to 'False'
[0.317s] Level 5:colcon.colcon_core.verb:set package 'turtlebot3_manipulation_gazebo' build argument 'cmake_clean_first' from command line to 'False'
[0.317s] Level 5:colcon.colcon_core.verb:set package 'turtlebot3_manipulation_gazebo' build argument 'cmake_force_configure' from command line to 'False'
[0.317s] Level 5:colcon.colcon_core.verb:set package 'turtlebot3_manipulation_gazebo' build argument 'ament_cmake_args' from command line to 'None'
[0.317s] Level 5:colcon.colcon_core.verb:set package 'turtlebot3_manipulation_gazebo' build argument 'catkin_cmake_args' from command line to 'None'
[0.317s] Level 5:colcon.colcon_core.verb:set package 'turtlebot3_manipulation_gazebo' build argument 'catkin_skip_building_tests' from command line to 'False'
[0.317s] DEBUG:colcon.colcon_core.verb:Building package 'turtlebot3_manipulation_gazebo' with the following arguments: {'ament_cmake_args': None, 'build_base': '/home/hossam-omar/nav2_ws/build/turtlebot3_manipulation_gazebo', 'catkin_cmake_args': None, 'catkin_skip_building_tests': False, 'cmake_args': None, 'cmake_clean_cache': False, 'cmake_clean_first': False, 'cmake_force_configure': False, 'cmake_target': None, 'cmake_target_skip_unavailable': False, 'install_base': '/home/hossam-omar/nav2_ws/install/turtlebot3_manipulation_gazebo', 'merge_install': False, 'path': '/home/hossam-omar/nav2_ws/src/turtlebot3_manipulation_gazebo', 'symlink_install': False, 'test_result_base': None}
[0.318s] Level 5:colcon.colcon_core.verb:set package 'turtlebot3_simulations' build argument 'cmake_args' from command line to 'None'
[0.318s] Level 5:colcon.colcon_core.verb:set package 'turtlebot3_simulations' build argument 'cmake_target' from command line to 'None'
[0.318s] Level 5:colcon.colcon_core.verb:set package 'turtlebot3_simulations' build argument 'cmake_target_skip_unavailable' from command line to 'False'
[0.318s] Level 5:colcon.colcon_core.verb:set package 'turtlebot3_simulations' build argument 'cmake_clean_cache' from command line to 'False'
[0.318s] Level 5:colcon.colcon_core.verb:set package 'turtlebot3_simulations' build argument 'cmake_clean_first' from command line to 'False'
[0.318s] Level 5:colcon.colcon_core.verb:set package 'turtlebot3_simulations' build argument 'cmake_force_configure' from command line to 'False'
[0.318s] Level 5:colcon.colcon_core.verb:set package 'turtlebot3_simulations' build argument 'ament_cmake_args' from command line to 'None'
[0.318s] Level 5:colcon.colcon_core.verb:set package 'turtlebot3_simulations' build argument 'catkin_cmake_args' from command line to 'None'
[0.318s] Level 5:colcon.colcon_core.verb:set package 'turtlebot3_simulations' build argument 'catkin_skip_building_tests' from command line to 'False'
[0.318s] DEBUG:colcon.colcon_core.verb:Building package 'turtlebot3_simulations' with the following arguments: {'ament_cmake_args': None, 'build_base': '/home/hossam-omar/nav2_ws/build/turtlebot3_simulations', 'catkin_cmake_args': None, 'catkin_skip_building_tests': False, 'cmake_args': None, 'cmake_clean_cache': False, 'cmake_clean_first': False, 'cmake_force_configure': False, 'cmake_target': None, 'cmake_target_skip_unavailable': False, 'install_base': '/home/hossam-omar/nav2_ws/install/turtlebot3_simulations', 'merge_install': False, 'path': '/home/hossam-omar/nav2_ws/src/turtlebot3_simulations', 'symlink_install': False, 'test_result_base': None}
[0.318s] INFO:colcon.colcon_core.executor:Executing jobs using 'parallel' executor
[0.319s] DEBUG:colcon.colcon_parallel_executor.executor.parallel:run_until_complete
[0.319s] INFO:colcon.colcon_ros.task.ament_cmake.build:Building ROS package in '/home/hossam-omar/nav2_ws/src/turtlebot3_fake_node' with build type 'ament_cmake'
[0.319s] INFO:colcon.colcon_cmake.task.cmake.build:Building CMake package in '/home/hossam-omar/nav2_ws/src/turtlebot3_fake_node'
[0.320s] INFO:colcon.colcon_core.plugin_system:Skipping extension 'colcon_core.shell.bat': Not used on non-Windows systems
[0.321s] INFO:colcon.colcon_core.shell:Skip shell extension 'powershell' for command environment: Not usable outside of PowerShell
[0.321s] DEBUG:colcon.colcon_core.shell:Skip shell extension 'dsv' for command environment
[0.325s] INFO:colcon.colcon_ros.task.ament_cmake.build:Building ROS package in '/home/hossam-omar/nav2_ws/src/turtlebot3_gazebo' with build type 'ament_cmake'
[0.325s] INFO:colcon.colcon_cmake.task.cmake.build:Building CMake package in '/home/hossam-omar/nav2_ws/src/turtlebot3_gazebo'
[0.326s] INFO:colcon.colcon_core.shell:Skip shell extension 'powershell' for command environment: Not usable outside of PowerShell
[0.326s] DEBUG:colcon.colcon_core.shell:Skip shell extension 'dsv' for command environment
[0.330s] INFO:colcon.colcon_ros.task.ament_cmake.build:Building ROS package in '/home/hossam-omar/nav2_ws/src/turtlebot3_manipulation_gazebo' with build type 'ament_cmake'
[0.330s] INFO:colcon.colcon_cmake.task.cmake.build:Building CMake package in '/home/hossam-omar/nav2_ws/src/turtlebot3_manipulation_gazebo'
[0.330s] INFO:colcon.colcon_core.shell:Skip shell extension 'powershell' for command environment: Not usable outside of PowerShell
[0.330s] DEBUG:colcon.colcon_core.shell:Skip shell extension 'dsv' for command environment
[0.338s] DEBUG:colcon.colcon_core.event_handler.log_command:Invoking command in '/home/hossam-omar/nav2_ws/build/turtlebot3_fake_node': CMAKE_PREFIX_PATH=${CMAKE_PREFIX_PATH}:/home/hossam-omar/my_ros2_ws/install/my_robot_controller:/home/hossam-omar/ros2_ws/install/rtabmap_python:/opt/ros/humble /usr/bin/cmake /home/hossam-omar/nav2_ws/src/turtlebot3_fake_node -DCMAKE_INSTALL_PREFIX=/home/hossam-omar/nav2_ws/install/turtlebot3_fake_node
[0.340s] DEBUG:colcon.colcon_core.event_handler.log_command:Invoking command in '/home/hossam-omar/nav2_ws/build/turtlebot3_gazebo': CMAKE_PREFIX_PATH=${CMAKE_PREFIX_PATH}:/home/hossam-omar/my_ros2_ws/install/my_robot_controller:/home/hossam-omar/ros2_ws/install/rtabmap_python:/opt/ros/humble /usr/bin/cmake /home/hossam-omar/nav2_ws/src/turtlebot3_gazebo -DCMAKE_INSTALL_PREFIX=/home/hossam-omar/nav2_ws/install/turtlebot3_gazebo
[0.342s] DEBUG:colcon.colcon_core.event_handler.log_command:Invoking command in '/home/hossam-omar/nav2_ws/build/turtlebot3_manipulation_gazebo': CMAKE_PREFIX_PATH=${CMAKE_PREFIX_PATH}:/home/hossam-omar/my_ros2_ws/install/my_robot_controller:/home/hossam-omar/ros2_ws/install/rtabmap_python:/opt/ros/humble /usr/bin/cmake /home/hossam-omar/nav2_ws/src/turtlebot3_manipulation_gazebo -DCMAKE_INSTALL_PREFIX=/home/hossam-omar/nav2_ws/install/turtlebot3_manipulation_gazebo
[0.922s] DEBUG:colcon.colcon_core.event_handler.log_command:Invoked command in '/home/hossam-omar/nav2_ws/build/turtlebot3_manipulation_gazebo' returned '0': CMAKE_PREFIX_PATH=${CMAKE_PREFIX_PATH}:/home/hossam-omar/my_ros2_ws/install/my_robot_controller:/home/hossam-omar/ros2_ws/install/rtabmap_python:/opt/ros/humble /usr/bin/cmake /home/hossam-omar/nav2_ws/src/turtlebot3_manipulation_gazebo -DCMAKE_INSTALL_PREFIX=/home/hossam-omar/nav2_ws/install/turtlebot3_manipulation_gazebo
[0.923s] DEBUG:colcon.colcon_core.event_handler.log_command:Invoking command in '/home/hossam-omar/nav2_ws/build/turtlebot3_manipulation_gazebo': CMAKE_PREFIX_PATH=${CMAKE_PREFIX_PATH}:/home/hossam-omar/my_ros2_ws/install/my_robot_controller:/home/hossam-omar/ros2_ws/install/rtabmap_python:/opt/ros/humble /usr/bin/cmake --build /home/hossam-omar/nav2_ws/build/turtlebot3_manipulation_gazebo -- -j12 -l12
[0.963s] DEBUG:colcon.colcon_core.event_handler.log_command:Invoked command in '/home/hossam-omar/nav2_ws/build/turtlebot3_manipulation_gazebo' returned '0': CMAKE_PREFIX_PATH=${CMAKE_PREFIX_PATH}:/home/hossam-omar/my_ros2_ws/install/my_robot_controller:/home/hossam-omar/ros2_ws/install/rtabmap_python:/opt/ros/humble /usr/bin/cmake --build /home/hossam-omar/nav2_ws/build/turtlebot3_manipulation_gazebo -- -j12 -l12
[0.973s] DEBUG:colcon.colcon_core.event_handler.log_command:Invoking command in '/home/hossam-omar/nav2_ws/build/turtlebot3_manipulation_gazebo': CMAKE_PREFIX_PATH=${CMAKE_PREFIX_PATH}:/home/hossam-omar/my_ros2_ws/install/my_robot_controller:/home/hossam-omar/ros2_ws/install/rtabmap_python:/opt/ros/humble /usr/bin/cmake --install /home/hossam-omar/nav2_ws/build/turtlebot3_manipulation_gazebo
[1.013s] Level 1:colcon.colcon_core.environment:create_environment_scripts_only(turtlebot3_manipulation_gazebo)
[1.014s] DEBUG:colcon.colcon_core.event_handler.log_command:Invoked command in '/home/hossam-omar/nav2_ws/build/turtlebot3_manipulation_gazebo' returned '0': CMAKE_PREFIX_PATH=${CMAKE_PREFIX_PATH}:/home/hossam-omar/my_ros2_ws/install/my_robot_controller:/home/hossam-omar/ros2_ws/install/rtabmap_python:/opt/ros/humble /usr/bin/cmake --install /home/hossam-omar/nav2_ws/build/turtlebot3_manipulation_gazebo
[1.015s] Level 1:colcon.colcon_core.environment:checking '/home/hossam-omar/nav2_ws/install/turtlebot3_manipulation_gazebo' for CMake module files
[1.016s] Level 1:colcon.colcon_core.environment:checking '/home/hossam-omar/nav2_ws/install/turtlebot3_manipulation_gazebo' for CMake config files
[1.016s] Level 1:colcon.colcon_core.shell:create_environment_hook('turtlebot3_manipulation_gazebo', 'cmake_prefix_path')
[1.016s] INFO:colcon.colcon_core.shell:Creating environment hook '/home/hossam-omar/nav2_ws/install/turtlebot3_manipulation_gazebo/share/turtlebot3_manipulation_gazebo/hook/cmake_prefix_path.ps1'
[1.017s] INFO:colcon.colcon_core.shell:Creating environment descriptor '/home/hossam-omar/nav2_ws/install/turtlebot3_manipulation_gazebo/share/turtlebot3_manipulation_gazebo/hook/cmake_prefix_path.dsv'
[1.017s] INFO:colcon.colcon_core.shell:Creating environment hook '/home/hossam-omar/nav2_ws/install/turtlebot3_manipulation_gazebo/share/turtlebot3_manipulation_gazebo/hook/cmake_prefix_path.sh'
[1.017s] Level 1:colcon.colcon_core.environment:checking '/home/hossam-omar/nav2_ws/install/turtlebot3_manipulation_gazebo/bin'
[1.017s] Level 1:colcon.colcon_core.environment:checking '/home/hossam-omar/nav2_ws/install/turtlebot3_manipulation_gazebo/lib/pkgconfig/turtlebot3_manipulation_gazebo.pc'
[1.018s] Level 1:colcon.colcon_core.environment:checking '/home/hossam-omar/nav2_ws/install/turtlebot3_manipulation_gazebo/lib/python3.10/site-packages'
[1.018s] Level 1:colcon.colcon_core.environment:checking '/home/hossam-omar/nav2_ws/install/turtlebot3_manipulation_gazebo/bin'
[1.018s] INFO:colcon.colcon_core.shell:Creating package script '/home/hossam-omar/nav2_ws/install/turtlebot3_manipulation_gazebo/share/turtlebot3_manipulation_gazebo/package.ps1'
[1.019s] INFO:colcon.colcon_core.shell:Creating package descriptor '/home/hossam-omar/nav2_ws/install/turtlebot3_manipulation_gazebo/share/turtlebot3_manipulation_gazebo/package.dsv'
[1.019s] INFO:colcon.colcon_core.shell:Creating package script '/home/hossam-omar/nav2_ws/install/turtlebot3_manipulation_gazebo/share/turtlebot3_manipulation_gazebo/package.sh'
[1.020s] INFO:colcon.colcon_core.shell:Creating package script '/home/hossam-omar/nav2_ws/install/turtlebot3_manipulation_gazebo/share/turtlebot3_manipulation_gazebo/package.bash'
[1.020s] INFO:colcon.colcon_core.shell:Creating package script '/home/hossam-omar/nav2_ws/install/turtlebot3_manipulation_gazebo/share/turtlebot3_manipulation_gazebo/package.zsh'
[1.020s] Level 1:colcon.colcon_core.environment:create_file_with_runtime_dependencies(/home/hossam-omar/nav2_ws/install/turtlebot3_manipulation_gazebo/share/colcon-core/packages/turtlebot3_manipulation_gazebo)
[1.021s] Level 1:colcon.colcon_core.environment:create_environment_scripts_only(turtlebot3_manipulation_gazebo)
[1.021s] Level 1:colcon.colcon_core.environment:checking '/home/hossam-omar/nav2_ws/install/turtlebot3_manipulation_gazebo' for CMake module files
[1.021s] Level 1:colcon.colcon_core.environment:checking '/home/hossam-omar/nav2_ws/install/turtlebot3_manipulation_gazebo' for CMake config files
[1.022s] Level 1:colcon.colcon_core.shell:create_environment_hook('turtlebot3_manipulation_gazebo', 'cmake_prefix_path')
[1.022s] INFO:colcon.colcon_core.shell:Creating environment hook '/home/hossam-omar/nav2_ws/install/turtlebot3_manipulation_gazebo/share/turtlebot3_manipulation_gazebo/hook/cmake_prefix_path.ps1'
[1.022s] INFO:colcon.colcon_core.shell:Creating environment descriptor '/home/hossam-omar/nav2_ws/install/turtlebot3_manipulation_gazebo/share/turtlebot3_manipulation_gazebo/hook/cmake_prefix_path.dsv'
[1.022s] INFO:colcon.colcon_core.shell:Creating environment hook '/home/hossam-omar/nav2_ws/install/turtlebot3_manipulation_gazebo/share/turtlebot3_manipulation_gazebo/hook/cmake_prefix_path.sh'
[1.023s] Level 1:colcon.colcon_core.environment:checking '/home/hossam-omar/nav2_ws/install/turtlebot3_manipulation_gazebo/bin'
[1.023s] Level 1:colcon.colcon_core.environment:checking '/home/hossam-omar/nav2_ws/install/turtlebot3_manipulation_gazebo/lib/pkgconfig/turtlebot3_manipulation_gazebo.pc'
[1.023s] Level 1:colcon.colcon_core.environment:checking '/home/hossam-omar/nav2_ws/install/turtlebot3_manipulation_gazebo/lib/python3.10/site-packages'
[1.023s] Level 1:colcon.colcon_core.environment:checking '/home/hossam-omar/nav2_ws/install/turtlebot3_manipulation_gazebo/bin'
[1.023s] INFO:colcon.colcon_core.shell:Creating package script '/home/hossam-omar/nav2_ws/install/turtlebot3_manipulation_gazebo/share/turtlebot3_manipulation_gazebo/package.ps1'
[1.024s] INFO:colcon.colcon_core.shell:Creating package descriptor '/home/hossam-omar/nav2_ws/install/turtlebot3_manipulation_gazebo/share/turtlebot3_manipulation_gazebo/package.dsv'
[1.024s] INFO:colcon.colcon_core.shell:Creating package script '/home/hossam-omar/nav2_ws/install/turtlebot3_manipulation_gazebo/share/turtlebot3_manipulation_gazebo/package.sh'
[1.024s] INFO:colcon.colcon_core.shell:Creating package script '/home/hossam-omar/nav2_ws/install/turtlebot3_manipulation_gazebo/share/turtlebot3_manipulation_gazebo/package.bash'
[1.025s] INFO:colcon.colcon_core.shell:Creating package script '/home/hossam-omar/nav2_ws/install/turtlebot3_manipulation_gazebo/share/turtlebot3_manipulation_gazebo/package.zsh'
[1.025s] Level 1:colcon.colcon_core.environment:create_file_with_runtime_dependencies(/home/hossam-omar/nav2_ws/install/turtlebot3_manipulation_gazebo/share/colcon-core/packages/turtlebot3_manipulation_gazebo)
[1.498s] DEBUG:colcon.colcon_core.event_handler.log_command:Invoked command in '/home/hossam-omar/nav2_ws/build/turtlebot3_fake_node' returned '0': CMAKE_PREFIX_PATH=${CMAKE_PREFIX_PATH}:/home/hossam-omar/my_ros2_ws/install/my_robot_controller:/home/hossam-omar/ros2_ws/install/rtabmap_python:/opt/ros/humble /usr/bin/cmake /home/hossam-omar/nav2_ws/src/turtlebot3_fake_node -DCMAKE_INSTALL_PREFIX=/home/hossam-omar/nav2_ws/install/turtlebot3_fake_node
[1.499s] DEBUG:colcon.colcon_core.event_handler.log_command:Invoking command in '/home/hossam-omar/nav2_ws/build/turtlebot3_fake_node': CMAKE_PREFIX_PATH=${CMAKE_PREFIX_PATH}:/home/hossam-omar/my_ros2_ws/install/my_robot_controller:/home/hossam-omar/ros2_ws/install/rtabmap_python:/opt/ros/humble /usr/bin/cmake --build /home/hossam-omar/nav2_ws/build/turtlebot3_fake_node -- -j12 -l12
[2.518s] DEBUG:colcon.colcon_core.event_handler.log_command:Invoked command in '/home/hossam-omar/nav2_ws/build/turtlebot3_gazebo' returned '0': CMAKE_PREFIX_PATH=${CMAKE_PREFIX_PATH}:/home/hossam-omar/my_ros2_ws/install/my_robot_controller:/home/hossam-omar/ros2_ws/install/rtabmap_python:/opt/ros/humble /usr/bin/cmake /home/hossam-omar/nav2_ws/src/turtlebot3_gazebo -DCMAKE_INSTALL_PREFIX=/home/hossam-omar/nav2_ws/install/turtlebot3_gazebo
[2.520s] DEBUG:colcon.colcon_core.event_handler.log_command:Invoking command in '/home/hossam-omar/nav2_ws/build/turtlebot3_gazebo': CMAKE_PREFIX_PATH=${CMAKE_PREFIX_PATH}:/home/hossam-omar/my_ros2_ws/install/my_robot_controller:/home/hossam-omar/ros2_ws/install/rtabmap_python:/opt/ros/humble /usr/bin/cmake --build /home/hossam-omar/nav2_ws/build/turtlebot3_gazebo -- -j12 -l12
[12.495s] DEBUG:colcon.colcon_core.event_handler.log_command:Invoked command in '/home/hossam-omar/nav2_ws/build/turtlebot3_fake_node' returned '0': CMAKE_PREFIX_PATH=${CMAKE_PREFIX_PATH}:/home/hossam-omar/my_ros2_ws/install/my_robot_controller:/home/hossam-omar/ros2_ws/install/rtabmap_python:/opt/ros/humble /usr/bin/cmake --build /home/hossam-omar/nav2_ws/build/turtlebot3_fake_node -- -j12 -l12
[12.497s] DEBUG:colcon.colcon_core.event_handler.log_command:Invoking command in '/home/hossam-omar/nav2_ws/build/turtlebot3_fake_node': CMAKE_PREFIX_PATH=${CMAKE_PREFIX_PATH}:/home/hossam-omar/my_ros2_ws/install/my_robot_controller:/home/hossam-omar/ros2_ws/install/rtabmap_python:/opt/ros/humble /usr/bin/cmake --install /home/hossam-omar/nav2_ws/build/turtlebot3_fake_node
[12.528s] Level 1:colcon.colcon_core.environment:create_environment_scripts_only(turtlebot3_fake_node)
[12.529s] Level 1:colcon.colcon_core.environment:checking '/home/hossam-omar/nav2_ws/install/turtlebot3_fake_node' for CMake module files
[12.529s] DEBUG:colcon.colcon_core.event_handler.log_command:Invoked command in '/home/hossam-omar/nav2_ws/build/turtlebot3_fake_node' returned '0': CMAKE_PREFIX_PATH=${CMAKE_PREFIX_PATH}:/home/hossam-omar/my_ros2_ws/install/my_robot_controller:/home/hossam-omar/ros2_ws/install/rtabmap_python:/opt/ros/humble /usr/bin/cmake --install /home/hossam-omar/nav2_ws/build/turtlebot3_fake_node
[12.530s] Level 1:colcon.colcon_core.environment:checking '/home/hossam-omar/nav2_ws/install/turtlebot3_fake_node' for CMake config files
[12.531s] Level 1:colcon.colcon_core.shell:create_environment_hook('turtlebot3_fake_node', 'cmake_prefix_path')
[12.531s] INFO:colcon.colcon_core.shell:Creating environment hook '/home/hossam-omar/nav2_ws/install/turtlebot3_fake_node/share/turtlebot3_fake_node/hook/cmake_prefix_path.ps1'
[12.532s] INFO:colcon.colcon_core.shell:Creating environment descriptor '/home/hossam-omar/nav2_ws/install/turtlebot3_fake_node/share/turtlebot3_fake_node/hook/cmake_prefix_path.dsv'
[12.532s] INFO:colcon.colcon_core.shell:Creating environment hook '/home/hossam-omar/nav2_ws/install/turtlebot3_fake_node/share/turtlebot3_fake_node/hook/cmake_prefix_path.sh'
[12.533s] Level 1:colcon.colcon_core.environment:checking '/home/hossam-omar/nav2_ws/install/turtlebot3_fake_node/lib'
[12.533s] Level 1:colcon.colcon_core.environment:checking '/home/hossam-omar/nav2_ws/install/turtlebot3_fake_node/bin'
[12.533s] Level 1:colcon.colcon_core.environment:checking '/home/hossam-omar/nav2_ws/install/turtlebot3_fake_node/lib/pkgconfig/turtlebot3_fake_node.pc'
[12.534s] Level 1:colcon.colcon_core.environment:checking '/home/hossam-omar/nav2_ws/install/turtlebot3_fake_node/lib/python3.10/site-packages'
[12.534s] Level 1:colcon.colcon_core.environment:checking '/home/hossam-omar/nav2_ws/install/turtlebot3_fake_node/bin'
[12.534s] INFO:colcon.colcon_core.shell:Creating package script '/home/hossam-omar/nav2_ws/install/turtlebot3_fake_node/share/turtlebot3_fake_node/package.ps1'
[12.535s] INFO:colcon.colcon_core.shell:Creating package descriptor '/home/hossam-omar/nav2_ws/install/turtlebot3_fake_node/share/turtlebot3_fake_node/package.dsv'
[12.536s] INFO:colcon.colcon_core.shell:Creating package script '/home/hossam-omar/nav2_ws/install/turtlebot3_fake_node/share/turtlebot3_fake_node/package.sh'
[12.536s] INFO:colcon.colcon_core.shell:Creating package script '/home/hossam-omar/nav2_ws/install/turtlebot3_fake_node/share/turtlebot3_fake_node/package.bash'
[12.536s] INFO:colcon.colcon_core.shell:Creating package script '/home/hossam-omar/nav2_ws/install/turtlebot3_fake_node/share/turtlebot3_fake_node/package.zsh'
[12.537s] Level 1:colcon.colcon_core.environment:create_file_with_runtime_dependencies(/home/hossam-omar/nav2_ws/install/turtlebot3_fake_node/share/colcon-core/packages/turtlebot3_fake_node)
[12.538s] Level 1:colcon.colcon_core.environment:create_environment_scripts_only(turtlebot3_fake_node)
[12.538s] Level 1:colcon.colcon_core.environment:checking '/home/hossam-omar/nav2_ws/install/turtlebot3_fake_node' for CMake module files
[12.539s] Level 1:colcon.colcon_core.environment:checking '/home/hossam-omar/nav2_ws/install/turtlebot3_fake_node' for CMake config files
[12.539s] Level 1:colcon.colcon_core.shell:create_environment_hook('turtlebot3_fake_node', 'cmake_prefix_path')
[12.540s] INFO:colcon.colcon_core.shell:Creating environment hook '/home/hossam-omar/nav2_ws/install/turtlebot3_fake_node/share/turtlebot3_fake_node/hook/cmake_prefix_path.ps1'
[12.540s] INFO:colcon.colcon_core.shell:Creating environment descriptor '/home/hossam-omar/nav2_ws/install/turtlebot3_fake_node/share/turtlebot3_fake_node/hook/cmake_prefix_path.dsv'
[12.541s] INFO:colcon.colcon_core.shell:Creating environment hook '/home/hossam-omar/nav2_ws/install/turtlebot3_fake_node/share/turtlebot3_fake_node/hook/cmake_prefix_path.sh'
[12.541s] Level 1:colcon.colcon_core.environment:checking '/home/hossam-omar/nav2_ws/install/turtlebot3_fake_node/lib'
[12.542s] Level 1:colcon.colcon_core.environment:checking '/home/hossam-omar/nav2_ws/install/turtlebot3_fake_node/bin'
[12.542s] Level 1:colcon.colcon_core.environment:checking '/home/hossam-omar/nav2_ws/install/turtlebot3_fake_node/lib/pkgconfig/turtlebot3_fake_node.pc'
[12.542s] Level 1:colcon.colcon_core.environment:checking '/home/hossam-omar/nav2_ws/install/turtlebot3_fake_node/lib/python3.10/site-packages'
[12.542s] Level 1:colcon.colcon_core.environment:checking '/home/hossam-omar/nav2_ws/install/turtlebot3_fake_node/bin'
[12.543s] INFO:colcon.colcon_core.shell:Creating package script '/home/hossam-omar/nav2_ws/install/turtlebot3_fake_node/share/turtlebot3_fake_node/package.ps1'
[12.543s] INFO:colcon.colcon_core.shell:Creating package descriptor '/home/hossam-omar/nav2_ws/install/turtlebot3_fake_node/share/turtlebot3_fake_node/package.dsv'
[12.544s] INFO:colcon.colcon_core.shell:Creating package script '/home/hossam-omar/nav2_ws/install/turtlebot3_fake_node/share/turtlebot3_fake_node/package.sh'
[12.544s] INFO:colcon.colcon_core.shell:Creating package script '/home/hossam-omar/nav2_ws/install/turtlebot3_fake_node/share/turtlebot3_fake_node/package.bash'
[12.545s] INFO:colcon.colcon_core.shell:Creating package script '/home/hossam-omar/nav2_ws/install/turtlebot3_fake_node/share/turtlebot3_fake_node/package.zsh'
[12.546s] Level 1:colcon.colcon_core.environment:create_file_with_runtime_dependencies(/home/hossam-omar/nav2_ws/install/turtlebot3_fake_node/share/colcon-core/packages/turtlebot3_fake_node)
[17.360s] DEBUG:colcon.colcon_core.event_handler.log_command:Invoked command in '/home/hossam-omar/nav2_ws/build/turtlebot3_gazebo' returned '0': CMAKE_PREFIX_PATH=${CMAKE_PREFIX_PATH}:/home/hossam-omar/my_ros2_ws/install/my_robot_controller:/home/hossam-omar/ros2_ws/install/rtabmap_python:/opt/ros/humble /usr/bin/cmake --build /home/hossam-omar/nav2_ws/build/turtlebot3_gazebo -- -j12 -l12
[17.362s] DEBUG:colcon.colcon_core.event_handler.log_command:Invoking command in '/home/hossam-omar/nav2_ws/build/turtlebot3_gazebo': CMAKE_PREFIX_PATH=${CMAKE_PREFIX_PATH}:/home/hossam-omar/my_ros2_ws/install/my_robot_controller:/home/hossam-omar/ros2_ws/install/rtabmap_python:/opt/ros/humble /usr/bin/cmake --install /home/hossam-omar/nav2_ws/build/turtlebot3_gazebo
[17.470s] Level 1:colcon.colcon_core.environment:create_environment_scripts_only(turtlebot3_gazebo)
[17.471s] Level 1:colcon.colcon_core.environment:checking '/home/hossam-omar/nav2_ws/install/turtlebot3_gazebo' for CMake module files
[17.471s] DEBUG:colcon.colcon_core.event_handler.log_command:Invoked command in '/home/hossam-omar/nav2_ws/build/turtlebot3_gazebo' returned '0': CMAKE_PREFIX_PATH=${CMAKE_PREFIX_PATH}:/home/hossam-omar/my_ros2_ws/install/my_robot_controller:/home/hossam-omar/ros2_ws/install/rtabmap_python:/opt/ros/humble /usr/bin/cmake --install /home/hossam-omar/nav2_ws/build/turtlebot3_gazebo
[17.471s] Level 1:colcon.colcon_core.environment:checking '/home/hossam-omar/nav2_ws/install/turtlebot3_gazebo' for CMake config files
[17.471s] Level 1:colcon.colcon_core.shell:create_environment_hook('turtlebot3_gazebo', 'cmake_prefix_path')
[17.472s] INFO:colcon.colcon_core.shell:Creating environment hook '/home/hossam-omar/nav2_ws/install/turtlebot3_gazebo/share/turtlebot3_gazebo/hook/cmake_prefix_path.ps1'
[17.472s] INFO:colcon.colcon_core.shell:Creating environment descriptor '/home/hossam-omar/nav2_ws/install/turtlebot3_gazebo/share/turtlebot3_gazebo/hook/cmake_prefix_path.dsv'
[17.472s] INFO:colcon.colcon_core.shell:Creating environment hook '/home/hossam-omar/nav2_ws/install/turtlebot3_gazebo/share/turtlebot3_gazebo/hook/cmake_prefix_path.sh'
[17.473s] Level 1:colcon.colcon_core.environment:checking '/home/hossam-omar/nav2_ws/install/turtlebot3_gazebo/lib'
[17.473s] Level 1:colcon.colcon_core.environment:checking '/home/hossam-omar/nav2_ws/install/turtlebot3_gazebo/bin'
[17.473s] Level 1:colcon.colcon_core.environment:checking '/home/hossam-omar/nav2_ws/install/turtlebot3_gazebo/lib/pkgconfig/turtlebot3_gazebo.pc'
[17.473s] Level 1:colcon.colcon_core.environment:checking '/home/hossam-omar/nav2_ws/install/turtlebot3_gazebo/lib/python3.10/site-packages'
[17.473s] Level 1:colcon.colcon_core.environment:checking '/home/hossam-omar/nav2_ws/install/turtlebot3_gazebo/bin'
[17.473s] INFO:colcon.colcon_core.shell:Creating package script '/home/hossam-omar/nav2_ws/install/turtlebot3_gazebo/share/turtlebot3_gazebo/package.ps1'
[17.473s] INFO:colcon.colcon_core.shell:Creating package descriptor '/home/hossam-omar/nav2_ws/install/turtlebot3_gazebo/share/turtlebot3_gazebo/package.dsv'
[17.474s] INFO:colcon.colcon_core.shell:Creating package script '/home/hossam-omar/nav2_ws/install/turtlebot3_gazebo/share/turtlebot3_gazebo/package.sh'
[17.474s] INFO:colcon.colcon_core.shell:Creating package script '/home/hossam-omar/nav2_ws/install/turtlebot3_gazebo/share/turtlebot3_gazebo/package.bash'
[17.474s] INFO:colcon.colcon_core.shell:Creating package script '/home/hossam-omar/nav2_ws/install/turtlebot3_gazebo/share/turtlebot3_gazebo/package.zsh'
[17.474s] Level 1:colcon.colcon_core.environment:create_file_with_runtime_dependencies(/home/hossam-omar/nav2_ws/install/turtlebot3_gazebo/share/colcon-core/packages/turtlebot3_gazebo)
[17.475s] Level 1:colcon.colcon_core.environment:create_environment_scripts_only(turtlebot3_gazebo)
[17.475s] Level 1:colcon.colcon_core.environment:checking '/home/hossam-omar/nav2_ws/install/turtlebot3_gazebo' for CMake module files
[17.475s] Level 1:colcon.colcon_core.environment:checking '/home/hossam-omar/nav2_ws/install/turtlebot3_gazebo' for CMake config files
[17.475s] Level 1:colcon.colcon_core.shell:create_environment_hook('turtlebot3_gazebo', 'cmake_prefix_path')
[17.476s] INFO:colcon.colcon_core.shell:Creating environment hook '/home/hossam-omar/nav2_ws/install/turtlebot3_gazebo/share/turtlebot3_gazebo/hook/cmake_prefix_path.ps1'
[17.476s] INFO:colcon.colcon_core.shell:Creating environment descriptor '/home/hossam-omar/nav2_ws/install/turtlebot3_gazebo/share/turtlebot3_gazebo/hook/cmake_prefix_path.dsv'
[17.476s] INFO:colcon.colcon_core.shell:Creating environment hook '/home/hossam-omar/nav2_ws/install/turtlebot3_gazebo/share/turtlebot3_gazebo/hook/cmake_prefix_path.sh'
[17.476s] Level 1:colcon.colcon_core.environment:checking '/home/hossam-omar/nav2_ws/install/turtlebot3_gazebo/lib'
[17.477s] Level 1:colcon.colcon_core.environment:checking '/home/hossam-omar/nav2_ws/install/turtlebot3_gazebo/bin'
[17.477s] Level 1:colcon.colcon_core.environment:checking '/home/hossam-omar/nav2_ws/install/turtlebot3_gazebo/lib/pkgconfig/turtlebot3_gazebo.pc'
[17.477s] Level 1:colcon.colcon_core.environment:checking '/home/hossam-omar/nav2_ws/install/turtlebot3_gazebo/lib/python3.10/site-packages'
[17.477s] Level 1:colcon.colcon_core.environment:checking '/home/hossam-omar/nav2_ws/install/turtlebot3_gazebo/bin'
[17.477s] INFO:colcon.colcon_core.shell:Creating package script '/home/hossam-omar/nav2_ws/install/turtlebot3_gazebo/share/turtlebot3_gazebo/package.ps1'
[17.477s] INFO:colcon.colcon_core.shell:Creating package descriptor '/home/hossam-omar/nav2_ws/install/turtlebot3_gazebo/share/turtlebot3_gazebo/package.dsv'
[17.478s] INFO:colcon.colcon_core.shell:Creating package script '/home/hossam-omar/nav2_ws/install/turtlebot3_gazebo/share/turtlebot3_gazebo/package.sh'
[17.478s] INFO:colcon.colcon_core.shell:Creating package script '/home/hossam-omar/nav2_ws/install/turtlebot3_gazebo/share/turtlebot3_gazebo/package.bash'
[17.478s] INFO:colcon.colcon_core.shell:Creating package script '/home/hossam-omar/nav2_ws/install/turtlebot3_gazebo/share/turtlebot3_gazebo/package.zsh'
[17.479s] Level 1:colcon.colcon_core.environment:create_file_with_runtime_dependencies(/home/hossam-omar/nav2_ws/install/turtlebot3_gazebo/share/colcon-core/packages/turtlebot3_gazebo)
[17.479s] INFO:colcon.colcon_ros.task.ament_cmake.build:Building ROS package in '/home/hossam-omar/nav2_ws/src/turtlebot3_simulations' with build type 'ament_cmake'
[17.479s] INFO:colcon.colcon_cmake.task.cmake.build:Building CMake package in '/home/hossam-omar/nav2_ws/src/turtlebot3_simulations'
[17.479s] INFO:colcon.colcon_core.shell:Skip shell extension 'powershell' for command environment: Not usable outside of PowerShell
[17.479s] DEBUG:colcon.colcon_core.shell:Skip shell extension 'dsv' for command environment
[17.491s] DEBUG:colcon.colcon_core.event_handler.log_command:Invoking command in '/home/hossam-omar/nav2_ws/build/turtlebot3_simulations': AMENT_PREFIX_PATH=/home/hossam-omar/nav2_ws/install/turtlebot3_manipulation_gazebo:/home/hossam-omar/nav2_ws/install/turtlebot3_gazebo:/home/hossam-omar/nav2_ws/install/turtlebot3_fake_node:${AMENT_PREFIX_PATH} CMAKE_PREFIX_PATH=/home/hossam-omar/nav2_ws/install/turtlebot3_manipulation_gazebo:/home/hossam-omar/nav2_ws/install/turtlebot3_gazebo:/home/hossam-omar/nav2_ws/install/turtlebot3_fake_node:/home/hossam-omar/ros2_ws/install/rtabmap_ros:/home/hossam-omar/ros2_ws/install/rtabmap_launch:/home/hossam-omar/ros2_ws/install/rtabmap_examples:/home/hossam-omar/ros2_ws/install/rtabmap_demos:/home/hossam-omar/ros2_ws/install/rtabmap_viz:/home/hossam-omar/ros2_ws/install/rtabmap_slam:/home/hossam-omar/ros2_ws/install/rtabmap_odom:/home/hossam-omar/ros2_ws/install/rtabmap_util:/home/hossam-omar/ros2_ws/install/rtabmap_sync:/home/hossam-omar/ros2_ws/install/rtabmap_rviz_plugins:/home/hossam-omar/ros2_ws/install/rtabmap_conversions:/home/hossam-omar/ros2_ws/install/rtabmap_msgs:/home/hossam-omar/ros2_ws/install/rtabmap:/home/hossam-omar/ros2_ws/install/champ_teleop:/home/hossam-omar/ros2_ws/install/champ_navigation:/home/hossam-omar/ros2_ws/install/champ_gazebo:/home/hossam-omar/ros2_ws/install/champ_bringup:/home/hossam-omar/ros2_ws/install/champ_base:/home/hossam-omar/ros2_ws/install/champ_msgs:/home/hossam-omar/ros2_ws/install/champ_description:/home/hossam-omar/ros2_ws/install/champ_config:/home/hossam-omar/ros2_ws/install/champ:/home/hossam-omar/my_ros2_ws/install/my_robot_controller:/home/hossam-omar/ros2_ws/install/rtabmap_python:/opt/ros/humble /usr/bin/cmake /home/hossam-omar/nav2_ws/src/turtlebot3_simulations -DCMAKE_INSTALL_PREFIX=/home/hossam-omar/nav2_ws/install/turtlebot3_simulations
[18.063s] DEBUG:colcon.colcon_core.event_handler.log_command:Invoked command in '/home/hossam-omar/nav2_ws/build/turtlebot3_simulations' returned '0': AMENT_PREFIX_PATH=/home/hossam-omar/nav2_ws/install/turtlebot3_manipulation_gazebo:/home/hossam-omar/nav2_ws/install/turtlebot3_gazebo:/home/hossam-omar/nav2_ws/install/turtlebot3_fake_node:${AMENT_PREFIX_PATH} CMAKE_PREFIX_PATH=/home/hossam-omar/nav2_ws/install/turtlebot3_manipulation_gazebo:/home/hossam-omar/nav2_ws/install/turtlebot3_gazebo:/home/hossam-omar/nav2_ws/install/turtlebot3_fake_node:/home/hossam-omar/ros2_ws/install/rtabmap_ros:/home/hossam-omar/ros2_ws/install/rtabmap_launch:/home/hossam-omar/ros2_ws/install/rtabmap_examples:/home/hossam-omar/ros2_ws/install/rtabmap_demos:/home/hossam-omar/ros2_ws/install/rtabmap_viz:/home/hossam-omar/ros2_ws/install/rtabmap_slam:/home/hossam-omar/ros2_ws/install/rtabmap_odom:/home/hossam-omar/ros2_ws/install/rtabmap_util:/home/hossam-omar/ros2_ws/install/rtabmap_sync:/home/hossam-omar/ros2_ws/install/rtabmap_rviz_plugins:/home/hossam-omar/ros2_ws/install/rtabmap_conversions:/home/hossam-omar/ros2_ws/install/rtabmap_msgs:/home/hossam-omar/ros2_ws/install/rtabmap:/home/hossam-omar/ros2_ws/install/champ_teleop:/home/hossam-omar/ros2_ws/install/champ_navigation:/home/hossam-omar/ros2_ws/install/champ_gazebo:/home/hossam-omar/ros2_ws/install/champ_bringup:/home/hossam-omar/ros2_ws/install/champ_base:/home/hossam-omar/ros2_ws/install/champ_msgs:/home/hossam-omar/ros2_ws/install/champ_description:/home/hossam-omar/ros2_ws/install/champ_config:/home/hossam-omar/ros2_ws/install/champ:/home/hossam-omar/my_ros2_ws/install/my_robot_controller:/home/hossam-omar/ros2_ws/install/rtabmap_python:/opt/ros/humble /usr/bin/cmake /home/hossam-omar/nav2_ws/src/turtlebot3_simulations -DCMAKE_INSTALL_PREFIX=/home/hossam-omar/nav2_ws/install/turtlebot3_simulations
[18.064s] DEBUG:colcon.colcon_core.event_handler.log_command:Invoking command in '/home/hossam-omar/nav2_ws/build/turtlebot3_simulations': AMENT_PREFIX_PATH=/home/hossam-omar/nav2_ws/install/turtlebot3_manipulation_gazebo:/home/hossam-omar/nav2_ws/install/turtlebot3_gazebo:/home/hossam-omar/nav2_ws/install/turtlebot3_fake_node:${AMENT_PREFIX_PATH} CMAKE_PREFIX_PATH=/home/hossam-omar/nav2_ws/install/turtlebot3_manipulation_gazebo:/home/hossam-omar/nav2_ws/install/turtlebot3_gazebo:/home/hossam-omar/nav2_ws/install/turtlebot3_fake_node:/home/hossam-omar/ros2_ws/install/rtabmap_ros:/home/hossam-omar/ros2_ws/install/rtabmap_launch:/home/hossam-omar/ros2_ws/install/rtabmap_examples:/home/hossam-omar/ros2_ws/install/rtabmap_demos:/home/hossam-omar/ros2_ws/install/rtabmap_viz:/home/hossam-omar/ros2_ws/install/rtabmap_slam:/home/hossam-omar/ros2_ws/install/rtabmap_odom:/home/hossam-omar/ros2_ws/install/rtabmap_util:/home/hossam-omar/ros2_ws/install/rtabmap_sync:/home/hossam-omar/ros2_ws/install/rtabmap_rviz_plugins:/home/hossam-omar/ros2_ws/install/rtabmap_conversions:/home/hossam-omar/ros2_ws/install/rtabmap_msgs:/home/hossam-omar/ros2_ws/install/rtabmap:/home/hossam-omar/ros2_ws/install/champ_teleop:/home/hossam-omar/ros2_ws/install/champ_navigation:/home/hossam-omar/ros2_ws/install/champ_gazebo:/home/hossam-omar/ros2_ws/install/champ_bringup:/home/hossam-omar/ros2_ws/install/champ_base:/home/hossam-omar/ros2_ws/install/champ_msgs:/home/hossam-omar/ros2_ws/install/champ_description:/home/hossam-omar/ros2_ws/install/champ_config:/home/hossam-omar/ros2_ws/install/champ:/home/hossam-omar/my_ros2_ws/install/my_robot_controller:/home/hossam-omar/ros2_ws/install/rtabmap_python:/opt/ros/humble /usr/bin/cmake --build /home/hossam-omar/nav2_ws/build/turtlebot3_simulations -- -j12 -l12
[18.101s] DEBUG:colcon.colcon_core.event_handler.log_command:Invoked command in '/home/hossam-omar/nav2_ws/build/turtlebot3_simulations' returned '0': AMENT_PREFIX_PATH=/home/hossam-omar/nav2_ws/install/turtlebot3_manipulation_gazebo:/home/hossam-omar/nav2_ws/install/turtlebot3_gazebo:/home/hossam-omar/nav2_ws/install/turtlebot3_fake_node:${AMENT_PREFIX_PATH} CMAKE_PREFIX_PATH=/home/hossam-omar/nav2_ws/install/turtlebot3_manipulation_gazebo:/home/hossam-omar/nav2_ws/install/turtlebot3_gazebo:/home/hossam-omar/nav2_ws/install/turtlebot3_fake_node:/home/hossam-omar/ros2_ws/install/rtabmap_ros:/home/hossam-omar/ros2_ws/install/rtabmap_launch:/home/hossam-omar/ros2_ws/install/rtabmap_examples:/home/hossam-omar/ros2_ws/install/rtabmap_demos:/home/hossam-omar/ros2_ws/install/rtabmap_viz:/home/hossam-omar/ros2_ws/install/rtabmap_slam:/home/hossam-omar/ros2_ws/install/rtabmap_odom:/home/hossam-omar/ros2_ws/install/rtabmap_util:/home/hossam-omar/ros2_ws/install/rtabmap_sync:/home/hossam-omar/ros2_ws/install/rtabmap_rviz_plugins:/home/hossam-omar/ros2_ws/install/rtabmap_conversions:/home/hossam-omar/ros2_ws/install/rtabmap_msgs:/home/hossam-omar/ros2_ws/install/rtabmap:/home/hossam-omar/ros2_ws/install/champ_teleop:/home/hossam-omar/ros2_ws/install/champ_navigation:/home/hossam-omar/ros2_ws/install/champ_gazebo:/home/hossam-omar/ros2_ws/install/champ_bringup:/home/hossam-omar/ros2_ws/install/champ_base:/home/hossam-omar/ros2_ws/install/champ_msgs:/home/hossam-omar/ros2_ws/install/champ_description:/home/hossam-omar/ros2_ws/install/champ_config:/home/hossam-omar/ros2_ws/install/champ:/home/hossam-omar/my_ros2_ws/install/my_robot_controller:/home/hossam-omar/ros2_ws/install/rtabmap_python:/opt/ros/humble /usr/bin/cmake --build /home/hossam-omar/nav2_ws/build/turtlebot3_simulations -- -j12 -l12
[18.102s] DEBUG:colcon.colcon_core.event_handler.log_command:Invoking command in '/home/hossam-omar/nav2_ws/build/turtlebot3_simulations': AMENT_PREFIX_PATH=/home/hossam-omar/nav2_ws/install/turtlebot3_manipulation_gazebo:/home/hossam-omar/nav2_ws/install/turtlebot3_gazebo:/home/hossam-omar/nav2_ws/install/turtlebot3_fake_node:${AMENT_PREFIX_PATH} CMAKE_PREFIX_PATH=/home/hossam-omar/nav2_ws/install/turtlebot3_manipulation_gazebo:/home/hossam-omar/nav2_ws/install/turtlebot3_gazebo:/home/hossam-omar/nav2_ws/install/turtlebot3_fake_node:/home/hossam-omar/ros2_ws/install/rtabmap_ros:/home/hossam-omar/ros2_ws/install/rtabmap_launch:/home/hossam-omar/ros2_ws/install/rtabmap_examples:/home/hossam-omar/ros2_ws/install/rtabmap_demos:/home/hossam-omar/ros2_ws/install/rtabmap_viz:/home/hossam-omar/ros2_ws/install/rtabmap_slam:/home/hossam-omar/ros2_ws/install/rtabmap_odom:/home/hossam-omar/ros2_ws/install/rtabmap_util:/home/hossam-omar/ros2_ws/install/rtabmap_sync:/home/hossam-omar/ros2_ws/install/rtabmap_rviz_plugins:/home/hossam-omar/ros2_ws/install/rtabmap_conversions:/home/hossam-omar/ros2_ws/install/rtabmap_msgs:/home/hossam-omar/ros2_ws/install/rtabmap:/home/hossam-omar/ros2_ws/install/champ_teleop:/home/hossam-omar/ros2_ws/install/champ_navigation:/home/hossam-omar/ros2_ws/install/champ_gazebo:/home/hossam-omar/ros2_ws/install/champ_bringup:/home/hossam-omar/ros2_ws/install/champ_base:/home/hossam-omar/ros2_ws/install/champ_msgs:/home/hossam-omar/ros2_ws/install/champ_description:/home/hossam-omar/ros2_ws/install/champ_config:/home/hossam-omar/ros2_ws/install/champ:/home/hossam-omar/my_ros2_ws/install/my_robot_controller:/home/hossam-omar/ros2_ws/install/rtabmap_python:/opt/ros/humble /usr/bin/cmake --install /home/hossam-omar/nav2_ws/build/turtlebot3_simulations
[18.113s] Level 1:colcon.colcon_core.environment:create_environment_scripts_only(turtlebot3_simulations)
[18.113s] Level 1:colcon.colcon_core.environment:checking '/home/hossam-omar/nav2_ws/install/turtlebot3_simulations' for CMake module files
[18.114s] DEBUG:colcon.colcon_core.event_handler.log_command:Invoked command in '/home/hossam-omar/nav2_ws/build/turtlebot3_simulations' returned '0': AMENT_PREFIX_PATH=/home/hossam-omar/nav2_ws/install/turtlebot3_manipulation_gazebo:/home/hossam-omar/nav2_ws/install/turtlebot3_gazebo:/home/hossam-omar/nav2_ws/install/turtlebot3_fake_node:${AMENT_PREFIX_PATH} CMAKE_PREFIX_PATH=/home/hossam-omar/nav2_ws/install/turtlebot3_manipulation_gazebo:/home/hossam-omar/nav2_ws/install/turtlebot3_gazebo:/home/hossam-omar/nav2_ws/install/turtlebot3_fake_node:/home/hossam-omar/ros2_ws/install/rtabmap_ros:/home/hossam-omar/ros2_ws/install/rtabmap_launch:/home/hossam-omar/ros2_ws/install/rtabmap_examples:/home/hossam-omar/ros2_ws/install/rtabmap_demos:/home/hossam-omar/ros2_ws/install/rtabmap_viz:/home/hossam-omar/ros2_ws/install/rtabmap_slam:/home/hossam-omar/ros2_ws/install/rtabmap_odom:/home/hossam-omar/ros2_ws/install/rtabmap_util:/home/hossam-omar/ros2_ws/install/rtabmap_sync:/home/hossam-omar/ros2_ws/install/rtabmap_rviz_plugins:/home/hossam-omar/ros2_ws/install/rtabmap_conversions:/home/hossam-omar/ros2_ws/install/rtabmap_msgs:/home/hossam-omar/ros2_ws/install/rtabmap:/home/hossam-omar/ros2_ws/install/champ_teleop:/home/hossam-omar/ros2_ws/install/champ_navigation:/home/hossam-omar/ros2_ws/install/champ_gazebo:/home/hossam-omar/ros2_ws/install/champ_bringup:/home/hossam-omar/ros2_ws/install/champ_base:/home/hossam-omar/ros2_ws/install/champ_msgs:/home/hossam-omar/ros2_ws/install/champ_description:/home/hossam-omar/ros2_ws/install/champ_config:/home/hossam-omar/ros2_ws/install/champ:/home/hossam-omar/my_ros2_ws/install/my_robot_controller:/home/hossam-omar/ros2_ws/install/rtabmap_python:/opt/ros/humble /usr/bin/cmake --install /home/hossam-omar/nav2_ws/build/turtlebot3_simulations
[18.114s] Level 1:colcon.colcon_core.environment:checking '/home/hossam-omar/nav2_ws/install/turtlebot3_simulations' for CMake config files
[18.114s] Level 1:colcon.colcon_core.shell:create_environment_hook('turtlebot3_simulations', 'cmake_prefix_path')
[18.114s] INFO:colcon.colcon_core.shell:Creating environment hook '/home/hossam-omar/nav2_ws/install/turtlebot3_simulations/share/turtlebot3_simulations/hook/cmake_prefix_path.ps1'
[18.114s] INFO:colcon.colcon_core.shell:Creating environment descriptor '/home/hossam-omar/nav2_ws/install/turtlebot3_simulations/share/turtlebot3_simulations/hook/cmake_prefix_path.dsv'
[18.115s] INFO:colcon.colcon_core.shell:Creating environment hook '/home/hossam-omar/nav2_ws/install/turtlebot3_simulations/share/turtlebot3_simulations/hook/cmake_prefix_path.sh'
[18.115s] Level 1:colcon.colcon_core.environment:checking '/home/hossam-omar/nav2_ws/install/turtlebot3_simulations/bin'
[18.115s] Level 1:colcon.colcon_core.environment:checking '/home/hossam-omar/nav2_ws/install/turtlebot3_simulations/lib/pkgconfig/turtlebot3_simulations.pc'
[18.115s] Level 1:colcon.colcon_core.environment:checking '/home/hossam-omar/nav2_ws/install/turtlebot3_simulations/lib/python3.10/site-packages'
[18.115s] Level 1:colcon.colcon_core.environment:checking '/home/hossam-omar/nav2_ws/install/turtlebot3_simulations/bin'
[18.116s] INFO:colcon.colcon_core.shell:Creating package script '/home/hossam-omar/nav2_ws/install/turtlebot3_simulations/share/turtlebot3_simulations/package.ps1'
[18.116s] INFO:colcon.colcon_core.shell:Creating package descriptor '/home/hossam-omar/nav2_ws/install/turtlebot3_simulations/share/turtlebot3_simulations/package.dsv'
[18.116s] INFO:colcon.colcon_core.shell:Creating package script '/home/hossam-omar/nav2_ws/install/turtlebot3_simulations/share/turtlebot3_simulations/package.sh'
[18.116s] INFO:colcon.colcon_core.shell:Creating package script '/home/hossam-omar/nav2_ws/install/turtlebot3_simulations/share/turtlebot3_simulations/package.bash'
[18.117s] INFO:colcon.colcon_core.shell:Creating package script '/home/hossam-omar/nav2_ws/install/turtlebot3_simulations/share/turtlebot3_simulations/package.zsh'
[18.117s] Level 1:colcon.colcon_core.environment:create_file_with_runtime_dependencies(/home/hossam-omar/nav2_ws/install/turtlebot3_simulations/share/colcon-core/packages/turtlebot3_simulations)
[18.117s] Level 1:colcon.colcon_core.environment:create_environment_scripts_only(turtlebot3_simulations)
[18.117s] Level 1:colcon.colcon_core.environment:checking '/home/hossam-omar/nav2_ws/install/turtlebot3_simulations' for CMake module files
[18.118s] Level 1:colcon.colcon_core.environment:checking '/home/hossam-omar/nav2_ws/install/turtlebot3_simulations' for CMake config files
[18.118s] Level 1:colcon.colcon_core.shell:create_environment_hook('turtlebot3_simulations', 'cmake_prefix_path')
[18.118s] INFO:colcon.colcon_core.shell:Creating environment hook '/home/hossam-omar/nav2_ws/install/turtlebot3_simulations/share/turtlebot3_simulations/hook/cmake_prefix_path.ps1'
[18.118s] INFO:colcon.colcon_core.shell:Creating environment descriptor '/home/hossam-omar/nav2_ws/install/turtlebot3_simulations/share/turtlebot3_simulations/hook/cmake_prefix_path.dsv'
[18.118s] INFO:colcon.colcon_core.shell:Creating environment hook '/home/hossam-omar/nav2_ws/install/turtlebot3_simulations/share/turtlebot3_simulations/hook/cmake_prefix_path.sh'
[18.119s] Level 1:colcon.colcon_core.environment:checking '/home/hossam-omar/nav2_ws/install/turtlebot3_simulations/bin'
[18.119s] Level 1:colcon.colcon_core.environment:checking '/home/hossam-omar/nav2_ws/install/turtlebot3_simulations/lib/pkgconfig/turtlebot3_simulations.pc'
[18.119s] Level 1:colcon.colcon_core.environment:checking '/home/hossam-omar/nav2_ws/install/turtlebot3_simulations/lib/python3.10/site-packages'
[18.119s] Level 1:colcon.colcon_core.environment:checking '/home/hossam-omar/nav2_ws/install/turtlebot3_simulations/bin'
[18.119s] INFO:colcon.colcon_core.shell:Creating package script '/home/hossam-omar/nav2_ws/install/turtlebot3_simulations/share/turtlebot3_simulations/package.ps1'
[18.120s] INFO:colcon.colcon_core.shell:Creating package descriptor '/home/hossam-omar/nav2_ws/install/turtlebot3_simulations/share/turtlebot3_simulations/package.dsv'
[18.120s] INFO:colcon.colcon_core.shell:Creating package script '/home/hossam-omar/nav2_ws/install/turtlebot3_simulations/share/turtlebot3_simulations/package.sh'
[18.120s] INFO:colcon.colcon_core.shell:Creating package script '/home/hossam-omar/nav2_ws/install/turtlebot3_simulations/share/turtlebot3_simulations/package.bash'
[18.121s] INFO:colcon.colcon_core.shell:Creating package script '/home/hossam-omar/nav2_ws/install/turtlebot3_simulations/share/turtlebot3_simulations/package.zsh'
[18.121s] Level 1:colcon.colcon_core.environment:create_file_with_runtime_dependencies(/home/hossam-omar/nav2_ws/install/turtlebot3_simulations/share/colcon-core/packages/turtlebot3_simulations)
[18.121s] DEBUG:colcon.colcon_parallel_executor.executor.parallel:closing loop
[18.121s] DEBUG:colcon.colcon_parallel_executor.executor.parallel:loop closed
[18.121s] DEBUG:colcon.colcon_parallel_executor.executor.parallel:run_until_complete finished with '0'
[18.121s] DEBUG:colcon.colcon_core.event_reactor:joining thread
[18.127s] INFO:colcon.colcon_core.plugin_system:Skipping extension 'colcon_notification.desktop_notification.terminal_notifier': Not used on non-Darwin systems
[18.127s] INFO:colcon.colcon_core.plugin_system:Skipping extension 'colcon_notification.desktop_notification.win32': Not used on non-Windows systems
[18.127s] INFO:colcon.colcon_notification.desktop_notification:Sending desktop notification using 'notify2'
[18.137s] DEBUG:colcon.colcon_core.event_reactor:joined thread
[18.138s] INFO:colcon.colcon_core.shell:Creating prefix script '/home/hossam-omar/nav2_ws/install/local_setup.ps1'
[18.138s] INFO:colcon.colcon_core.shell:Creating prefix util module '/home/hossam-omar/nav2_ws/install/_local_setup_util_ps1.py'
[18.140s] INFO:colcon.colcon_core.shell:Creating prefix chain script '/home/hossam-omar/nav2_ws/install/setup.ps1'
[18.141s] INFO:colcon.colcon_core.shell:Creating prefix script '/home/hossam-omar/nav2_ws/install/local_setup.sh'
[18.141s] INFO:colcon.colcon_core.shell:Creating prefix util module '/home/hossam-omar/nav2_ws/install/_local_setup_util_sh.py'
[18.142s] INFO:colcon.colcon_core.shell:Creating prefix chain script '/home/hossam-omar/nav2_ws/install/setup.sh'
[18.143s] INFO:colcon.colcon_core.shell:Creating prefix script '/home/hossam-omar/nav2_ws/install/local_setup.bash'
[18.144s] INFO:colcon.colcon_core.shell:Creating prefix chain script '/home/hossam-omar/nav2_ws/install/setup.bash'
[18.145s] INFO:colcon.colcon_core.shell:Creating prefix script '/home/hossam-omar/nav2_ws/install/local_setup.zsh'
[18.145s] INFO:colcon.colcon_core.shell:Creating prefix chain script '/home/hossam-omar/nav2_ws/install/setup.zsh'
