[0.014s] Invoking command in '/home/hossam-omar/nav2_ws/build/turtlebot3_gazebo': CMAKE_PREFIX_PATH=${CMAKE_PREFIX_PATH}:/home/hossam-omar/my_ros2_ws/install/my_robot_controller:/home/hossam-omar/ros2_ws/install/rtabmap_python:/opt/ros/humble /usr/bin/cmake /home/hossam-omar/nav2_ws/src/turtlebot3_gazebo -DCMAKE_INSTALL_PREFIX=/home/hossam-omar/nav2_ws/install/turtlebot3_gazebo
[0.062s] -- The C compiler identification is GNU 11.4.0
[0.111s] -- The CXX compiler identification is GNU 11.4.0
[0.119s] -- Detecting C compiler ABI info
[0.183s] -- Detecting C compiler ABI info - done
[0.188s] -- Check for working C compiler: /usr/bin/cc - skipped
[0.188s] -- Detecting C compile features
[0.189s] -- Detecting C compile features - done
[0.191s] -- Detecting CXX compiler ABI info
[0.266s] -- Detecting CXX compiler ABI info - done
[0.272s] -- Check for working CXX compiler: /usr/bin/c++ - skipped
[0.272s] -- Detecting CXX compile features
[0.273s] -- Detecting CXX compile features - done
[0.278s] -- Found ament_cmake: 1.3.12 (/opt/ros/humble/share/ament_cmake/cmake)
[0.419s] -- Found Python3: /usr/bin/python3 (found version "3.10.12") found components: Interpreter 
[0.546s] [33mCMake Warning (dev) at /usr/share/cmake-3.22/Modules/FindPackageHandleStandardArgs.cmake:438 (message):
[0.546s]   The package name passed to `find_package_handle_standard_args` (PkgConfig)
[0.546s]   does not match the name of the calling package (gazebo).  This can lead to
[0.546s]   problems in calling code that expects `find_package` result variables
[0.546s]   (e.g., `_FOUND`) to follow a certain pattern.
[0.546s] Call Stack (most recent call first):
[0.547s]   /usr/share/cmake-3.22/Modules/FindPkgConfig.cmake:99 (find_package_handle_standard_args)
[0.547s]   /usr/lib/x86_64-linux-gnu/cmake/gazebo/gazebo-config.cmake:72 (include)
[0.547s]   CMakeLists.txt:23 (find_package)
[0.547s] This warning is for project developers.  Use -Wno-dev to suppress it.
[0.547s] [0m
[0.547s] -- Found PkgConfig: /usr/bin/pkg-config (found version "0.29.2") 
[0.550s] -- Checking for module 'bullet>=2.82'
[0.565s] --   Found bullet, version 3.05
[0.686s] -- Found fcl: /usr/include (found suitable version "0.7.0", minimum required is "0.5.0") 
[0.740s] -- Found assimp: /usr/include (found version "5.2.0") 
[0.767s] -- Found DART: /usr/include (Required is at least version "6.6") found components: dart 
[0.948s] -- Found Boost: /usr/lib/x86_64-linux-gnu/cmake/Boost-1.74.0/BoostConfig.cmake (found suitable version "1.74.0", minimum required is "1.40.0") found components: thread system filesystem program_options regex iostreams date_time 
[0.964s] -- Found Protobuf: /usr/lib/x86_64-linux-gnu/libprotobuf.so (found version "3.12.4") 
[0.974s] -- Looking for ignition-math6 -- found version 6.15.1
[0.981s] -- Searching for dependencies of ignition-math6
[0.982s] -- Looking for OGRE...
[0.983s] -- OGRE_PREFIX_WATCH changed.
[0.987s] -- Checking for module 'OGRE'
[1.002s] --   Found OGRE, version 1.9.0
[1.036s] -- Found Ogre Ghadamon (1.9.0)
[1.048s] -- Found OGRE: optimized;/usr/lib/x86_64-linux-gnu/libOgreMain.so;debug;/usr/lib/x86_64-linux-gnu/libOgreMain.so
[1.055s] -- Looking for OGRE_Paging...
[1.062s] -- Found OGRE_Paging: optimized;/usr/lib/x86_64-linux-gnu/libOgrePaging.so;debug;/usr/lib/x86_64-linux-gnu/libOgrePaging.so
[1.062s] -- Looking for OGRE_Terrain...
[1.068s] -- Found OGRE_Terrain: optimized;/usr/lib/x86_64-linux-gnu/libOgreTerrain.so;debug;/usr/lib/x86_64-linux-gnu/libOgreTerrain.so
[1.068s] -- Looking for OGRE_Property...
[1.074s] -- Found OGRE_Property: optimized;/usr/lib/x86_64-linux-gnu/libOgreProperty.so;debug;/usr/lib/x86_64-linux-gnu/libOgreProperty.so
[1.074s] -- Looking for OGRE_RTShaderSystem...
[1.080s] -- Found OGRE_RTShaderSystem: optimized;/usr/lib/x86_64-linux-gnu/libOgreRTShaderSystem.so;debug;/usr/lib/x86_64-linux-gnu/libOgreRTShaderSystem.so
[1.080s] -- Looking for OGRE_Volume...
[1.086s] -- Found OGRE_Volume: optimized;/usr/lib/x86_64-linux-gnu/libOgreVolume.so;debug;/usr/lib/x86_64-linux-gnu/libOgreVolume.so
[1.086s] -- Looking for OGRE_Overlay...
[1.093s] -- Found OGRE_Overlay: optimized;/usr/lib/x86_64-linux-gnu/libOgreOverlay.so;debug;/usr/lib/x86_64-linux-gnu/libOgreOverlay.so
[1.235s] -- Looking for ignition-math6 -- found version 6.15.1
[1.240s] -- Looking for ignition-transport8 -- found version 8.2.1
[1.240s] -- Searching for dependencies of ignition-transport8
[1.261s] -- Found Protobuf: /usr/lib/x86_64-linux-gnu/libprotobuf.so (found suitable version "3.12.4", minimum required is "3") 
[1.275s] -- Config-file not installed for ZeroMQ -- checking for pkg-config
[1.280s] -- Checking for module 'libzmq >= 4'
[1.295s] --   Found libzmq , version 4.3.4
[1.334s] -- Found ZeroMQ: TRUE (Required is at least version "4") 
[1.340s] -- Checking for module 'uuid'
[1.354s] --   Found uuid, version 2.37.2
[1.389s] -- Found UUID: TRUE  
[1.394s] -- Looking for ignition-msgs5 -- found version 5.8.1
[1.394s] -- Searching for dependencies of ignition-msgs5
[1.416s] -- Looking for ignition-math6 -- found version 6.15.1
[1.421s] -- Checking for module 'tinyxml2'
[1.437s] --   Found tinyxml2, version 9.0.0
[1.473s] -- Looking for ignition-msgs5 -- found version 5.8.1
[1.477s] -- Looking for ignition-common3 -- found version 3.14.0
[1.478s] -- Searching for dependencies of ignition-common3
[1.478s] -- Looking for dlfcn.h - found
[1.479s] -- Looking for libdl - found
[1.480s] -- Found DL: TRUE  
[1.494s] -- Found tinyobjloader: /usr/lib/x86_64-linux-gnu/cmake/tinyobjloader/tinyobjloader-config.cmake (found version "2.0.0") 
[1.494s] -- Searching for <ignition-common3> component [graphics]
[1.498s] -- Looking for ignition-common3-graphics -- found version 3.14.0
[1.499s] -- Searching for dependencies of ignition-common3-graphics
[1.499s] -- Looking for ignition-math6 -- found version 6.15.1
[1.504s] -- Looking for ignition-fuel_tools4 -- found version 4.4.0
[1.504s] -- Searching for dependencies of ignition-fuel_tools4
[1.592s] -- Found CURL: /usr/lib/x86_64-linux-gnu/libcurl.so (found version "7.81.0")  
[1.603s] -- Checking for module 'jsoncpp'
[1.617s] --   Found jsoncpp, version 1.9.5
[1.653s] -- Found JSONCPP: TRUE  
[1.661s] -- Checking for module 'libzip'
[1.676s] --   Found libzip, version 1.7.3
[1.712s] -- Found ZIP: TRUE  
[1.712s] -- Looking for ignition-common3 -- found version 3.14.0
[1.712s] -- Looking for ignition-math6 -- found version 6.15.1
[1.713s] -- Looking for ignition-msgs5 -- found version 5.8.1
[1.725s] -- Found gazebo_ros_pkgs: 3.9.0 (/opt/ros/humble/share/gazebo_ros_pkgs/cmake)
[1.730s] -- Found geometry_msgs: 4.9.0 (/opt/ros/humble/share/geometry_msgs/cmake)
[1.783s] -- Found rosidl_generator_c: 3.1.7 (/opt/ros/humble/share/rosidl_generator_c/cmake)
[1.792s] -- Found rosidl_adapter: 3.1.7 (/opt/ros/humble/share/rosidl_adapter/cmake)
[1.805s] -- Found rosidl_generator_cpp: 3.1.7 (/opt/ros/humble/share/rosidl_generator_cpp/cmake)
[1.821s] -- Using all available rosidl_typesupport_c: rosidl_typesupport_fastrtps_c;rosidl_typesupport_introspection_c
[1.843s] -- Using all available rosidl_typesupport_cpp: rosidl_typesupport_fastrtps_cpp;rosidl_typesupport_introspection_cpp
[1.882s] -- Found nav_msgs: 4.9.0 (/opt/ros/humble/share/nav_msgs/cmake)
[1.898s] -- Found rclcpp: 16.0.14 (/opt/ros/humble/share/rclcpp/cmake)
[1.953s] -- Found rmw_implementation_cmake: 6.1.2 (/opt/ros/humble/share/rmw_implementation_cmake/cmake)
[1.959s] -- Found rmw_cyclonedds_cpp: 1.3.4 (/opt/ros/humble/share/rmw_cyclonedds_cpp/cmake)
[1.990s] -- Using RMW implementation 'rmw_cyclonedds_cpp' as default
[2.005s] -- Found Threads: TRUE  
[2.045s] -- Found sensor_msgs: 4.9.0 (/opt/ros/humble/share/sensor_msgs/cmake)
[2.062s] -- Found tf2: 0.25.15 (/opt/ros/humble/share/tf2/cmake)
[2.131s] -- Configuring done
[2.174s] -- Generating done
[2.181s] -- Build files have been written to: /home/hossam-omar/nav2_ws/build/turtlebot3_gazebo
[2.193s] Invoked command in '/home/hossam-omar/nav2_ws/build/turtlebot3_gazebo' returned '0': CMAKE_PREFIX_PATH=${CMAKE_PREFIX_PATH}:/home/hossam-omar/my_ros2_ws/install/my_robot_controller:/home/hossam-omar/ros2_ws/install/rtabmap_python:/opt/ros/humble /usr/bin/cmake /home/hossam-omar/nav2_ws/src/turtlebot3_gazebo -DCMAKE_INSTALL_PREFIX=/home/hossam-omar/nav2_ws/install/turtlebot3_gazebo
[2.194s] Invoking command in '/home/hossam-omar/nav2_ws/build/turtlebot3_gazebo': CMAKE_PREFIX_PATH=${CMAKE_PREFIX_PATH}:/home/hossam-omar/my_ros2_ws/install/my_robot_controller:/home/hossam-omar/ros2_ws/install/rtabmap_python:/opt/ros/humble /usr/bin/cmake --build /home/hossam-omar/nav2_ws/build/turtlebot3_gazebo -- -j12 -l12
[2.252s] [ 25%] [32mBuilding CXX object CMakeFiles/traffic_light_plugin.dir/src/traffic_light_plugin.cpp.o[0m
[2.252s] [ 25%] [32mBuilding CXX object CMakeFiles/obstacle2.dir/src/obstacle2.cpp.o[0m
[2.253s] [ 25%] [32mBuilding CXX object CMakeFiles/turtlebot3_drive.dir/src/turtlebot3_drive.cpp.o[0m
[2.253s] [ 33%] [32mBuilding CXX object CMakeFiles/traffic_bar_plugin.dir/src/traffic_bar_plugin.cpp.o[0m
[2.254s] [ 41%] [32mBuilding CXX object CMakeFiles/obstacle1.dir/src/obstacle1.cpp.o[0m
[2.254s] [ 50%] [32mBuilding CXX object CMakeFiles/obstacles.dir/src/obstacles.cpp.o[0m
[15.040s] [ 58%] [32m[1mLinking CXX executable turtlebot3_drive[0m
[15.299s] [ 66%] [32m[1mLinking CXX shared library libobstacles.so[0m
[15.437s] [ 75%] [32m[1mLinking CXX shared library libobstacle1.so[0m
[15.481s] [ 83%] [32m[1mLinking CXX shared library libtraffic_bar_plugin.so[0m
[15.797s] [ 83%] Built target obstacles
[15.831s] [ 83%] Built target turtlebot3_drive
[15.893s] [ 83%] Built target obstacle1
[15.936s] [ 83%] Built target traffic_bar_plugin
[16.282s] [ 91%] [32m[1mLinking CXX shared library libtraffic_light_plugin.so[0m
[16.632s] [ 91%] Built target traffic_light_plugin
[16.828s] [100%] [32m[1mLinking CXX shared library libobstacle2.so[0m
[17.023s] [100%] Built target obstacle2
[17.034s] Invoked command in '/home/hossam-omar/nav2_ws/build/turtlebot3_gazebo' returned '0': CMAKE_PREFIX_PATH=${CMAKE_PREFIX_PATH}:/home/hossam-omar/my_ros2_ws/install/my_robot_controller:/home/hossam-omar/ros2_ws/install/rtabmap_python:/opt/ros/humble /usr/bin/cmake --build /home/hossam-omar/nav2_ws/build/turtlebot3_gazebo -- -j12 -l12
[17.036s] Invoking command in '/home/hossam-omar/nav2_ws/build/turtlebot3_gazebo': CMAKE_PREFIX_PATH=${CMAKE_PREFIX_PATH}:/home/hossam-omar/my_ros2_ws/install/my_robot_controller:/home/hossam-omar/ros2_ws/install/rtabmap_python:/opt/ros/humble /usr/bin/cmake --install /home/hossam-omar/nav2_ws/build/turtlebot3_gazebo
[17.043s] -- Install configuration: ""
[17.043s] -- Installing: /home/hossam-omar/nav2_ws/install/turtlebot3_gazebo/lib/turtlebot3_gazebo/turtlebot3_drive
[17.048s] -- Set runtime path of "/home/hossam-omar/nav2_ws/install/turtlebot3_gazebo/lib/turtlebot3_gazebo/turtlebot3_drive" to ""
[17.048s] -- Installing: /home/hossam-omar/nav2_ws/install/turtlebot3_gazebo/share/turtlebot3_gazebo//launch
[17.048s] -- Installing: /home/hossam-omar/nav2_ws/install/turtlebot3_gazebo/share/turtlebot3_gazebo//launch/turtlebot3_dqn_stage3.launch.py
[17.048s] -- Installing: /home/hossam-omar/nav2_ws/install/turtlebot3_gazebo/share/turtlebot3_gazebo//launch/turtlebot3_world.launch.py
[17.048s] -- Installing: /home/hossam-omar/nav2_ws/install/turtlebot3_gazebo/share/turtlebot3_gazebo//launch/empty_world.launch.py
[17.048s] -- Installing: /home/hossam-omar/nav2_ws/install/turtlebot3_gazebo/share/turtlebot3_gazebo//launch/turtlebot3_dqn_stage4.launch.py
[17.049s] -- Installing: /home/hossam-omar/nav2_ws/install/turtlebot3_gazebo/share/turtlebot3_gazebo//launch/turtlebot3_autorace_2020.launch.py
[17.049s] -- Installing: /home/hossam-omar/nav2_ws/install/turtlebot3_gazebo/share/turtlebot3_gazebo//launch/robot_state_publisher.launch.py
[17.049s] -- Installing: /home/hossam-omar/nav2_ws/install/turtlebot3_gazebo/share/turtlebot3_gazebo//launch/turtlebot3_dqn_stage1.launch.py
[17.049s] -- Installing: /home/hossam-omar/nav2_ws/install/turtlebot3_gazebo/share/turtlebot3_gazebo//launch/turtlebot3_house.launch.py
[17.049s] -- Installing: /home/hossam-omar/nav2_ws/install/turtlebot3_gazebo/share/turtlebot3_gazebo//launch/multi_robot.launch.py
[17.049s] -- Installing: /home/hossam-omar/nav2_ws/install/turtlebot3_gazebo/share/turtlebot3_gazebo//launch/multi_spawn_turtlebot3.launch.py
[17.050s] -- Installing: /home/hossam-omar/nav2_ws/install/turtlebot3_gazebo/share/turtlebot3_gazebo//launch/spawn_turtlebot3.launch.py
[17.050s] -- Installing: /home/hossam-omar/nav2_ws/install/turtlebot3_gazebo/share/turtlebot3_gazebo//launch/turtlebot3_dqn_stage2.launch.py
[17.050s] -- Installing: /home/hossam-omar/nav2_ws/install/turtlebot3_gazebo/share/turtlebot3_gazebo//models
[17.050s] -- Installing: /home/hossam-omar/nav2_ws/install/turtlebot3_gazebo/share/turtlebot3_gazebo//models/turtlebot3_waffle_pi
[17.050s] -- Installing: /home/hossam-omar/nav2_ws/install/turtlebot3_gazebo/share/turtlebot3_gazebo//models/turtlebot3_waffle_pi/model-1_4_.sdf
[17.050s] -- Installing: /home/hossam-omar/nav2_ws/install/turtlebot3_gazebo/share/turtlebot3_gazebo//models/turtlebot3_waffle_pi/model.config
[17.050s] -- Installing: /home/hossam-omar/nav2_ws/install/turtlebot3_gazebo/share/turtlebot3_gazebo//models/turtlebot3_waffle_pi/model.sdf
[17.051s] -- Installing: /home/hossam-omar/nav2_ws/install/turtlebot3_gazebo/share/turtlebot3_gazebo//models/turtlebot3_world
[17.051s] -- Installing: /home/hossam-omar/nav2_ws/install/turtlebot3_gazebo/share/turtlebot3_gazebo//models/turtlebot3_world/model-1_4.sdf
[17.051s] -- Installing: /home/hossam-omar/nav2_ws/install/turtlebot3_gazebo/share/turtlebot3_gazebo//models/turtlebot3_world/meshes
[17.051s] -- Installing: /home/hossam-omar/nav2_ws/install/turtlebot3_gazebo/share/turtlebot3_gazebo//models/turtlebot3_world/meshes/wall.dae
[17.051s] -- Installing: /home/hossam-omar/nav2_ws/install/turtlebot3_gazebo/share/turtlebot3_gazebo//models/turtlebot3_world/meshes/hexagon.dae
[17.051s] -- Installing: /home/hossam-omar/nav2_ws/install/turtlebot3_gazebo/share/turtlebot3_gazebo//models/turtlebot3_world/model.config
[17.052s] -- Installing: /home/hossam-omar/nav2_ws/install/turtlebot3_gazebo/share/turtlebot3_gazebo//models/turtlebot3_world/model.sdf
[17.052s] -- Installing: /home/hossam-omar/nav2_ws/install/turtlebot3_gazebo/share/turtlebot3_gazebo//models/turtlebot3_burger
[17.052s] -- Installing: /home/hossam-omar/nav2_ws/install/turtlebot3_gazebo/share/turtlebot3_gazebo//models/turtlebot3_burger/model-1_4.sdf
[17.052s] -- Installing: /home/hossam-omar/nav2_ws/install/turtlebot3_gazebo/share/turtlebot3_gazebo//models/turtlebot3_burger/model.config
[17.052s] -- Installing: /home/hossam-omar/nav2_ws/install/turtlebot3_gazebo/share/turtlebot3_gazebo//models/turtlebot3_burger/model.sdf
[17.053s] -- Installing: /home/hossam-omar/nav2_ws/install/turtlebot3_gazebo/share/turtlebot3_gazebo//models/turtlebot3_dqn_world
[17.053s] -- Installing: /home/hossam-omar/nav2_ws/install/turtlebot3_gazebo/share/turtlebot3_gazebo//models/turtlebot3_dqn_world/obstacles
[17.053s] -- Installing: /home/hossam-omar/nav2_ws/install/turtlebot3_gazebo/share/turtlebot3_gazebo//models/turtlebot3_dqn_world/obstacles/model.config
[17.053s] -- Installing: /home/hossam-omar/nav2_ws/install/turtlebot3_gazebo/share/turtlebot3_gazebo//models/turtlebot3_dqn_world/obstacles/model.sdf
[17.053s] -- Installing: /home/hossam-omar/nav2_ws/install/turtlebot3_gazebo/share/turtlebot3_gazebo//models/turtlebot3_dqn_world/obstacle2
[17.053s] -- Installing: /home/hossam-omar/nav2_ws/install/turtlebot3_gazebo/share/turtlebot3_gazebo//models/turtlebot3_dqn_world/obstacle2/model.config
[17.053s] -- Installing: /home/hossam-omar/nav2_ws/install/turtlebot3_gazebo/share/turtlebot3_gazebo//models/turtlebot3_dqn_world/obstacle2/model.sdf
[17.053s] -- Installing: /home/hossam-omar/nav2_ws/install/turtlebot3_gazebo/share/turtlebot3_gazebo//models/turtlebot3_dqn_world/inner_walls
[17.054s] -- Installing: /home/hossam-omar/nav2_ws/install/turtlebot3_gazebo/share/turtlebot3_gazebo//models/turtlebot3_dqn_world/inner_walls/model.config
[17.054s] -- Installing: /home/hossam-omar/nav2_ws/install/turtlebot3_gazebo/share/turtlebot3_gazebo//models/turtlebot3_dqn_world/inner_walls/model.sdf
[17.054s] -- Installing: /home/hossam-omar/nav2_ws/install/turtlebot3_gazebo/share/turtlebot3_gazebo//models/turtlebot3_dqn_world/model.config
[17.054s] -- Installing: /home/hossam-omar/nav2_ws/install/turtlebot3_gazebo/share/turtlebot3_gazebo//models/turtlebot3_dqn_world/obstacle1
[17.054s] -- Installing: /home/hossam-omar/nav2_ws/install/turtlebot3_gazebo/share/turtlebot3_gazebo//models/turtlebot3_dqn_world/obstacle1/model.config
[17.054s] -- Installing: /home/hossam-omar/nav2_ws/install/turtlebot3_gazebo/share/turtlebot3_gazebo//models/turtlebot3_dqn_world/obstacle1/model.sdf
[17.055s] -- Installing: /home/hossam-omar/nav2_ws/install/turtlebot3_gazebo/share/turtlebot3_gazebo//models/turtlebot3_dqn_world/model.sdf
[17.055s] -- Installing: /home/hossam-omar/nav2_ws/install/turtlebot3_gazebo/share/turtlebot3_gazebo//models/turtlebot3_dqn_world/goal_box
[17.055s] -- Installing: /home/hossam-omar/nav2_ws/install/turtlebot3_gazebo/share/turtlebot3_gazebo//models/turtlebot3_dqn_world/goal_box/model.config
[17.055s] -- Installing: /home/hossam-omar/nav2_ws/install/turtlebot3_gazebo/share/turtlebot3_gazebo//models/turtlebot3_dqn_world/goal_box/model.sdf
[17.055s] -- Installing: /home/hossam-omar/nav2_ws/install/turtlebot3_gazebo/share/turtlebot3_gazebo//models/turtlebot3_burger_cam
[17.055s] -- Installing: /home/hossam-omar/nav2_ws/install/turtlebot3_gazebo/share/turtlebot3_gazebo//models/turtlebot3_burger_cam/model-1_4.sdf
[17.055s] -- Installing: /home/hossam-omar/nav2_ws/install/turtlebot3_gazebo/share/turtlebot3_gazebo//models/turtlebot3_burger_cam/model.config
[17.056s] -- Installing: /home/hossam-omar/nav2_ws/install/turtlebot3_gazebo/share/turtlebot3_gazebo//models/turtlebot3_burger_cam/model.sdf
[17.056s] -- Installing: /home/hossam-omar/nav2_ws/install/turtlebot3_gazebo/share/turtlebot3_gazebo//models/turtlebot3_common
[17.056s] -- Installing: /home/hossam-omar/nav2_ws/install/turtlebot3_gazebo/share/turtlebot3_gazebo//models/turtlebot3_common/meshes
[17.056s] -- Installing: /home/hossam-omar/nav2_ws/install/turtlebot3_gazebo/share/turtlebot3_gazebo//models/turtlebot3_common/meshes/waffle_pi_base.dae
[17.056s] -- Installing: /home/hossam-omar/nav2_ws/install/turtlebot3_gazebo/share/turtlebot3_gazebo//models/turtlebot3_common/meshes/sensors
[17.056s] -- Installing: /home/hossam-omar/nav2_ws/install/turtlebot3_gazebo/share/turtlebot3_gazebo//models/turtlebot3_common/meshes/sensors/r200.jpg
[17.056s] -- Installing: /home/hossam-omar/nav2_ws/install/turtlebot3_gazebo/share/turtlebot3_gazebo//models/turtlebot3_common/meshes/sensors/lds.stl
[17.058s] -- Installing: /home/hossam-omar/nav2_ws/install/turtlebot3_gazebo/share/turtlebot3_gazebo//models/turtlebot3_common/meshes/sensors/astra.dae
[17.073s] -- Installing: /home/hossam-omar/nav2_ws/install/turtlebot3_gazebo/share/turtlebot3_gazebo//models/turtlebot3_common/meshes/sensors/r200.dae
[17.073s] -- Installing: /home/hossam-omar/nav2_ws/install/turtlebot3_gazebo/share/turtlebot3_gazebo//models/turtlebot3_common/meshes/sensors/astra.jpg
[17.073s] -- Installing: /home/hossam-omar/nav2_ws/install/turtlebot3_gazebo/share/turtlebot3_gazebo//models/turtlebot3_common/meshes/wheels
[17.073s] -- Installing: /home/hossam-omar/nav2_ws/install/turtlebot3_gazebo/share/turtlebot3_gazebo//models/turtlebot3_common/meshes/wheels/right_tire.stl
[17.075s] -- Installing: /home/hossam-omar/nav2_ws/install/turtlebot3_gazebo/share/turtlebot3_gazebo//models/turtlebot3_common/meshes/wheels/left_tire.stl
[17.077s] -- Installing: /home/hossam-omar/nav2_ws/install/turtlebot3_gazebo/share/turtlebot3_gazebo//models/turtlebot3_common/meshes/waffle_base.dae
[17.077s] -- Installing: /home/hossam-omar/nav2_ws/install/turtlebot3_gazebo/share/turtlebot3_gazebo//models/turtlebot3_common/meshes/r200.dae
[17.078s] -- Installing: /home/hossam-omar/nav2_ws/install/turtlebot3_gazebo/share/turtlebot3_gazebo//models/turtlebot3_common/meshes/bases
[17.078s] -- Installing: /home/hossam-omar/nav2_ws/install/turtlebot3_gazebo/share/turtlebot3_gazebo//models/turtlebot3_common/meshes/bases/waffle_base.stl
[17.101s] -- Installing: /home/hossam-omar/nav2_ws/install/turtlebot3_gazebo/share/turtlebot3_gazebo//models/turtlebot3_common/meshes/bases/waffle_pi_base.stl
[17.112s] -- Installing: /home/hossam-omar/nav2_ws/install/turtlebot3_gazebo/share/turtlebot3_gazebo//models/turtlebot3_common/meshes/bases/burger_base.stl
[17.119s] -- Installing: /home/hossam-omar/nav2_ws/install/turtlebot3_gazebo/share/turtlebot3_gazebo//models/turtlebot3_common/meshes/tire.dae
[17.119s] -- Installing: /home/hossam-omar/nav2_ws/install/turtlebot3_gazebo/share/turtlebot3_gazebo//models/turtlebot3_common/meshes/lds.dae
[17.119s] -- Installing: /home/hossam-omar/nav2_ws/install/turtlebot3_gazebo/share/turtlebot3_gazebo//models/turtlebot3_common/meshes/burger_base.dae
[17.120s] -- Installing: /home/hossam-omar/nav2_ws/install/turtlebot3_gazebo/share/turtlebot3_gazebo//models/turtlebot3_common/model.config
[17.120s] -- Installing: /home/hossam-omar/nav2_ws/install/turtlebot3_gazebo/share/turtlebot3_gazebo//models/turtlebot3_house
[17.120s] -- Installing: /home/hossam-omar/nav2_ws/install/turtlebot3_gazebo/share/turtlebot3_gazebo//models/turtlebot3_house/model.config
[17.120s] -- Installing: /home/hossam-omar/nav2_ws/install/turtlebot3_gazebo/share/turtlebot3_gazebo//models/turtlebot3_house/model.sdf
[17.120s] -- Installing: /home/hossam-omar/nav2_ws/install/turtlebot3_gazebo/share/turtlebot3_gazebo//models/turtlebot3_waffle
[17.121s] -- Installing: /home/hossam-omar/nav2_ws/install/turtlebot3_gazebo/share/turtlebot3_gazebo//models/turtlebot3_waffle/model-1_4.sdf
[17.121s] -- Installing: /home/hossam-omar/nav2_ws/install/turtlebot3_gazebo/share/turtlebot3_gazebo//models/turtlebot3_waffle/model.config
[17.121s] -- Installing: /home/hossam-omar/nav2_ws/install/turtlebot3_gazebo/share/turtlebot3_gazebo//models/turtlebot3_waffle/model.sdf
[17.121s] -- Installing: /home/hossam-omar/nav2_ws/install/turtlebot3_gazebo/share/turtlebot3_gazebo//models/turtlebot3_autorace_2020
[17.121s] -- Installing: /home/hossam-omar/nav2_ws/install/turtlebot3_gazebo/share/turtlebot3_gazebo//models/turtlebot3_autorace_2020/traffic_pl_left
[17.121s] -- Installing: /home/hossam-omar/nav2_ws/install/turtlebot3_gazebo/share/turtlebot3_gazebo//models/turtlebot3_autorace_2020/traffic_pl_left/model.config
[17.121s] -- Installing: /home/hossam-omar/nav2_ws/install/turtlebot3_gazebo/share/turtlebot3_gazebo//models/turtlebot3_autorace_2020/traffic_pl_left/model.sdf
[17.122s] -- Installing: /home/hossam-omar/nav2_ws/install/turtlebot3_gazebo/share/turtlebot3_gazebo//models/turtlebot3_autorace_2020/traffic_pl_left/materials
[17.122s] -- Installing: /home/hossam-omar/nav2_ws/install/turtlebot3_gazebo/share/turtlebot3_gazebo//models/turtlebot3_autorace_2020/traffic_pl_left/materials/textures
[17.122s] -- Installing: /home/hossam-omar/nav2_ws/install/turtlebot3_gazebo/share/turtlebot3_gazebo//models/turtlebot3_autorace_2020/traffic_pl_left/materials/textures/traffic_pl_left.png
[17.122s] -- Installing: /home/hossam-omar/nav2_ws/install/turtlebot3_gazebo/share/turtlebot3_gazebo//models/turtlebot3_autorace_2020/traffic_pl_left/materials/scripts
[17.122s] -- Installing: /home/hossam-omar/nav2_ws/install/turtlebot3_gazebo/share/turtlebot3_gazebo//models/turtlebot3_autorace_2020/traffic_pl_left/materials/scripts/traffic_pl_left.material
[17.122s] -- Installing: /home/hossam-omar/nav2_ws/install/turtlebot3_gazebo/share/turtlebot3_gazebo//models/turtlebot3_autorace_2020/traffic_bar
[17.122s] -- Installing: /home/hossam-omar/nav2_ws/install/turtlebot3_gazebo/share/turtlebot3_gazebo//models/turtlebot3_autorace_2020/traffic_bar/model.config
[17.123s] -- Installing: /home/hossam-omar/nav2_ws/install/turtlebot3_gazebo/share/turtlebot3_gazebo//models/turtlebot3_autorace_2020/traffic_bar/model.sdf
[17.123s] -- Installing: /home/hossam-omar/nav2_ws/install/turtlebot3_gazebo/share/turtlebot3_gazebo//models/turtlebot3_autorace_2020/traffic_bar/materials
[17.123s] -- Installing: /home/hossam-omar/nav2_ws/install/turtlebot3_gazebo/share/turtlebot3_gazebo//models/turtlebot3_autorace_2020/traffic_bar/materials/textures
[17.123s] -- Installing: /home/hossam-omar/nav2_ws/install/turtlebot3_gazebo/share/turtlebot3_gazebo//models/turtlebot3_autorace_2020/traffic_bar/materials/textures/traffic_bar.png
[17.123s] -- Installing: /home/hossam-omar/nav2_ws/install/turtlebot3_gazebo/share/turtlebot3_gazebo//models/turtlebot3_autorace_2020/traffic_bar/materials/scripts
[17.123s] -- Installing: /home/hossam-omar/nav2_ws/install/turtlebot3_gazebo/share/turtlebot3_gazebo//models/turtlebot3_autorace_2020/traffic_bar/materials/scripts/traffic_bar.material
[17.123s] -- Installing: /home/hossam-omar/nav2_ws/install/turtlebot3_gazebo/share/turtlebot3_gazebo//models/turtlebot3_autorace_2020/traffic_stop
[17.123s] -- Installing: /home/hossam-omar/nav2_ws/install/turtlebot3_gazebo/share/turtlebot3_gazebo//models/turtlebot3_autorace_2020/traffic_stop/model.config
[17.124s] -- Installing: /home/hossam-omar/nav2_ws/install/turtlebot3_gazebo/share/turtlebot3_gazebo//models/turtlebot3_autorace_2020/traffic_stop/model.sdf
[17.124s] -- Installing: /home/hossam-omar/nav2_ws/install/turtlebot3_gazebo/share/turtlebot3_gazebo//models/turtlebot3_autorace_2020/traffic_stop/materials
[17.124s] -- Installing: /home/hossam-omar/nav2_ws/install/turtlebot3_gazebo/share/turtlebot3_gazebo//models/turtlebot3_autorace_2020/traffic_stop/materials/textures
[17.124s] -- Installing: /home/hossam-omar/nav2_ws/install/turtlebot3_gazebo/share/turtlebot3_gazebo//models/turtlebot3_autorace_2020/traffic_stop/materials/textures/traffic_stop.png
[17.124s] -- Installing: /home/hossam-omar/nav2_ws/install/turtlebot3_gazebo/share/turtlebot3_gazebo//models/turtlebot3_autorace_2020/traffic_stop/materials/scripts
[17.124s] -- Installing: /home/hossam-omar/nav2_ws/install/turtlebot3_gazebo/share/turtlebot3_gazebo//models/turtlebot3_autorace_2020/traffic_stop/materials/scripts/traffic_stop.material
[17.125s] -- Installing: /home/hossam-omar/nav2_ws/install/turtlebot3_gazebo/share/turtlebot3_gazebo//models/turtlebot3_autorace_2020/traffic_noentry
[17.125s] -- Installing: /home/hossam-omar/nav2_ws/install/turtlebot3_gazebo/share/turtlebot3_gazebo//models/turtlebot3_autorace_2020/traffic_noentry/model.config
[17.125s] -- Installing: /home/hossam-omar/nav2_ws/install/turtlebot3_gazebo/share/turtlebot3_gazebo//models/turtlebot3_autorace_2020/traffic_noentry/model.sdf
[17.125s] -- Installing: /home/hossam-omar/nav2_ws/install/turtlebot3_gazebo/share/turtlebot3_gazebo//models/turtlebot3_autorace_2020/traffic_noentry/materials
[17.125s] -- Installing: /home/hossam-omar/nav2_ws/install/turtlebot3_gazebo/share/turtlebot3_gazebo//models/turtlebot3_autorace_2020/traffic_noentry/materials/textures
[17.125s] -- Installing: /home/hossam-omar/nav2_ws/install/turtlebot3_gazebo/share/turtlebot3_gazebo//models/turtlebot3_autorace_2020/traffic_noentry/materials/textures/traffic_noentry.png
[17.125s] -- Installing: /home/hossam-omar/nav2_ws/install/turtlebot3_gazebo/share/turtlebot3_gazebo//models/turtlebot3_autorace_2020/traffic_noentry/materials/scripts
[17.126s] -- Installing: /home/hossam-omar/nav2_ws/install/turtlebot3_gazebo/share/turtlebot3_gazebo//models/turtlebot3_autorace_2020/traffic_noentry/materials/scripts/traffic_noentry.material
[17.126s] -- Installing: /home/hossam-omar/nav2_ws/install/turtlebot3_gazebo/share/turtlebot3_gazebo//models/turtlebot3_autorace_2020/traffic_right
[17.126s] -- Installing: /home/hossam-omar/nav2_ws/install/turtlebot3_gazebo/share/turtlebot3_gazebo//models/turtlebot3_autorace_2020/traffic_right/model.config
[17.126s] -- Installing: /home/hossam-omar/nav2_ws/install/turtlebot3_gazebo/share/turtlebot3_gazebo//models/turtlebot3_autorace_2020/traffic_right/model.sdf
[17.126s] -- Installing: /home/hossam-omar/nav2_ws/install/turtlebot3_gazebo/share/turtlebot3_gazebo//models/turtlebot3_autorace_2020/traffic_right/materials
[17.126s] -- Installing: /home/hossam-omar/nav2_ws/install/turtlebot3_gazebo/share/turtlebot3_gazebo//models/turtlebot3_autorace_2020/traffic_right/materials/textures
[17.126s] -- Installing: /home/hossam-omar/nav2_ws/install/turtlebot3_gazebo/share/turtlebot3_gazebo//models/turtlebot3_autorace_2020/traffic_right/materials/textures/traffic_right.png
[17.127s] -- Installing: /home/hossam-omar/nav2_ws/install/turtlebot3_gazebo/share/turtlebot3_gazebo//models/turtlebot3_autorace_2020/traffic_right/materials/scripts
[17.127s] -- Installing: /home/hossam-omar/nav2_ws/install/turtlebot3_gazebo/share/turtlebot3_gazebo//models/turtlebot3_autorace_2020/traffic_right/materials/scripts/traffic_right.material
[17.127s] -- Installing: /home/hossam-omar/nav2_ws/install/turtlebot3_gazebo/share/turtlebot3_gazebo//models/turtlebot3_autorace_2020/traffic_parking
[17.127s] -- Installing: /home/hossam-omar/nav2_ws/install/turtlebot3_gazebo/share/turtlebot3_gazebo//models/turtlebot3_autorace_2020/traffic_parking/model.config
[17.127s] -- Installing: /home/hossam-omar/nav2_ws/install/turtlebot3_gazebo/share/turtlebot3_gazebo//models/turtlebot3_autorace_2020/traffic_parking/model.sdf
[17.127s] -- Installing: /home/hossam-omar/nav2_ws/install/turtlebot3_gazebo/share/turtlebot3_gazebo//models/turtlebot3_autorace_2020/traffic_parking/materials
[17.127s] -- Installing: /home/hossam-omar/nav2_ws/install/turtlebot3_gazebo/share/turtlebot3_gazebo//models/turtlebot3_autorace_2020/traffic_parking/materials/textures
[17.127s] -- Installing: /home/hossam-omar/nav2_ws/install/turtlebot3_gazebo/share/turtlebot3_gazebo//models/turtlebot3_autorace_2020/traffic_parking/materials/textures/traffic_parking.png
[17.128s] -- Installing: /home/hossam-omar/nav2_ws/install/turtlebot3_gazebo/share/turtlebot3_gazebo//models/turtlebot3_autorace_2020/traffic_parking/materials/scripts
[17.128s] -- Installing: /home/hossam-omar/nav2_ws/install/turtlebot3_gazebo/share/turtlebot3_gazebo//models/turtlebot3_autorace_2020/traffic_parking/materials/scripts/traffic_parking.material
[17.128s] -- Installing: /home/hossam-omar/nav2_ws/install/turtlebot3_gazebo/share/turtlebot3_gazebo//models/turtlebot3_autorace_2020/traffic_construction
[17.128s] -- Installing: /home/hossam-omar/nav2_ws/install/turtlebot3_gazebo/share/turtlebot3_gazebo//models/turtlebot3_autorace_2020/traffic_construction/model.config
[17.128s] -- Installing: /home/hossam-omar/nav2_ws/install/turtlebot3_gazebo/share/turtlebot3_gazebo//models/turtlebot3_autorace_2020/traffic_construction/model.sdf
[17.128s] -- Installing: /home/hossam-omar/nav2_ws/install/turtlebot3_gazebo/share/turtlebot3_gazebo//models/turtlebot3_autorace_2020/traffic_construction/materials
[17.128s] -- Installing: /home/hossam-omar/nav2_ws/install/turtlebot3_gazebo/share/turtlebot3_gazebo//models/turtlebot3_autorace_2020/traffic_construction/materials/textures
[17.128s] -- Installing: /home/hossam-omar/nav2_ws/install/turtlebot3_gazebo/share/turtlebot3_gazebo//models/turtlebot3_autorace_2020/traffic_construction/materials/textures/traffic_construction.png
[17.129s] -- Installing: /home/hossam-omar/nav2_ws/install/turtlebot3_gazebo/share/turtlebot3_gazebo//models/turtlebot3_autorace_2020/traffic_construction/materials/scripts
[17.129s] -- Installing: /home/hossam-omar/nav2_ws/install/turtlebot3_gazebo/share/turtlebot3_gazebo//models/turtlebot3_autorace_2020/traffic_construction/materials/scripts/traffic_construction.material
[17.129s] -- Installing: /home/hossam-omar/nav2_ws/install/turtlebot3_gazebo/share/turtlebot3_gazebo//models/turtlebot3_autorace_2020/checker
[17.129s] -- Installing: /home/hossam-omar/nav2_ws/install/turtlebot3_gazebo/share/turtlebot3_gazebo//models/turtlebot3_autorace_2020/checker/model.config
[17.129s] -- Installing: /home/hossam-omar/nav2_ws/install/turtlebot3_gazebo/share/turtlebot3_gazebo//models/turtlebot3_autorace_2020/checker/model.sdf
[17.130s] -- Installing: /home/hossam-omar/nav2_ws/install/turtlebot3_gazebo/share/turtlebot3_gazebo//models/turtlebot3_autorace_2020/checker/materials
[17.130s] -- Installing: /home/hossam-omar/nav2_ws/install/turtlebot3_gazebo/share/turtlebot3_gazebo//models/turtlebot3_autorace_2020/checker/materials/textures
[17.130s] -- Installing: /home/hossam-omar/nav2_ws/install/turtlebot3_gazebo/share/turtlebot3_gazebo//models/turtlebot3_autorace_2020/checker/materials/textures/checker.png
[17.130s] -- Installing: /home/hossam-omar/nav2_ws/install/turtlebot3_gazebo/share/turtlebot3_gazebo//models/turtlebot3_autorace_2020/checker/materials/scripts
[17.130s] -- Installing: /home/hossam-omar/nav2_ws/install/turtlebot3_gazebo/share/turtlebot3_gazebo//models/turtlebot3_autorace_2020/checker/materials/scripts/checker.material
[17.130s] -- Installing: /home/hossam-omar/nav2_ws/install/turtlebot3_gazebo/share/turtlebot3_gazebo//models/turtlebot3_autorace_2020/checker/materials/checker.png
[17.130s] -- Installing: /home/hossam-omar/nav2_ws/install/turtlebot3_gazebo/share/turtlebot3_gazebo//models/turtlebot3_autorace_2020/traffic_left
[17.130s] -- Installing: /home/hossam-omar/nav2_ws/install/turtlebot3_gazebo/share/turtlebot3_gazebo//models/turtlebot3_autorace_2020/traffic_left/model.config
[17.130s] -- Installing: /home/hossam-omar/nav2_ws/install/turtlebot3_gazebo/share/turtlebot3_gazebo//models/turtlebot3_autorace_2020/traffic_left/model.sdf
[17.131s] -- Installing: /home/hossam-omar/nav2_ws/install/turtlebot3_gazebo/share/turtlebot3_gazebo//models/turtlebot3_autorace_2020/traffic_left/materials
[17.131s] -- Installing: /home/hossam-omar/nav2_ws/install/turtlebot3_gazebo/share/turtlebot3_gazebo//models/turtlebot3_autorace_2020/traffic_left/materials/textures
[17.131s] -- Installing: /home/hossam-omar/nav2_ws/install/turtlebot3_gazebo/share/turtlebot3_gazebo//models/turtlebot3_autorace_2020/traffic_left/materials/textures/traffic_left.png
[17.131s] -- Installing: /home/hossam-omar/nav2_ws/install/turtlebot3_gazebo/share/turtlebot3_gazebo//models/turtlebot3_autorace_2020/traffic_left/materials/scripts
[17.131s] -- Installing: /home/hossam-omar/nav2_ws/install/turtlebot3_gazebo/share/turtlebot3_gazebo//models/turtlebot3_autorace_2020/traffic_left/materials/scripts/traffic_is_left.material
[17.131s] -- Installing: /home/hossam-omar/nav2_ws/install/turtlebot3_gazebo/share/turtlebot3_gazebo//models/turtlebot3_autorace_2020/traffic_intersection
[17.131s] -- Installing: /home/hossam-omar/nav2_ws/install/turtlebot3_gazebo/share/turtlebot3_gazebo//models/turtlebot3_autorace_2020/traffic_intersection/model.config
[17.132s] -- Installing: /home/hossam-omar/nav2_ws/install/turtlebot3_gazebo/share/turtlebot3_gazebo//models/turtlebot3_autorace_2020/traffic_intersection/model.sdf
[17.132s] -- Installing: /home/hossam-omar/nav2_ws/install/turtlebot3_gazebo/share/turtlebot3_gazebo//models/turtlebot3_autorace_2020/traffic_intersection/materials
[17.132s] -- Installing: /home/hossam-omar/nav2_ws/install/turtlebot3_gazebo/share/turtlebot3_gazebo//models/turtlebot3_autorace_2020/traffic_intersection/materials/textures
[17.132s] -- Installing: /home/hossam-omar/nav2_ws/install/turtlebot3_gazebo/share/turtlebot3_gazebo//models/turtlebot3_autorace_2020/traffic_intersection/materials/textures/traffic_intersection.png
[17.132s] -- Installing: /home/hossam-omar/nav2_ws/install/turtlebot3_gazebo/share/turtlebot3_gazebo//models/turtlebot3_autorace_2020/traffic_intersection/materials/scripts
[17.132s] -- Installing: /home/hossam-omar/nav2_ws/install/turtlebot3_gazebo/share/turtlebot3_gazebo//models/turtlebot3_autorace_2020/traffic_intersection/materials/scripts/traffic_intersection.material
[17.133s] -- Installing: /home/hossam-omar/nav2_ws/install/turtlebot3_gazebo/share/turtlebot3_gazebo//models/turtlebot3_autorace_2020/traffic_tunnel
[17.133s] -- Installing: /home/hossam-omar/nav2_ws/install/turtlebot3_gazebo/share/turtlebot3_gazebo//models/turtlebot3_autorace_2020/traffic_tunnel/model.config
[17.133s] -- Installing: /home/hossam-omar/nav2_ws/install/turtlebot3_gazebo/share/turtlebot3_gazebo//models/turtlebot3_autorace_2020/traffic_tunnel/model.sdf
[17.133s] -- Installing: /home/hossam-omar/nav2_ws/install/turtlebot3_gazebo/share/turtlebot3_gazebo//models/turtlebot3_autorace_2020/traffic_tunnel/materials
[17.133s] -- Installing: /home/hossam-omar/nav2_ws/install/turtlebot3_gazebo/share/turtlebot3_gazebo//models/turtlebot3_autorace_2020/traffic_tunnel/materials/textures
[17.133s] -- Installing: /home/hossam-omar/nav2_ws/install/turtlebot3_gazebo/share/turtlebot3_gazebo//models/turtlebot3_autorace_2020/traffic_tunnel/materials/textures/tunnel.png
[17.134s] -- Installing: /home/hossam-omar/nav2_ws/install/turtlebot3_gazebo/share/turtlebot3_gazebo//models/turtlebot3_autorace_2020/traffic_tunnel/materials/scripts
[17.134s] -- Installing: /home/hossam-omar/nav2_ws/install/turtlebot3_gazebo/share/turtlebot3_gazebo//models/turtlebot3_autorace_2020/traffic_tunnel/materials/scripts/tunnel.material
[17.134s] -- Installing: /home/hossam-omar/nav2_ws/install/turtlebot3_gazebo/share/turtlebot3_gazebo//models/turtlebot3_autorace_2020/course
[17.134s] -- Installing: /home/hossam-omar/nav2_ws/install/turtlebot3_gazebo/share/turtlebot3_gazebo//models/turtlebot3_autorace_2020/course/model.config
[17.134s] -- Installing: /home/hossam-omar/nav2_ws/install/turtlebot3_gazebo/share/turtlebot3_gazebo//models/turtlebot3_autorace_2020/course/model.sdf
[17.134s] -- Installing: /home/hossam-omar/nav2_ws/install/turtlebot3_gazebo/share/turtlebot3_gazebo//models/turtlebot3_autorace_2020/course/materials
[17.134s] -- Installing: /home/hossam-omar/nav2_ws/install/turtlebot3_gazebo/share/turtlebot3_gazebo//models/turtlebot3_autorace_2020/course/materials/textures
[17.134s] -- Installing: /home/hossam-omar/nav2_ws/install/turtlebot3_gazebo/share/turtlebot3_gazebo//models/turtlebot3_autorace_2020/course/materials/textures/course.png
[17.135s] -- Installing: /home/hossam-omar/nav2_ws/install/turtlebot3_gazebo/share/turtlebot3_gazebo//models/turtlebot3_autorace_2020/course/materials/scripts
[17.135s] -- Installing: /home/hossam-omar/nav2_ws/install/turtlebot3_gazebo/share/turtlebot3_gazebo//models/turtlebot3_autorace_2020/course/materials/scripts/course.material
[17.135s] -- Installing: /home/hossam-omar/nav2_ws/install/turtlebot3_gazebo/share/turtlebot3_gazebo//models/turtlebot3_autorace_2020/traffic_light
[17.135s] -- Installing: /home/hossam-omar/nav2_ws/install/turtlebot3_gazebo/share/turtlebot3_gazebo//models/turtlebot3_autorace_2020/traffic_light/model.config
[17.135s] -- Installing: /home/hossam-omar/nav2_ws/install/turtlebot3_gazebo/share/turtlebot3_gazebo//models/turtlebot3_autorace_2020/traffic_light/model.sdf
[17.135s] -- Installing: /home/hossam-omar/nav2_ws/install/turtlebot3_gazebo/share/turtlebot3_gazebo//models/turtlebot3_autorace_2020/traffic_light/materials
[17.135s] -- Installing: /home/hossam-omar/nav2_ws/install/turtlebot3_gazebo/share/turtlebot3_gazebo//models/turtlebot3_autorace_2020/traffic_light/materials/textures
[17.135s] -- Installing: /home/hossam-omar/nav2_ws/install/turtlebot3_gazebo/share/turtlebot3_gazebo//models/turtlebot3_autorace_2020/traffic_light/materials/textures/traffic_light.png
[17.136s] -- Installing: /home/hossam-omar/nav2_ws/install/turtlebot3_gazebo/share/turtlebot3_gazebo//models/turtlebot3_autorace_2020/traffic_light/materials/textures/traffic_light_red.png
[17.136s] -- Installing: /home/hossam-omar/nav2_ws/install/turtlebot3_gazebo/share/turtlebot3_gazebo//models/turtlebot3_autorace_2020/traffic_light/materials/textures/traffic_light_yellow.png
[17.136s] -- Installing: /home/hossam-omar/nav2_ws/install/turtlebot3_gazebo/share/turtlebot3_gazebo//models/turtlebot3_autorace_2020/traffic_light/materials/textures/traffic_light_green.png
[17.136s] -- Installing: /home/hossam-omar/nav2_ws/install/turtlebot3_gazebo/share/turtlebot3_gazebo//models/turtlebot3_autorace_2020/traffic_light/materials/scripts
[17.136s] -- Installing: /home/hossam-omar/nav2_ws/install/turtlebot3_gazebo/share/turtlebot3_gazebo//models/turtlebot3_autorace_2020/traffic_light/materials/scripts/traffic_light.material
[17.136s] -- Installing: /home/hossam-omar/nav2_ws/install/turtlebot3_gazebo/share/turtlebot3_gazebo//rviz
[17.137s] -- Installing: /home/hossam-omar/nav2_ws/install/turtlebot3_gazebo/share/turtlebot3_gazebo//rviz/tb3_gazebo.rviz
[17.137s] -- Installing: /home/hossam-omar/nav2_ws/install/turtlebot3_gazebo/share/turtlebot3_gazebo//urdf
[17.137s] -- Installing: /home/hossam-omar/nav2_ws/install/turtlebot3_gazebo/share/turtlebot3_gazebo//urdf/turtlebot3_waffle.urdf
[17.137s] -- Installing: /home/hossam-omar/nav2_ws/install/turtlebot3_gazebo/share/turtlebot3_gazebo//urdf/common_properties.urdf
[17.137s] -- Installing: /home/hossam-omar/nav2_ws/install/turtlebot3_gazebo/share/turtlebot3_gazebo//urdf/turtlebot3_burger.urdf
[17.137s] -- Installing: /home/hossam-omar/nav2_ws/install/turtlebot3_gazebo/share/turtlebot3_gazebo//urdf/turtlebot3_waffle_pi.urdf
[17.137s] -- Installing: /home/hossam-omar/nav2_ws/install/turtlebot3_gazebo/share/turtlebot3_gazebo//urdf/turtlebot3_burger_cam.urdf
[17.138s] -- Installing: /home/hossam-omar/nav2_ws/install/turtlebot3_gazebo/share/turtlebot3_gazebo//worlds
[17.138s] -- Installing: /home/hossam-omar/nav2_ws/install/turtlebot3_gazebo/share/turtlebot3_gazebo//worlds/turtlebot3_house.world
[17.138s] -- Installing: /home/hossam-omar/nav2_ws/install/turtlebot3_gazebo/share/turtlebot3_gazebo//worlds/turtlebot3_dqn_stage1.world
[17.138s] -- Installing: /home/hossam-omar/nav2_ws/install/turtlebot3_gazebo/share/turtlebot3_gazebo//worlds/turtlebot3_autorace_2020.world
[17.138s] -- Installing: /home/hossam-omar/nav2_ws/install/turtlebot3_gazebo/share/turtlebot3_gazebo//worlds/turtlebot3_dqn_stage2.world
[17.139s] -- Installing: /home/hossam-omar/nav2_ws/install/turtlebot3_gazebo/share/turtlebot3_gazebo//worlds/turtlebot3_world.world
[17.139s] -- Installing: /home/hossam-omar/nav2_ws/install/turtlebot3_gazebo/share/turtlebot3_gazebo//worlds/turtlebot3_dqn_stage4.world
[17.139s] -- Installing: /home/hossam-omar/nav2_ws/install/turtlebot3_gazebo/share/turtlebot3_gazebo//worlds/empty_world.world
[17.139s] -- Installing: /home/hossam-omar/nav2_ws/install/turtlebot3_gazebo/share/turtlebot3_gazebo//worlds/turtlebot3_dqn_stage3.world
[17.139s] -- Installing: /home/hossam-omar/nav2_ws/install/turtlebot3_gazebo/include/
[17.139s] -- Installing: /home/hossam-omar/nav2_ws/install/turtlebot3_gazebo/include//turtlebot3_gazebo
[17.139s] -- Installing: /home/hossam-omar/nav2_ws/install/turtlebot3_gazebo/include//turtlebot3_gazebo/obstacles.hpp
[17.140s] -- Installing: /home/hossam-omar/nav2_ws/install/turtlebot3_gazebo/include//turtlebot3_gazebo/obstacle2.hpp
[17.140s] -- Installing: /home/hossam-omar/nav2_ws/install/turtlebot3_gazebo/include//turtlebot3_gazebo/traffic_bar_plugin.hpp
[17.140s] -- Installing: /home/hossam-omar/nav2_ws/install/turtlebot3_gazebo/include//turtlebot3_gazebo/traffic_light_plugin.hpp
[17.140s] -- Installing: /home/hossam-omar/nav2_ws/install/turtlebot3_gazebo/include//turtlebot3_gazebo/turtlebot3_drive.hpp
[17.140s] -- Installing: /home/hossam-omar/nav2_ws/install/turtlebot3_gazebo/include//turtlebot3_gazebo/obstacle1.hpp
[17.141s] -- Installing: /home/hossam-omar/nav2_ws/install/turtlebot3_gazebo/share/ament_index/resource_index/package_run_dependencies/turtlebot3_gazebo
[17.141s] -- Installing: /home/hossam-omar/nav2_ws/install/turtlebot3_gazebo/share/ament_index/resource_index/parent_prefix_path/turtlebot3_gazebo
[17.141s] -- Installing: /home/hossam-omar/nav2_ws/install/turtlebot3_gazebo/share/turtlebot3_gazebo/environment/ament_prefix_path.sh
[17.141s] -- Installing: /home/hossam-omar/nav2_ws/install/turtlebot3_gazebo/share/turtlebot3_gazebo/environment/ament_prefix_path.dsv
[17.141s] -- Installing: /home/hossam-omar/nav2_ws/install/turtlebot3_gazebo/share/turtlebot3_gazebo/environment/path.sh
[17.141s] -- Installing: /home/hossam-omar/nav2_ws/install/turtlebot3_gazebo/share/turtlebot3_gazebo/environment/path.dsv
[17.142s] -- Installing: /home/hossam-omar/nav2_ws/install/turtlebot3_gazebo/share/turtlebot3_gazebo/local_setup.bash
[17.142s] -- Installing: /home/hossam-omar/nav2_ws/install/turtlebot3_gazebo/share/turtlebot3_gazebo/local_setup.sh
[17.142s] -- Installing: /home/hossam-omar/nav2_ws/install/turtlebot3_gazebo/share/turtlebot3_gazebo/local_setup.zsh
[17.142s] -- Installing: /home/hossam-omar/nav2_ws/install/turtlebot3_gazebo/share/turtlebot3_gazebo/local_setup.dsv
[17.142s] -- Installing: /home/hossam-omar/nav2_ws/install/turtlebot3_gazebo/share/turtlebot3_gazebo/package.dsv
[17.142s] -- Installing: /home/hossam-omar/nav2_ws/install/turtlebot3_gazebo/share/ament_index/resource_index/packages/turtlebot3_gazebo
[17.142s] -- Installing: /home/hossam-omar/nav2_ws/install/turtlebot3_gazebo/share/turtlebot3_gazebo/cmake/ament_cmake_export_include_directories-extras.cmake
[17.142s] -- Installing: /home/hossam-omar/nav2_ws/install/turtlebot3_gazebo/share/turtlebot3_gazebo/cmake/ament_cmake_export_dependencies-extras.cmake
[17.143s] -- Installing: /home/hossam-omar/nav2_ws/install/turtlebot3_gazebo/share/turtlebot3_gazebo/cmake/turtlebot3_gazeboConfig.cmake
[17.143s] -- Installing: /home/hossam-omar/nav2_ws/install/turtlebot3_gazebo/share/turtlebot3_gazebo/cmake/turtlebot3_gazeboConfig-version.cmake
[17.143s] -- Installing: /home/hossam-omar/nav2_ws/install/turtlebot3_gazebo/share/turtlebot3_gazebo/package.xml
[17.145s] Invoked command in '/home/hossam-omar/nav2_ws/build/turtlebot3_gazebo' returned '0': CMAKE_PREFIX_PATH=${CMAKE_PREFIX_PATH}:/home/hossam-omar/my_ros2_ws/install/my_robot_controller:/home/hossam-omar/ros2_ws/install/rtabmap_python:/opt/ros/humble /usr/bin/cmake --install /home/hossam-omar/nav2_ws/build/turtlebot3_gazebo
