[0.018s] Invoking command in '/home/hossam-omar/nav2_ws/build/turtlebot3_fake_node': CMAKE_PREFIX_PATH=${CMAKE_PREFIX_PATH}:/home/hossam-omar/my_ros2_ws/install/my_robot_controller:/home/hossam-omar/ros2_ws/install/rtabmap_python:/opt/ros/humble /usr/bin/cmake /home/hossam-omar/nav2_ws/src/turtlebot3_fake_node -DCMAKE_INSTALL_PREFIX=/home/hossam-omar/nav2_ws/install/turtlebot3_fake_node
[0.068s] -- The C compiler identification is GNU 11.4.0
[0.118s] -- The CXX compiler identification is GNU 11.4.0
[0.125s] -- Detecting C compiler ABI info
[0.189s] -- Detecting C compiler ABI info - done
[0.195s] -- Check for working C compiler: /usr/bin/cc - skipped
[0.195s] -- Detecting C compile features
[0.196s] -- Detecting C compile features - done
[0.198s] -- Detecting CXX compiler ABI info
[0.273s] -- Detecting CXX compiler ABI info - done
[0.279s] -- Check for working CXX compiler: /usr/bin/c++ - skipped
[0.279s] -- Detecting CXX compile features
[0.279s] -- Detecting CXX compile features - done
[0.284s] -- Found ament_cmake: 1.3.12 (/opt/ros/humble/share/ament_cmake/cmake)
[0.426s] -- Found Python3: /usr/bin/python3 (found version "3.10.12") found components: Interpreter 
[0.544s] -- Found geometry_msgs: 4.9.0 (/opt/ros/humble/share/geometry_msgs/cmake)
[0.606s] -- Found rosidl_generator_c: 3.1.7 (/opt/ros/humble/share/rosidl_generator_c/cmake)
[0.616s] -- Found rosidl_adapter: 3.1.7 (/opt/ros/humble/share/rosidl_adapter/cmake)
[0.629s] -- Found rosidl_generator_cpp: 3.1.7 (/opt/ros/humble/share/rosidl_generator_cpp/cmake)
[0.645s] -- Using all available rosidl_typesupport_c: rosidl_typesupport_fastrtps_c;rosidl_typesupport_introspection_c
[0.668s] -- Using all available rosidl_typesupport_cpp: rosidl_typesupport_fastrtps_cpp;rosidl_typesupport_introspection_cpp
[0.708s] -- Found nav_msgs: 4.9.0 (/opt/ros/humble/share/nav_msgs/cmake)
[0.725s] -- Found rclcpp: 16.0.14 (/opt/ros/humble/share/rclcpp/cmake)
[0.782s] -- Found rmw_implementation_cmake: 6.1.2 (/opt/ros/humble/share/rmw_implementation_cmake/cmake)
[0.787s] -- Found rmw_cyclonedds_cpp: 1.3.4 (/opt/ros/humble/share/rmw_cyclonedds_cpp/cmake)
[0.820s] -- Using RMW implementation 'rmw_cyclonedds_cpp' as default
[0.835s] -- Looking for pthread.h
[0.901s] -- Looking for pthread.h - found
[0.901s] -- Performing Test CMAKE_HAVE_LIBC_PTHREAD
[0.969s] -- Performing Test CMAKE_HAVE_LIBC_PTHREAD - Success
[0.970s] -- Found Threads: TRUE  
[1.010s] -- Found sensor_msgs: 4.9.0 (/opt/ros/humble/share/sensor_msgs/cmake)
[1.027s] -- Found tf2: 0.25.15 (/opt/ros/humble/share/tf2/cmake)
[1.042s] -- Found tf2_msgs: 0.25.15 (/opt/ros/humble/share/tf2_msgs/cmake)
[1.084s] -- Found turtlebot3_msgs: 2.4.0 (/opt/ros/humble/share/turtlebot3_msgs/cmake)
[1.157s] -- Configuring done
[1.167s] -- Generating done
[1.171s] -- Build files have been written to: /home/hossam-omar/nav2_ws/build/turtlebot3_fake_node
[1.178s] Invoked command in '/home/hossam-omar/nav2_ws/build/turtlebot3_fake_node' returned '0': CMAKE_PREFIX_PATH=${CMAKE_PREFIX_PATH}:/home/hossam-omar/my_ros2_ws/install/my_robot_controller:/home/hossam-omar/ros2_ws/install/rtabmap_python:/opt/ros/humble /usr/bin/cmake /home/hossam-omar/nav2_ws/src/turtlebot3_fake_node -DCMAKE_INSTALL_PREFIX=/home/hossam-omar/nav2_ws/install/turtlebot3_fake_node
[1.180s] Invoking command in '/home/hossam-omar/nav2_ws/build/turtlebot3_fake_node': CMAKE_PREFIX_PATH=${CMAKE_PREFIX_PATH}:/home/hossam-omar/my_ros2_ws/install/my_robot_controller:/home/hossam-omar/ros2_ws/install/rtabmap_python:/opt/ros/humble /usr/bin/cmake --build /home/hossam-omar/nav2_ws/build/turtlebot3_fake_node -- -j12 -l12
[1.230s] [ 50%] [32mBuilding CXX object CMakeFiles/turtlebot3_fake_node.dir/src/turtlebot3_fake_node.cpp.o[0m
[11.271s] [100%] [32m[1mLinking CXX executable turtlebot3_fake_node[0m
[12.155s] [100%] Built target turtlebot3_fake_node
[12.176s] Invoked command in '/home/hossam-omar/nav2_ws/build/turtlebot3_fake_node' returned '0': CMAKE_PREFIX_PATH=${CMAKE_PREFIX_PATH}:/home/hossam-omar/my_ros2_ws/install/my_robot_controller:/home/hossam-omar/ros2_ws/install/rtabmap_python:/opt/ros/humble /usr/bin/cmake --build /home/hossam-omar/nav2_ws/build/turtlebot3_fake_node -- -j12 -l12
[12.178s] Invoking command in '/home/hossam-omar/nav2_ws/build/turtlebot3_fake_node': CMAKE_PREFIX_PATH=${CMAKE_PREFIX_PATH}:/home/hossam-omar/my_ros2_ws/install/my_robot_controller:/home/hossam-omar/ros2_ws/install/rtabmap_python:/opt/ros/humble /usr/bin/cmake --install /home/hossam-omar/nav2_ws/build/turtlebot3_fake_node
[12.192s] -- Install configuration: ""
[12.192s] -- Installing: /home/hossam-omar/nav2_ws/install/turtlebot3_fake_node/lib/turtlebot3_fake_node/turtlebot3_fake_node
[12.200s] -- Set runtime path of "/home/hossam-omar/nav2_ws/install/turtlebot3_fake_node/lib/turtlebot3_fake_node/turtlebot3_fake_node" to ""
[12.200s] -- Installing: /home/hossam-omar/nav2_ws/install/turtlebot3_fake_node/share/turtlebot3_fake_node/launch
[12.200s] -- Installing: /home/hossam-omar/nav2_ws/install/turtlebot3_fake_node/share/turtlebot3_fake_node/launch/rviz2.launch.py
[12.200s] -- Installing: /home/hossam-omar/nav2_ws/install/turtlebot3_fake_node/share/turtlebot3_fake_node/launch/turtlebot3_fake_node.launch.py
[12.201s] -- Installing: /home/hossam-omar/nav2_ws/install/turtlebot3_fake_node/share/turtlebot3_fake_node/param
[12.201s] -- Installing: /home/hossam-omar/nav2_ws/install/turtlebot3_fake_node/share/turtlebot3_fake_node/param/waffle.yaml
[12.201s] -- Installing: /home/hossam-omar/nav2_ws/install/turtlebot3_fake_node/share/turtlebot3_fake_node/param/waffle_pi.yaml
[12.201s] -- Installing: /home/hossam-omar/nav2_ws/install/turtlebot3_fake_node/share/turtlebot3_fake_node/param/burger.yaml
[12.202s] -- Installing: /home/hossam-omar/nav2_ws/install/turtlebot3_fake_node/include/
[12.202s] -- Installing: /home/hossam-omar/nav2_ws/install/turtlebot3_fake_node/include//turtlebot3_fake_node
[12.202s] -- Installing: /home/hossam-omar/nav2_ws/install/turtlebot3_fake_node/include//turtlebot3_fake_node/turtlebot3_fake_node.hpp
[12.203s] -- Installing: /home/hossam-omar/nav2_ws/install/turtlebot3_fake_node/share/ament_index/resource_index/package_run_dependencies/turtlebot3_fake_node
[12.203s] -- Installing: /home/hossam-omar/nav2_ws/install/turtlebot3_fake_node/share/ament_index/resource_index/parent_prefix_path/turtlebot3_fake_node
[12.203s] -- Installing: /home/hossam-omar/nav2_ws/install/turtlebot3_fake_node/share/turtlebot3_fake_node/environment/ament_prefix_path.sh
[12.203s] -- Installing: /home/hossam-omar/nav2_ws/install/turtlebot3_fake_node/share/turtlebot3_fake_node/environment/ament_prefix_path.dsv
[12.204s] -- Installing: /home/hossam-omar/nav2_ws/install/turtlebot3_fake_node/share/turtlebot3_fake_node/environment/path.sh
[12.204s] -- Installing: /home/hossam-omar/nav2_ws/install/turtlebot3_fake_node/share/turtlebot3_fake_node/environment/path.dsv
[12.204s] -- Installing: /home/hossam-omar/nav2_ws/install/turtlebot3_fake_node/share/turtlebot3_fake_node/local_setup.bash
[12.204s] -- Installing: /home/hossam-omar/nav2_ws/install/turtlebot3_fake_node/share/turtlebot3_fake_node/local_setup.sh
[12.204s] -- Installing: /home/hossam-omar/nav2_ws/install/turtlebot3_fake_node/share/turtlebot3_fake_node/local_setup.zsh
[12.205s] -- Installing: /home/hossam-omar/nav2_ws/install/turtlebot3_fake_node/share/turtlebot3_fake_node/local_setup.dsv
[12.205s] -- Installing: /home/hossam-omar/nav2_ws/install/turtlebot3_fake_node/share/turtlebot3_fake_node/package.dsv
[12.205s] -- Installing: /home/hossam-omar/nav2_ws/install/turtlebot3_fake_node/share/ament_index/resource_index/packages/turtlebot3_fake_node
[12.206s] -- Installing: /home/hossam-omar/nav2_ws/install/turtlebot3_fake_node/share/turtlebot3_fake_node/cmake/ament_cmake_export_include_directories-extras.cmake
[12.206s] -- Installing: /home/hossam-omar/nav2_ws/install/turtlebot3_fake_node/share/turtlebot3_fake_node/cmake/ament_cmake_export_dependencies-extras.cmake
[12.206s] -- Installing: /home/hossam-omar/nav2_ws/install/turtlebot3_fake_node/share/turtlebot3_fake_node/cmake/turtlebot3_fake_nodeConfig.cmake
[12.206s] -- Installing: /home/hossam-omar/nav2_ws/install/turtlebot3_fake_node/share/turtlebot3_fake_node/cmake/turtlebot3_fake_nodeConfig-version.cmake
[12.206s] -- Installing: /home/hossam-omar/nav2_ws/install/turtlebot3_fake_node/share/turtlebot3_fake_node/package.xml
[12.210s] Invoked command in '/home/hossam-omar/nav2_ws/build/turtlebot3_fake_node' returned '0': CMAKE_PREFIX_PATH=${CMAKE_PREFIX_PATH}:/home/hossam-omar/my_ros2_ws/install/my_robot_controller:/home/hossam-omar/ros2_ws/install/rtabmap_python:/opt/ros/humble /usr/bin/cmake --install /home/hossam-omar/nav2_ws/build/turtlebot3_fake_node
